Run Number is 0
Source Indices - Frequency: {0: 100, 1: 100, 2: 100, 3: 100, 4: 100, 5: 100, 6: 100, 7: 100, 8: 100, 9: 100}, Length: 1000
Target Indices - Frequency: {0: 100, 1: 100, 2: 100, 3: 100, 4: 100, 5: 100, 6: 100, 7: 100, 8: 100, 9: 100}, Length: 1000
Master Indices - Frequency: {0: 780, 1: 935, 2: 832, 3: 810, 4: 782, 5: 692, 6: 758, 7: 828, 8: 774, 9: 809}, Length: 8000
Intersection Check - Source & Target: set()
Intersection Check - Source & Master: set()
Intersection Check - Target & Master: set()
Epoch [1/10], Loss: 1.3942, Accuracy: 49.65%, Source: 1100, Target: 1100, Unlabeled: 7800
Epoch [2/10], Loss: 1.3862, Accuracy: 49.73%, Source: 1200, Target: 1200, Unlabeled: 7600
Epoch [3/10], Loss: 1.3868, Accuracy: 50.25%, Source: 1300, Target: 1300, Unlabeled: 7400
Epoch [4/10], Loss: 1.3857, Accuracy: 51.46%, Source: 1400, Target: 1400, Unlabeled: 7200
Epoch [5/10], Loss: 1.3857, Accuracy: 50.96%, Source: 1500, Target: 1500, Unlabeled: 7000
Epoch [6/10], Loss: 1.3848, Accuracy: 51.83%, Source: 1600, Target: 1600, Unlabeled: 6800
Epoch [7/10], Loss: 1.3855, Accuracy: 51.09%, Source: 1700, Target: 1700, Unlabeled: 6600
Epoch [8/10], Loss: 1.3865, Accuracy: 50.68%, Source: 1800, Target: 1800, Unlabeled: 6400
Epoch [9/10], Loss: 1.3849, Accuracy: 51.19%, Source: 1900, Target: 1900, Unlabeled: 6200
Epoch [10/10], Loss: 1.3863, Accuracy: 51.89%, Source: 2000, Target: 2000, Unlabeled: 6000
Model saved as models/ColoredMNIST_Test_20241126_154355.pth
Evaluation Test Accuracy: 48.73%, Source: 2000, Target: 2000, Unlabeled: 2000
===========================================================================================================
===========================================================================================================
===========================================================================================================
===========================================================================================================
Run Number is 1
Source Indices - Frequency: {0: 100, 1: 100, 2: 100, 3: 100, 4: 100, 5: 100, 6: 100, 7: 100, 8: 100, 9: 100}, Length: 1000
Target Indices - Frequency: {0: 100, 1: 100, 2: 100, 3: 100, 4: 100, 5: 100, 6: 100, 7: 100, 8: 100, 9: 100}, Length: 1000
Master Indices - Frequency: {0: 780, 1: 935, 2: 832, 3: 810, 4: 782, 5: 692, 6: 758, 7: 828, 8: 774, 9: 809}, Length: 8000
Intersection Check - Source & Target: set()
Intersection Check - Source & Master: set()
Intersection Check - Target & Master: set()
Epoch [1/10], Loss: 1.3891, Accuracy: 50.50%, Source: 1100, Target: 1100, Unlabeled: 7800
Epoch [2/10], Loss: 1.3908, Accuracy: 48.95%, Source: 1200, Target: 1200, Unlabeled: 7600
Epoch [3/10], Loss: 1.3875, Accuracy: 49.38%, Source: 1300, Target: 1300, Unlabeled: 7400
Epoch [4/10], Loss: 1.3865, Accuracy: 50.54%, Source: 1400, Target: 1400, Unlabeled: 7200
Epoch [5/10], Loss: 1.3868, Accuracy: 50.86%, Source: 1500, Target: 1500, Unlabeled: 7000
Epoch [6/10], Loss: 1.3862, Accuracy: 50.70%, Source: 1600, Target: 1600, Unlabeled: 6800
Epoch [7/10], Loss: 1.3859, Accuracy: 50.78%, Source: 1700, Target: 1700, Unlabeled: 6600
Epoch [8/10], Loss: 1.3856, Accuracy: 50.68%, Source: 1800, Target: 1800, Unlabeled: 6400
Epoch [9/10], Loss: 1.3855, Accuracy: 51.19%, Source: 1900, Target: 1900, Unlabeled: 6200
Epoch [10/10], Loss: 1.3858, Accuracy: 50.47%, Source: 2000, Target: 2000, Unlabeled: 6000
Model saved as models/ColoredMNIST_Test_20241126_154355.pth
Evaluation Test Accuracy: 49.28%, Source: 2000, Target: 2000, Unlabeled: 2000
===========================================================================================================
===========================================================================================================
===========================================================================================================
===========================================================================================================
Run Number is 2
Source Indices - Frequency: {0: 100, 1: 100, 2: 100, 3: 100, 4: 100, 5: 100, 6: 100, 7: 100, 8: 100, 9: 100}, Length: 1000
Target Indices - Frequency: {0: 100, 1: 100, 2: 100, 3: 100, 4: 100, 5: 100, 6: 100, 7: 100, 8: 100, 9: 100}, Length: 1000
Master Indices - Frequency: {0: 780, 1: 935, 2: 832, 3: 810, 4: 782, 5: 692, 6: 758, 7: 828, 8: 774, 9: 809}, Length: 8000
Intersection Check - Source & Target: set()
Intersection Check - Source & Master: set()
Intersection Check - Target & Master: set()
Epoch [1/10], Loss: 1.3900, Accuracy: 50.10%, Source: 1100, Target: 1100, Unlabeled: 7800
Epoch [2/10], Loss: 1.3874, Accuracy: 49.23%, Source: 1200, Target: 1200, Unlabeled: 7600
Epoch [3/10], Loss: 1.3866, Accuracy: 49.33%, Source: 1300, Target: 1300, Unlabeled: 7400
Epoch [4/10], Loss: 1.3859, Accuracy: 49.58%, Source: 1400, Target: 1400, Unlabeled: 7200
Epoch [5/10], Loss: 1.3858, Accuracy: 51.11%, Source: 1500, Target: 1500, Unlabeled: 7000
Epoch [6/10], Loss: 1.3869, Accuracy: 49.00%, Source: 1600, Target: 1600, Unlabeled: 6800
Epoch [7/10], Loss: 1.3869, Accuracy: 49.59%, Source: 1700, Target: 1700, Unlabeled: 6600
Epoch [8/10], Loss: 1.3860, Accuracy: 51.35%, Source: 1800, Target: 1800, Unlabeled: 6400
Epoch [9/10], Loss: 1.3866, Accuracy: 49.97%, Source: 1900, Target: 1900, Unlabeled: 6200
Epoch [10/10], Loss: 1.3864, Accuracy: 49.92%, Source: 2000, Target: 2000, Unlabeled: 6000
Model saved as models/ColoredMNIST_Test_20241126_154355.pth
Evaluation Test Accuracy: 49.93%, Source: 2000, Target: 2000, Unlabeled: 2000
===========================================================================================================
===========================================================================================================
===========================================================================================================
===========================================================================================================
Run Number is 3
Source Indices - Frequency: {0: 100, 1: 100, 2: 100, 3: 100, 4: 100, 5: 100, 6: 100, 7: 100, 8: 100, 9: 100}, Length: 1000
Target Indices - Frequency: {0: 100, 1: 100, 2: 100, 3: 100, 4: 100, 5: 100, 6: 100, 7: 100, 8: 100, 9: 100}, Length: 1000
Master Indices - Frequency: {0: 780, 1: 935, 2: 832, 3: 810, 4: 782, 5: 692, 6: 758, 7: 828, 8: 774, 9: 809}, Length: 8000
Intersection Check - Source & Target: set()
Intersection Check - Source & Master: set()
Intersection Check - Target & Master: set()
Epoch [1/10], Loss: 1.3914, Accuracy: 49.65%, Source: 1100, Target: 1100, Unlabeled: 7800
Epoch [2/10], Loss: 1.3865, Accuracy: 49.73%, Source: 1200, Target: 1200, Unlabeled: 7600
Epoch [3/10], Loss: 1.3867, Accuracy: 50.17%, Source: 1300, Target: 1300, Unlabeled: 7400
Epoch [4/10], Loss: 1.3863, Accuracy: 49.00%, Source: 1400, Target: 1400, Unlabeled: 7200
Epoch [5/10], Loss: 1.3860, Accuracy: 50.86%, Source: 1500, Target: 1500, Unlabeled: 7000
Epoch [6/10], Loss: 1.3856, Accuracy: 51.57%, Source: 1600, Target: 1600, Unlabeled: 6800
Epoch [7/10], Loss: 1.3866, Accuracy: 51.38%, Source: 1700, Target: 1700, Unlabeled: 6600
Epoch [8/10], Loss: 1.3854, Accuracy: 52.32%, Source: 1800, Target: 1800, Unlabeled: 6400
Epoch [9/10], Loss: 1.3857, Accuracy: 51.42%, Source: 1900, Target: 1900, Unlabeled: 6200
Epoch [10/10], Loss: 1.3843, Accuracy: 51.61%, Source: 2000, Target: 2000, Unlabeled: 6000
Model saved as models/ColoredMNIST_Test_20241126_154355.pth
Evaluation Test Accuracy: 49.98%, Source: 2000, Target: 2000, Unlabeled: 2000
===========================================================================================================
===========================================================================================================
===========================================================================================================
===========================================================================================================
Run Number is 4
Source Indices - Frequency: {0: 100, 1: 100, 2: 100, 3: 100, 4: 100, 5: 100, 6: 100, 7: 100, 8: 100, 9: 100}, Length: 1000
Target Indices - Frequency: {0: 100, 1: 100, 2: 100, 3: 100, 4: 100, 5: 100, 6: 100, 7: 100, 8: 100, 9: 100}, Length: 1000
Master Indices - Frequency: {0: 780, 1: 935, 2: 832, 3: 810, 4: 782, 5: 692, 6: 758, 7: 828, 8: 774, 9: 809}, Length: 8000
Intersection Check - Source & Target: set()
Intersection Check - Source & Master: set()
Intersection Check - Target & Master: set()
Epoch [1/10], Loss: 1.3895, Accuracy: 49.65%, Source: 1100, Target: 1100, Unlabeled: 7800
Epoch [2/10], Loss: 1.3874, Accuracy: 50.00%, Source: 1200, Target: 1200, Unlabeled: 7600
Epoch [3/10], Loss: 1.3847, Accuracy: 52.42%, Source: 1300, Target: 1300, Unlabeled: 7400
Epoch [4/10], Loss: 1.3845, Accuracy: 51.69%, Source: 1400, Target: 1400, Unlabeled: 7200
Epoch [5/10], Loss: 1.3866, Accuracy: 51.04%, Source: 1500, Target: 1500, Unlabeled: 7000
Epoch [6/10], Loss: 1.3870, Accuracy: 50.57%, Source: 1600, Target: 1600, Unlabeled: 6800
Epoch [7/10], Loss: 1.3862, Accuracy: 51.56%, Source: 1700, Target: 1700, Unlabeled: 6600
Epoch [8/10], Loss: 1.3860, Accuracy: 50.91%, Source: 1800, Target: 1800, Unlabeled: 6400
Epoch [9/10], Loss: 1.3868, Accuracy: 50.56%, Source: 1900, Target: 1900, Unlabeled: 6200
Epoch [10/10], Loss: 1.3860, Accuracy: 50.50%, Source: 2000, Target: 2000, Unlabeled: 6000
Model saved as models/ColoredMNIST_Test_20241126_154355.pth
Evaluation Test Accuracy: 49.68%, Source: 2000, Target: 2000, Unlabeled: 2000
===========================================================================================================
===========================================================================================================
===========================================================================================================
===========================================================================================================
Run Number is 5
Source Indices - Frequency: {0: 100, 1: 100, 2: 100, 3: 100, 4: 100, 5: 100, 6: 100, 7: 100, 8: 100, 9: 100}, Length: 1000
Target Indices - Frequency: {0: 100, 1: 100, 2: 100, 3: 100, 4: 100, 5: 100, 6: 100, 7: 100, 8: 100, 9: 100}, Length: 1000
Master Indices - Frequency: {0: 780, 1: 935, 2: 832, 3: 810, 4: 782, 5: 692, 6: 758, 7: 828, 8: 774, 9: 809}, Length: 8000
Intersection Check - Source & Target: set()
Intersection Check - Source & Master: set()
Intersection Check - Target & Master: set()
Epoch [1/10], Loss: 1.3903, Accuracy: 50.05%, Source: 1100, Target: 1100, Unlabeled: 7800
Epoch [2/10], Loss: 1.3877, Accuracy: 48.14%, Source: 1200, Target: 1200, Unlabeled: 7600
Epoch [3/10], Loss: 1.3865, Accuracy: 49.71%, Source: 1300, Target: 1300, Unlabeled: 7400
Epoch [4/10], Loss: 1.3875, Accuracy: 50.42%, Source: 1400, Target: 1400, Unlabeled: 7200
Epoch [5/10], Loss: 1.3867, Accuracy: 49.00%, Source: 1500, Target: 1500, Unlabeled: 7000
Epoch [6/10], Loss: 1.3863, Accuracy: 51.27%, Source: 1600, Target: 1600, Unlabeled: 6800
Epoch [7/10], Loss: 1.3863, Accuracy: 49.12%, Source: 1700, Target: 1700, Unlabeled: 6600
Epoch [8/10], Loss: 1.3862, Accuracy: 50.41%, Source: 1800, Target: 1800, Unlabeled: 6400
Epoch [9/10], Loss: 1.3863, Accuracy: 49.56%, Source: 1900, Target: 1900, Unlabeled: 6200
Epoch [10/10], Loss: 1.3863, Accuracy: 49.79%, Source: 2000, Target: 2000, Unlabeled: 6000
Model saved as models/ColoredMNIST_Test_20241126_154355.pth
Evaluation Test Accuracy: 51.62%, Source: 2000, Target: 2000, Unlabeled: 2000
===========================================================================================================
===========================================================================================================
===========================================================================================================
===========================================================================================================
Run Number is 6
Source Indices - Frequency: {0: 100, 1: 100, 2: 100, 3: 100, 4: 100, 5: 100, 6: 100, 7: 100, 8: 100, 9: 100}, Length: 1000
Target Indices - Frequency: {0: 100, 1: 100, 2: 100, 3: 100, 4: 100, 5: 100, 6: 100, 7: 100, 8: 100, 9: 100}, Length: 1000
Master Indices - Frequency: {0: 780, 1: 935, 2: 832, 3: 810, 4: 782, 5: 692, 6: 758, 7: 828, 8: 774, 9: 809}, Length: 8000
Intersection Check - Source & Target: set()
Intersection Check - Source & Master: set()
Intersection Check - Target & Master: set()
Epoch [1/10], Loss: 1.3900, Accuracy: 49.25%, Source: 1100, Target: 1100, Unlabeled: 7800
Epoch [2/10], Loss: 1.3863, Accuracy: 50.73%, Source: 1200, Target: 1200, Unlabeled: 7600
Epoch [3/10], Loss: 1.3879, Accuracy: 50.04%, Source: 1300, Target: 1300, Unlabeled: 7400
Epoch [4/10], Loss: 1.3868, Accuracy: 51.42%, Source: 1400, Target: 1400, Unlabeled: 7200
Epoch [5/10], Loss: 1.3865, Accuracy: 49.93%, Source: 1500, Target: 1500, Unlabeled: 7000
Epoch [6/10], Loss: 1.3863, Accuracy: 51.20%, Source: 1600, Target: 1600, Unlabeled: 6800
Epoch [7/10], Loss: 1.3871, Accuracy: 49.47%, Source: 1700, Target: 1700, Unlabeled: 6600
Epoch [8/10], Loss: 1.3866, Accuracy: 49.97%, Source: 1800, Target: 1800, Unlabeled: 6400
Epoch [9/10], Loss: 1.3861, Accuracy: 50.94%, Source: 1900, Target: 1900, Unlabeled: 6200
Epoch [10/10], Loss: 1.3860, Accuracy: 50.32%, Source: 2000, Target: 2000, Unlabeled: 6000
Model saved as models/ColoredMNIST_Test_20241126_154355.pth
Evaluation Test Accuracy: 49.00%, Source: 2000, Target: 2000, Unlabeled: 2000
===========================================================================================================
===========================================================================================================
===========================================================================================================
===========================================================================================================
Run Number is 7
Source Indices - Frequency: {0: 100, 1: 100, 2: 100, 3: 100, 4: 100, 5: 100, 6: 100, 7: 100, 8: 100, 9: 100}, Length: 1000
Target Indices - Frequency: {0: 100, 1: 100, 2: 100, 3: 100, 4: 100, 5: 100, 6: 100, 7: 100, 8: 100, 9: 100}, Length: 1000
Master Indices - Frequency: {0: 780, 1: 935, 2: 832, 3: 810, 4: 782, 5: 692, 6: 758, 7: 828, 8: 774, 9: 809}, Length: 8000
Intersection Check - Source & Target: set()
Intersection Check - Source & Master: set()
Intersection Check - Target & Master: set()
Epoch [1/10], Loss: 1.3901, Accuracy: 49.30%, Source: 1100, Target: 1100, Unlabeled: 7800
Epoch [2/10], Loss: 1.3873, Accuracy: 49.95%, Source: 1200, Target: 1200, Unlabeled: 7600
Epoch [3/10], Loss: 1.3867, Accuracy: 49.83%, Source: 1300, Target: 1300, Unlabeled: 7400
Epoch [4/10], Loss: 1.3869, Accuracy: 50.50%, Source: 1400, Target: 1400, Unlabeled: 7200
Epoch [5/10], Loss: 1.3876, Accuracy: 50.43%, Source: 1500, Target: 1500, Unlabeled: 7000
Epoch [6/10], Loss: 1.3860, Accuracy: 52.03%, Source: 1600, Target: 1600, Unlabeled: 6800
Epoch [7/10], Loss: 1.3864, Accuracy: 49.69%, Source: 1700, Target: 1700, Unlabeled: 6600
Epoch [8/10], Loss: 1.3867, Accuracy: 50.71%, Source: 1800, Target: 1800, Unlabeled: 6400
Epoch [9/10], Loss: 1.3859, Accuracy: 51.58%, Source: 1900, Target: 1900, Unlabeled: 6200
Epoch [10/10], Loss: 1.3860, Accuracy: 51.13%, Source: 2000, Target: 2000, Unlabeled: 6000
Model saved as models/ColoredMNIST_Test_20241126_154355.pth
Evaluation Test Accuracy: 50.92%, Source: 2000, Target: 2000, Unlabeled: 2000
===========================================================================================================
===========================================================================================================
===========================================================================================================
===========================================================================================================
Run Number is 8
Source Indices - Frequency: {0: 100, 1: 100, 2: 100, 3: 100, 4: 100, 5: 100, 6: 100, 7: 100, 8: 100, 9: 100}, Length: 1000
Target Indices - Frequency: {0: 100, 1: 100, 2: 100, 3: 100, 4: 100, 5: 100, 6: 100, 7: 100, 8: 100, 9: 100}, Length: 1000
Master Indices - Frequency: {0: 780, 1: 935, 2: 832, 3: 810, 4: 782, 5: 692, 6: 758, 7: 828, 8: 774, 9: 809}, Length: 8000
Intersection Check - Source & Target: set()
Intersection Check - Source & Master: set()
Intersection Check - Target & Master: set()
Epoch [1/10], Loss: 1.3911, Accuracy: 49.95%, Source: 1100, Target: 1100, Unlabeled: 7800
Epoch [2/10], Loss: 1.3867, Accuracy: 48.95%, Source: 1200, Target: 1200, Unlabeled: 7600
Epoch [3/10], Loss: 1.3877, Accuracy: 49.21%, Source: 1300, Target: 1300, Unlabeled: 7400
Epoch [4/10], Loss: 1.3870, Accuracy: 49.38%, Source: 1400, Target: 1400, Unlabeled: 7200
Epoch [5/10], Loss: 1.3871, Accuracy: 48.96%, Source: 1500, Target: 1500, Unlabeled: 7000
Epoch [6/10], Loss: 1.3857, Accuracy: 51.17%, Source: 1600, Target: 1600, Unlabeled: 6800
Epoch [7/10], Loss: 1.3862, Accuracy: 48.94%, Source: 1700, Target: 1700, Unlabeled: 6600
Epoch [8/10], Loss: 1.3861, Accuracy: 50.82%, Source: 1800, Target: 1800, Unlabeled: 6400
Epoch [9/10], Loss: 1.3867, Accuracy: 49.58%, Source: 1900, Target: 1900, Unlabeled: 6200
Epoch [10/10], Loss: 1.3864, Accuracy: 50.55%, Source: 2000, Target: 2000, Unlabeled: 6000
Model saved as models/ColoredMNIST_Test_20241126_154355.pth
Evaluation Test Accuracy: 51.32%, Source: 2000, Target: 2000, Unlabeled: 2000
===========================================================================================================
===========================================================================================================
===========================================================================================================
===========================================================================================================
Run Number is 9
Source Indices - Frequency: {0: 100, 1: 100, 2: 100, 3: 100, 4: 100, 5: 100, 6: 100, 7: 100, 8: 100, 9: 100}, Length: 1000
Target Indices - Frequency: {0: 100, 1: 100, 2: 100, 3: 100, 4: 100, 5: 100, 6: 100, 7: 100, 8: 100, 9: 100}, Length: 1000
Master Indices - Frequency: {0: 780, 1: 935, 2: 832, 3: 810, 4: 782, 5: 692, 6: 758, 7: 828, 8: 774, 9: 809}, Length: 8000
Intersection Check - Source & Target: set()
Intersection Check - Source & Master: set()
Intersection Check - Target & Master: set()
Epoch [1/10], Loss: 1.3928, Accuracy: 49.80%, Source: 1100, Target: 1100, Unlabeled: 7800
Epoch [2/10], Loss: 1.3872, Accuracy: 49.86%, Source: 1200, Target: 1200, Unlabeled: 7600
Epoch [3/10], Loss: 1.3852, Accuracy: 51.17%, Source: 1300, Target: 1300, Unlabeled: 7400
Epoch [4/10], Loss: 1.3882, Accuracy: 49.69%, Source: 1400, Target: 1400, Unlabeled: 7200
Epoch [5/10], Loss: 1.3872, Accuracy: 48.89%, Source: 1500, Target: 1500, Unlabeled: 7000
Epoch [6/10], Loss: 1.3864, Accuracy: 49.50%, Source: 1600, Target: 1600, Unlabeled: 6800
Epoch [7/10], Loss: 1.3865, Accuracy: 49.66%, Source: 1700, Target: 1700, Unlabeled: 6600
Epoch [8/10], Loss: 1.3864, Accuracy: 49.76%, Source: 1800, Target: 1800, Unlabeled: 6400
Epoch [9/10], Loss: 1.3864, Accuracy: 49.75%, Source: 1900, Target: 1900, Unlabeled: 6200
Epoch [10/10], Loss: 1.3855, Accuracy: 51.00%, Source: 2000, Target: 2000, Unlabeled: 6000
Model saved as models/ColoredMNIST_Test_20241126_154355.pth
Evaluation Test Accuracy: 49.88%, Source: 2000, Target: 2000, Unlabeled: 2000
===========================================================================================================
===========================================================================================================
===========================================================================================================
===========================================================================================================
Run Number is 10
Source Indices - Frequency: {0: 100, 1: 100, 2: 100, 3: 100, 4: 100, 5: 100, 6: 100, 7: 100, 8: 100, 9: 100}, Length: 1000
Target Indices - Frequency: {0: 100, 1: 100, 2: 100, 3: 100, 4: 100, 5: 100, 6: 100, 7: 100, 8: 100, 9: 100}, Length: 1000
Master Indices - Frequency: {0: 780, 1: 935, 2: 832, 3: 810, 4: 782, 5: 692, 6: 758, 7: 828, 8: 774, 9: 809}, Length: 8000
Intersection Check - Source & Target: set()
Intersection Check - Source & Master: set()
Intersection Check - Target & Master: set()
Epoch [1/10], Loss: 1.3896, Accuracy: 51.55%, Source: 1100, Target: 1100, Unlabeled: 7800
Epoch [2/10], Loss: 1.3866, Accuracy: 51.64%, Source: 1200, Target: 1200, Unlabeled: 7600
Epoch [3/10], Loss: 1.3868, Accuracy: 51.58%, Source: 1300, Target: 1300, Unlabeled: 7400
Epoch [4/10], Loss: 1.3880, Accuracy: 49.77%, Source: 1400, Target: 1400, Unlabeled: 7200
Epoch [5/10], Loss: 1.3864, Accuracy: 49.39%, Source: 1500, Target: 1500, Unlabeled: 7000
Epoch [6/10], Loss: 1.3863, Accuracy: 49.83%, Source: 1600, Target: 1600, Unlabeled: 6800
Epoch [7/10], Loss: 1.3866, Accuracy: 49.31%, Source: 1700, Target: 1700, Unlabeled: 6600
Epoch [8/10], Loss: 1.3867, Accuracy: 48.62%, Source: 1800, Target: 1800, Unlabeled: 6400
Epoch [9/10], Loss: 1.3863, Accuracy: 50.11%, Source: 1900, Target: 1900, Unlabeled: 6200
Epoch [10/10], Loss: 1.3863, Accuracy: 49.95%, Source: 2000, Target: 2000, Unlabeled: 6000
Model saved as models/ColoredMNIST_Test_20241126_154355.pth
Evaluation Test Accuracy: 50.22%, Source: 2000, Target: 2000, Unlabeled: 2000
===========================================================================================================
===========================================================================================================
===========================================================================================================
===========================================================================================================
Run Number is 11
Source Indices - Frequency: {0: 100, 1: 100, 2: 100, 3: 100, 4: 100, 5: 100, 6: 100, 7: 100, 8: 100, 9: 100}, Length: 1000
Target Indices - Frequency: {0: 100, 1: 100, 2: 100, 3: 100, 4: 100, 5: 100, 6: 100, 7: 100, 8: 100, 9: 100}, Length: 1000
Master Indices - Frequency: {0: 780, 1: 935, 2: 832, 3: 810, 4: 782, 5: 692, 6: 758, 7: 828, 8: 774, 9: 809}, Length: 8000
Intersection Check - Source & Target: set()
Intersection Check - Source & Master: set()
Intersection Check - Target & Master: set()
Epoch [1/10], Loss: 1.3900, Accuracy: 50.65%, Source: 1100, Target: 1100, Unlabeled: 7800
Epoch [2/10], Loss: 1.3878, Accuracy: 50.82%, Source: 1200, Target: 1200, Unlabeled: 7600
Epoch [3/10], Loss: 1.3847, Accuracy: 51.38%, Source: 1300, Target: 1300, Unlabeled: 7400
Epoch [4/10], Loss: 1.3868, Accuracy: 50.54%, Source: 1400, Target: 1400, Unlabeled: 7200
Epoch [5/10], Loss: 1.3868, Accuracy: 49.79%, Source: 1500, Target: 1500, Unlabeled: 7000
Epoch [6/10], Loss: 1.3864, Accuracy: 50.83%, Source: 1600, Target: 1600, Unlabeled: 6800
Epoch [7/10], Loss: 1.3866, Accuracy: 50.38%, Source: 1700, Target: 1700, Unlabeled: 6600
Epoch [8/10], Loss: 1.3863, Accuracy: 49.74%, Source: 1800, Target: 1800, Unlabeled: 6400
Epoch [9/10], Loss: 1.3865, Accuracy: 49.64%, Source: 1900, Target: 1900, Unlabeled: 6200
Epoch [10/10], Loss: 1.3863, Accuracy: 50.47%, Source: 2000, Target: 2000, Unlabeled: 6000
Model saved as models/ColoredMNIST_Test_20241126_154355.pth
Evaluation Test Accuracy: 50.35%, Source: 2000, Target: 2000, Unlabeled: 2000
===========================================================================================================
===========================================================================================================
===========================================================================================================
===========================================================================================================
Run Number is 12
Source Indices - Frequency: {0: 100, 1: 100, 2: 100, 3: 100, 4: 100, 5: 100, 6: 100, 7: 100, 8: 100, 9: 100}, Length: 1000
Target Indices - Frequency: {0: 100, 1: 100, 2: 100, 3: 100, 4: 100, 5: 100, 6: 100, 7: 100, 8: 100, 9: 100}, Length: 1000
Master Indices - Frequency: {0: 780, 1: 935, 2: 832, 3: 810, 4: 782, 5: 692, 6: 758, 7: 828, 8: 774, 9: 809}, Length: 8000
Intersection Check - Source & Target: set()
Intersection Check - Source & Master: set()
Intersection Check - Target & Master: set()
Epoch [1/10], Loss: 1.3894, Accuracy: 50.30%, Source: 1100, Target: 1100, Unlabeled: 7800
Epoch [2/10], Loss: 1.3876, Accuracy: 49.05%, Source: 1200, Target: 1200, Unlabeled: 7600
Epoch [3/10], Loss: 1.3869, Accuracy: 48.46%, Source: 1300, Target: 1300, Unlabeled: 7400
Epoch [4/10], Loss: 1.3865, Accuracy: 48.85%, Source: 1400, Target: 1400, Unlabeled: 7200
Epoch [5/10], Loss: 1.3853, Accuracy: 51.64%, Source: 1500, Target: 1500, Unlabeled: 7000
Epoch [6/10], Loss: 1.3822, Accuracy: 53.27%, Source: 1600, Target: 1600, Unlabeled: 6800
Epoch [7/10], Loss: 1.3821, Accuracy: 53.59%, Source: 1700, Target: 1700, Unlabeled: 6600
Epoch [8/10], Loss: 1.3833, Accuracy: 53.38%, Source: 1800, Target: 1800, Unlabeled: 6400
Epoch [9/10], Loss: 1.3805, Accuracy: 53.94%, Source: 1900, Target: 1900, Unlabeled: 6200
Epoch [10/10], Loss: 1.3823, Accuracy: 53.47%, Source: 2000, Target: 2000, Unlabeled: 6000
Model saved as models/ColoredMNIST_Test_20241126_154355.pth
Evaluation Test Accuracy: 51.00%, Source: 2000, Target: 2000, Unlabeled: 2000
===========================================================================================================
===========================================================================================================
===========================================================================================================
===========================================================================================================
Run Number is 13
Source Indices - Frequency: {0: 100, 1: 100, 2: 100, 3: 100, 4: 100, 5: 100, 6: 100, 7: 100, 8: 100, 9: 100}, Length: 1000
Target Indices - Frequency: {0: 100, 1: 100, 2: 100, 3: 100, 4: 100, 5: 100, 6: 100, 7: 100, 8: 100, 9: 100}, Length: 1000
Master Indices - Frequency: {0: 780, 1: 935, 2: 832, 3: 810, 4: 782, 5: 692, 6: 758, 7: 828, 8: 774, 9: 809}, Length: 8000
Intersection Check - Source & Target: set()
Intersection Check - Source & Master: set()
Intersection Check - Target & Master: set()
Epoch [1/10], Loss: 1.3909, Accuracy: 49.90%, Source: 1100, Target: 1100, Unlabeled: 7800
Epoch [2/10], Loss: 1.3866, Accuracy: 49.73%, Source: 1200, Target: 1200, Unlabeled: 7600
Epoch [3/10], Loss: 1.3865, Accuracy: 50.96%, Source: 1300, Target: 1300, Unlabeled: 7400
Epoch [4/10], Loss: 1.3863, Accuracy: 50.58%, Source: 1400, Target: 1400, Unlabeled: 7200
Epoch [5/10], Loss: 1.3867, Accuracy: 50.39%, Source: 1500, Target: 1500, Unlabeled: 7000
Epoch [6/10], Loss: 1.3863, Accuracy: 50.20%, Source: 1600, Target: 1600, Unlabeled: 6800
Epoch [7/10], Loss: 1.3857, Accuracy: 51.59%, Source: 1700, Target: 1700, Unlabeled: 6600
Epoch [8/10], Loss: 1.3861, Accuracy: 50.41%, Source: 1800, Target: 1800, Unlabeled: 6400
Epoch [9/10], Loss: 1.3861, Accuracy: 49.33%, Source: 1900, Target: 1900, Unlabeled: 6200
Epoch [10/10], Loss: 1.3862, Accuracy: 50.32%, Source: 2000, Target: 2000, Unlabeled: 6000
Model saved as models/ColoredMNIST_Test_20241126_154355.pth
Evaluation Test Accuracy: 49.68%, Source: 2000, Target: 2000, Unlabeled: 2000
===========================================================================================================
===========================================================================================================
===========================================================================================================
===========================================================================================================
Run Number is 14
Source Indices - Frequency: {0: 100, 1: 100, 2: 100, 3: 100, 4: 100, 5: 100, 6: 100, 7: 100, 8: 100, 9: 100}, Length: 1000
Target Indices - Frequency: {0: 100, 1: 100, 2: 100, 3: 100, 4: 100, 5: 100, 6: 100, 7: 100, 8: 100, 9: 100}, Length: 1000
Master Indices - Frequency: {0: 780, 1: 935, 2: 832, 3: 810, 4: 782, 5: 692, 6: 758, 7: 828, 8: 774, 9: 809}, Length: 8000
Intersection Check - Source & Target: set()
Intersection Check - Source & Master: set()
Intersection Check - Target & Master: set()
Epoch [1/10], Loss: 1.3914, Accuracy: 50.15%, Source: 1100, Target: 1100, Unlabeled: 7800
Epoch [2/10], Loss: 1.3871, Accuracy: 49.77%, Source: 1200, Target: 1200, Unlabeled: 7600
Epoch [3/10], Loss: 1.3863, Accuracy: 50.88%, Source: 1300, Target: 1300, Unlabeled: 7400
Epoch [4/10], Loss: 1.3869, Accuracy: 49.00%, Source: 1400, Target: 1400, Unlabeled: 7200
Epoch [5/10], Loss: 1.3859, Accuracy: 51.68%, Source: 1500, Target: 1500, Unlabeled: 7000
Epoch [6/10], Loss: 1.3869, Accuracy: 49.07%, Source: 1600, Target: 1600, Unlabeled: 6800
Epoch [7/10], Loss: 1.3861, Accuracy: 51.94%, Source: 1700, Target: 1700, Unlabeled: 6600
Epoch [8/10], Loss: 1.3860, Accuracy: 50.65%, Source: 1800, Target: 1800, Unlabeled: 6400
Epoch [9/10], Loss: 1.3862, Accuracy: 50.78%, Source: 1900, Target: 1900, Unlabeled: 6200
Epoch [10/10], Loss: 1.3866, Accuracy: 50.89%, Source: 2000, Target: 2000, Unlabeled: 6000
Model saved as models/ColoredMNIST_Test_20241126_154355.pth
Evaluation Test Accuracy: 49.95%, Source: 2000, Target: 2000, Unlabeled: 2000
===========================================================================================================
===========================================================================================================
===========================================================================================================
===========================================================================================================
Run Number is 15
Source Indices - Frequency: {0: 100, 1: 100, 2: 100, 3: 100, 4: 100, 5: 100, 6: 100, 7: 100, 8: 100, 9: 100}, Length: 1000
Target Indices - Frequency: {0: 100, 1: 100, 2: 100, 3: 100, 4: 100, 5: 100, 6: 100, 7: 100, 8: 100, 9: 100}, Length: 1000
Master Indices - Frequency: {0: 780, 1: 935, 2: 832, 3: 810, 4: 782, 5: 692, 6: 758, 7: 828, 8: 774, 9: 809}, Length: 8000
Intersection Check - Source & Target: set()
Intersection Check - Source & Master: set()
Intersection Check - Target & Master: set()
Epoch [1/10], Loss: 1.3888, Accuracy: 49.95%, Source: 1100, Target: 1100, Unlabeled: 7800
Epoch [2/10], Loss: 1.3874, Accuracy: 49.59%, Source: 1200, Target: 1200, Unlabeled: 7600
Epoch [3/10], Loss: 1.3871, Accuracy: 49.54%, Source: 1300, Target: 1300, Unlabeled: 7400
Epoch [4/10], Loss: 1.3866, Accuracy: 49.35%, Source: 1400, Target: 1400, Unlabeled: 7200
Epoch [5/10], Loss: 1.3866, Accuracy: 49.93%, Source: 1500, Target: 1500, Unlabeled: 7000
Epoch [6/10], Loss: 1.3864, Accuracy: 49.30%, Source: 1600, Target: 1600, Unlabeled: 6800
Epoch [7/10], Loss: 1.3861, Accuracy: 51.31%, Source: 1700, Target: 1700, Unlabeled: 6600
Epoch [8/10], Loss: 1.3860, Accuracy: 50.59%, Source: 1800, Target: 1800, Unlabeled: 6400
Epoch [9/10], Loss: 1.3860, Accuracy: 51.06%, Source: 1900, Target: 1900, Unlabeled: 6200
Epoch [10/10], Loss: 1.3860, Accuracy: 51.11%, Source: 2000, Target: 2000, Unlabeled: 6000
Model saved as models/ColoredMNIST_Test_20241126_154355.pth
Evaluation Test Accuracy: 50.72%, Source: 2000, Target: 2000, Unlabeled: 2000
===========================================================================================================
===========================================================================================================
===========================================================================================================
===========================================================================================================
Run Number is 16
Source Indices - Frequency: {0: 100, 1: 100, 2: 100, 3: 100, 4: 100, 5: 100, 6: 100, 7: 100, 8: 100, 9: 100}, Length: 1000
Target Indices - Frequency: {0: 100, 1: 100, 2: 100, 3: 100, 4: 100, 5: 100, 6: 100, 7: 100, 8: 100, 9: 100}, Length: 1000
Master Indices - Frequency: {0: 780, 1: 935, 2: 832, 3: 810, 4: 782, 5: 692, 6: 758, 7: 828, 8: 774, 9: 809}, Length: 8000
Intersection Check - Source & Target: set()
Intersection Check - Source & Master: set()
Intersection Check - Target & Master: set()
Epoch [1/10], Loss: 1.3893, Accuracy: 50.75%, Source: 1100, Target: 1100, Unlabeled: 7800
Epoch [2/10], Loss: 1.3870, Accuracy: 50.32%, Source: 1200, Target: 1200, Unlabeled: 7600
Epoch [3/10], Loss: 1.3832, Accuracy: 52.17%, Source: 1300, Target: 1300, Unlabeled: 7400
Epoch [4/10], Loss: 1.3897, Accuracy: 50.12%, Source: 1400, Target: 1400, Unlabeled: 7200
Epoch [5/10], Loss: 1.3865, Accuracy: 49.21%, Source: 1500, Target: 1500, Unlabeled: 7000
Epoch [6/10], Loss: 1.3863, Accuracy: 50.60%, Source: 1600, Target: 1600, Unlabeled: 6800
Epoch [7/10], Loss: 1.3865, Accuracy: 49.34%, Source: 1700, Target: 1700, Unlabeled: 6600
Epoch [8/10], Loss: 1.3861, Accuracy: 51.06%, Source: 1800, Target: 1800, Unlabeled: 6400
Epoch [9/10], Loss: 1.3864, Accuracy: 51.14%, Source: 1900, Target: 1900, Unlabeled: 6200
Epoch [10/10], Loss: 1.3867, Accuracy: 51.18%, Source: 2000, Target: 2000, Unlabeled: 6000
Model saved as models/ColoredMNIST_Test_20241126_154355.pth
Evaluation Test Accuracy: 49.60%, Source: 2000, Target: 2000, Unlabeled: 2000
===========================================================================================================
===========================================================================================================
===========================================================================================================
===========================================================================================================
Run Number is 17
Source Indices - Frequency: {0: 100, 1: 100, 2: 100, 3: 100, 4: 100, 5: 100, 6: 100, 7: 100, 8: 100, 9: 100}, Length: 1000
Target Indices - Frequency: {0: 100, 1: 100, 2: 100, 3: 100, 4: 100, 5: 100, 6: 100, 7: 100, 8: 100, 9: 100}, Length: 1000
Master Indices - Frequency: {0: 780, 1: 935, 2: 832, 3: 810, 4: 782, 5: 692, 6: 758, 7: 828, 8: 774, 9: 809}, Length: 8000
Intersection Check - Source & Target: set()
Intersection Check - Source & Master: set()
Intersection Check - Target & Master: set()
Epoch [1/10], Loss: 1.3901, Accuracy: 50.20%, Source: 1100, Target: 1100, Unlabeled: 7800
Epoch [2/10], Loss: 1.3870, Accuracy: 49.73%, Source: 1200, Target: 1200, Unlabeled: 7600
Epoch [3/10], Loss: 1.3867, Accuracy: 50.29%, Source: 1300, Target: 1300, Unlabeled: 7400
Epoch [4/10], Loss: 1.3861, Accuracy: 50.73%, Source: 1400, Target: 1400, Unlabeled: 7200
Epoch [5/10], Loss: 1.3859, Accuracy: 50.96%, Source: 1500, Target: 1500, Unlabeled: 7000
Epoch [6/10], Loss: 1.3870, Accuracy: 51.07%, Source: 1600, Target: 1600, Unlabeled: 6800
Epoch [7/10], Loss: 1.3863, Accuracy: 50.28%, Source: 1700, Target: 1700, Unlabeled: 6600
Epoch [8/10], Loss: 1.3850, Accuracy: 52.35%, Source: 1800, Target: 1800, Unlabeled: 6400
Epoch [9/10], Loss: 1.3859, Accuracy: 51.72%, Source: 1900, Target: 1900, Unlabeled: 6200
Epoch [10/10], Loss: 1.3862, Accuracy: 50.32%, Source: 2000, Target: 2000, Unlabeled: 6000
Model saved as models/ColoredMNIST_Test_20241126_154355.pth
Evaluation Test Accuracy: 50.65%, Source: 2000, Target: 2000, Unlabeled: 2000
===========================================================================================================
===========================================================================================================
===========================================================================================================
===========================================================================================================
Run Number is 18
Source Indices - Frequency: {0: 100, 1: 100, 2: 100, 3: 100, 4: 100, 5: 100, 6: 100, 7: 100, 8: 100, 9: 100}, Length: 1000
Target Indices - Frequency: {0: 100, 1: 100, 2: 100, 3: 100, 4: 100, 5: 100, 6: 100, 7: 100, 8: 100, 9: 100}, Length: 1000
Master Indices - Frequency: {0: 780, 1: 935, 2: 832, 3: 810, 4: 782, 5: 692, 6: 758, 7: 828, 8: 774, 9: 809}, Length: 8000
Intersection Check - Source & Target: set()
Intersection Check - Source & Master: set()
Intersection Check - Target & Master: set()
Epoch [1/10], Loss: 1.3925, Accuracy: 50.00%, Source: 1100, Target: 1100, Unlabeled: 7800
Epoch [2/10], Loss: 1.3872, Accuracy: 49.32%, Source: 1200, Target: 1200, Unlabeled: 7600
Epoch [3/10], Loss: 1.3876, Accuracy: 50.08%, Source: 1300, Target: 1300, Unlabeled: 7400
Epoch [4/10], Loss: 1.3864, Accuracy: 50.42%, Source: 1400, Target: 1400, Unlabeled: 7200
Epoch [5/10], Loss: 1.3864, Accuracy: 50.71%, Source: 1500, Target: 1500, Unlabeled: 7000
Epoch [6/10], Loss: 1.3872, Accuracy: 49.37%, Source: 1600, Target: 1600, Unlabeled: 6800
Epoch [7/10], Loss: 1.3868, Accuracy: 47.69%, Source: 1700, Target: 1700, Unlabeled: 6600
Epoch [8/10], Loss: 1.3860, Accuracy: 50.94%, Source: 1800, Target: 1800, Unlabeled: 6400
Epoch [9/10], Loss: 1.3865, Accuracy: 50.56%, Source: 1900, Target: 1900, Unlabeled: 6200
Epoch [10/10], Loss: 1.3861, Accuracy: 50.18%, Source: 2000, Target: 2000, Unlabeled: 6000
Model saved as models/ColoredMNIST_Test_20241126_154355.pth
Evaluation Test Accuracy: 49.73%, Source: 2000, Target: 2000, Unlabeled: 2000
===========================================================================================================
===========================================================================================================
===========================================================================================================
===========================================================================================================
Run Number is 19
Source Indices - Frequency: {0: 100, 1: 100, 2: 100, 3: 100, 4: 100, 5: 100, 6: 100, 7: 100, 8: 100, 9: 100}, Length: 1000
Target Indices - Frequency: {0: 100, 1: 100, 2: 100, 3: 100, 4: 100, 5: 100, 6: 100, 7: 100, 8: 100, 9: 100}, Length: 1000
Master Indices - Frequency: {0: 780, 1: 935, 2: 832, 3: 810, 4: 782, 5: 692, 6: 758, 7: 828, 8: 774, 9: 809}, Length: 8000
Intersection Check - Source & Target: set()
Intersection Check - Source & Master: set()
Intersection Check - Target & Master: set()
Epoch [1/10], Loss: 1.3920, Accuracy: 48.20%, Source: 1100, Target: 1100, Unlabeled: 7800
Epoch [2/10], Loss: 1.3871, Accuracy: 50.36%, Source: 1200, Target: 1200, Unlabeled: 7600
Epoch [3/10], Loss: 1.3870, Accuracy: 51.62%, Source: 1300, Target: 1300, Unlabeled: 7400
Epoch [4/10], Loss: 1.3869, Accuracy: 49.77%, Source: 1400, Target: 1400, Unlabeled: 7200
Epoch [5/10], Loss: 1.3865, Accuracy: 49.61%, Source: 1500, Target: 1500, Unlabeled: 7000
Epoch [6/10], Loss: 1.3863, Accuracy: 50.33%, Source: 1600, Target: 1600, Unlabeled: 6800
Epoch [7/10], Loss: 1.3865, Accuracy: 48.22%, Source: 1700, Target: 1700, Unlabeled: 6600
Epoch [8/10], Loss: 1.3866, Accuracy: 49.00%, Source: 1800, Target: 1800, Unlabeled: 6400
Epoch [9/10], Loss: 1.3864, Accuracy: 50.19%, Source: 1900, Target: 1900, Unlabeled: 6200
Epoch [10/10], Loss: 1.3864, Accuracy: 50.61%, Source: 2000, Target: 2000, Unlabeled: 6000
Model saved as models/ColoredMNIST_Test_20241126_154355.pth
Evaluation Test Accuracy: 50.15%, Source: 2000, Target: 2000, Unlabeled: 2000
===========================================================================================================
===========================================================================================================
===========================================================================================================
===========================================================================================================
