Run Number is 0
Source Indices - Frequency: {0: 100, 1: 100, 2: 100, 3: 100, 4: 100, 5: 100, 6: 100, 7: 100, 8: 100, 9: 100}, Length: 1000
Target Indices - Frequency: {0: 100, 1: 100, 2: 100, 3: 100, 4: 100, 5: 100, 6: 100, 7: 100, 8: 100, 9: 100}, Length: 1000
Master Indices - Frequency: {0: 5723, 1: 6542, 2: 5758, 3: 5931, 4: 5642, 5: 5221, 6: 5718, 7: 6065, 8: 5651, 9: 5749}, Length: 58000
Intersection Check - Source & Target: set()
Intersection Check - Source & Master: set()
Intersection Check - Target & Master: set()
Epoch [1/10], Loss: 1.3908, Accuracy: 49.50%, Source: 1100, Target: 1100, Unlabeled: 57800
Epoch [2/10], Loss: 1.3877, Accuracy: 50.50%, Source: 1200, Target: 1200, Unlabeled: 57600
Epoch [3/10], Loss: 1.3866, Accuracy: 50.12%, Source: 1300, Target: 1300, Unlabeled: 57400
Epoch [4/10], Loss: 1.3859, Accuracy: 50.35%, Source: 1400, Target: 1400, Unlabeled: 57200
Epoch [5/10], Loss: 1.3873, Accuracy: 50.11%, Source: 1500, Target: 1500, Unlabeled: 57000
Epoch [6/10], Loss: 1.3867, Accuracy: 50.43%, Source: 1600, Target: 1600, Unlabeled: 56800
Epoch [7/10], Loss: 1.3865, Accuracy: 49.38%, Source: 1700, Target: 1700, Unlabeled: 56600
Epoch [8/10], Loss: 1.3864, Accuracy: 49.24%, Source: 1800, Target: 1800, Unlabeled: 56400
Epoch [9/10], Loss: 1.3864, Accuracy: 49.83%, Source: 1900, Target: 1900, Unlabeled: 56200
Epoch [10/10], Loss: 1.3863, Accuracy: 50.13%, Source: 2000, Target: 2000, Unlabeled: 56000
Model saved as models/ColoredMNIST_Train_20241126_152423.pth
Evaluation Test Accuracy: 50.65%, Source: 2000, Target: 2000, Unlabeled: 52000
===========================================================================================================
===========================================================================================================
===========================================================================================================
===========================================================================================================
Run Number is 1
Source Indices - Frequency: {0: 100, 1: 100, 2: 100, 3: 100, 4: 100, 5: 100, 6: 100, 7: 100, 8: 100, 9: 100}, Length: 1000
Target Indices - Frequency: {0: 100, 1: 100, 2: 100, 3: 100, 4: 100, 5: 100, 6: 100, 7: 100, 8: 100, 9: 100}, Length: 1000
Master Indices - Frequency: {0: 5723, 1: 6542, 2: 5758, 3: 5931, 4: 5642, 5: 5221, 6: 5718, 7: 6065, 8: 5651, 9: 5749}, Length: 58000
Intersection Check - Source & Target: set()
Intersection Check - Source & Master: set()
Intersection Check - Target & Master: set()
Epoch [1/10], Loss: 1.3883, Accuracy: 50.50%, Source: 1100, Target: 1100, Unlabeled: 57800
Epoch [2/10], Loss: 1.3876, Accuracy: 50.09%, Source: 1200, Target: 1200, Unlabeled: 57600
Epoch [3/10], Loss: 1.3869, Accuracy: 49.29%, Source: 1300, Target: 1300, Unlabeled: 57400
Epoch [4/10], Loss: 1.3865, Accuracy: 49.85%, Source: 1400, Target: 1400, Unlabeled: 57200
Epoch [5/10], Loss: 1.3865, Accuracy: 49.39%, Source: 1500, Target: 1500, Unlabeled: 57000
Epoch [6/10], Loss: 1.3862, Accuracy: 51.13%, Source: 1600, Target: 1600, Unlabeled: 56800
Epoch [7/10], Loss: 1.3860, Accuracy: 51.31%, Source: 1700, Target: 1700, Unlabeled: 56600
Epoch [8/10], Loss: 1.3867, Accuracy: 49.18%, Source: 1800, Target: 1800, Unlabeled: 56400
Epoch [9/10], Loss: 1.3866, Accuracy: 50.69%, Source: 1900, Target: 1900, Unlabeled: 56200
Epoch [10/10], Loss: 1.3864, Accuracy: 50.71%, Source: 2000, Target: 2000, Unlabeled: 56000
Model saved as models/ColoredMNIST_Train_20241126_152423.pth
Evaluation Test Accuracy: 49.50%, Source: 2000, Target: 2000, Unlabeled: 52000
===========================================================================================================
===========================================================================================================
===========================================================================================================
===========================================================================================================
Run Number is 2
Source Indices - Frequency: {0: 100, 1: 100, 2: 100, 3: 100, 4: 100, 5: 100, 6: 100, 7: 100, 8: 100, 9: 100}, Length: 1000
Target Indices - Frequency: {0: 100, 1: 100, 2: 100, 3: 100, 4: 100, 5: 100, 6: 100, 7: 100, 8: 100, 9: 100}, Length: 1000
Master Indices - Frequency: {0: 5723, 1: 6542, 2: 5758, 3: 5931, 4: 5642, 5: 5221, 6: 5718, 7: 6065, 8: 5651, 9: 5749}, Length: 58000
Intersection Check - Source & Target: set()
Intersection Check - Source & Master: set()
Intersection Check - Target & Master: set()
Epoch [1/10], Loss: 1.3943, Accuracy: 49.85%, Source: 1100, Target: 1100, Unlabeled: 57800
Epoch [2/10], Loss: 1.3875, Accuracy: 49.77%, Source: 1200, Target: 1200, Unlabeled: 57600
Epoch [3/10], Loss: 1.3843, Accuracy: 51.71%, Source: 1300, Target: 1300, Unlabeled: 57400
Epoch [4/10], Loss: 1.3882, Accuracy: 50.81%, Source: 1400, Target: 1400, Unlabeled: 57200
Epoch [5/10], Loss: 1.3867, Accuracy: 50.82%, Source: 1500, Target: 1500, Unlabeled: 57000
Epoch [6/10], Loss: 1.3868, Accuracy: 49.67%, Source: 1600, Target: 1600, Unlabeled: 56800
Epoch [7/10], Loss: 1.3865, Accuracy: 48.97%, Source: 1700, Target: 1700, Unlabeled: 56600
Epoch [8/10], Loss: 1.3861, Accuracy: 50.00%, Source: 1800, Target: 1800, Unlabeled: 56400
Epoch [9/10], Loss: 1.3852, Accuracy: 50.61%, Source: 1900, Target: 1900, Unlabeled: 56200
Epoch [10/10], Loss: 1.3864, Accuracy: 50.08%, Source: 2000, Target: 2000, Unlabeled: 56000
Model saved as models/ColoredMNIST_Train_20241126_152423.pth
Evaluation Test Accuracy: 49.50%, Source: 2000, Target: 2000, Unlabeled: 52000
===========================================================================================================
===========================================================================================================
===========================================================================================================
===========================================================================================================
Run Number is 3
Source Indices - Frequency: {0: 100, 1: 100, 2: 100, 3: 100, 4: 100, 5: 100, 6: 100, 7: 100, 8: 100, 9: 100}, Length: 1000
Target Indices - Frequency: {0: 100, 1: 100, 2: 100, 3: 100, 4: 100, 5: 100, 6: 100, 7: 100, 8: 100, 9: 100}, Length: 1000
Master Indices - Frequency: {0: 5723, 1: 6542, 2: 5758, 3: 5931, 4: 5642, 5: 5221, 6: 5718, 7: 6065, 8: 5651, 9: 5749}, Length: 58000
Intersection Check - Source & Target: set()
Intersection Check - Source & Master: set()
Intersection Check - Target & Master: set()
Epoch [1/10], Loss: 1.3919, Accuracy: 48.90%, Source: 1100, Target: 1100, Unlabeled: 57800
Epoch [2/10], Loss: 1.3868, Accuracy: 50.32%, Source: 1200, Target: 1200, Unlabeled: 57600
Epoch [3/10], Loss: 1.3854, Accuracy: 51.79%, Source: 1300, Target: 1300, Unlabeled: 57400
Epoch [4/10], Loss: 1.3861, Accuracy: 51.35%, Source: 1400, Target: 1400, Unlabeled: 57200
Epoch [5/10], Loss: 1.3872, Accuracy: 49.61%, Source: 1500, Target: 1500, Unlabeled: 57000
Epoch [6/10], Loss: 1.3870, Accuracy: 48.93%, Source: 1600, Target: 1600, Unlabeled: 56800
Epoch [7/10], Loss: 1.3863, Accuracy: 49.09%, Source: 1700, Target: 1700, Unlabeled: 56600
Epoch [8/10], Loss: 1.3857, Accuracy: 50.32%, Source: 1800, Target: 1800, Unlabeled: 56400
Epoch [9/10], Loss: 1.3870, Accuracy: 48.97%, Source: 1900, Target: 1900, Unlabeled: 56200
Epoch [10/10], Loss: 1.3858, Accuracy: 50.11%, Source: 2000, Target: 2000, Unlabeled: 56000
Model saved as models/ColoredMNIST_Train_20241126_152423.pth
Evaluation Test Accuracy: 50.42%, Source: 2000, Target: 2000, Unlabeled: 52000
===========================================================================================================
===========================================================================================================
===========================================================================================================
===========================================================================================================
Run Number is 4
Source Indices - Frequency: {0: 100, 1: 100, 2: 100, 3: 100, 4: 100, 5: 100, 6: 100, 7: 100, 8: 100, 9: 100}, Length: 1000
Target Indices - Frequency: {0: 100, 1: 100, 2: 100, 3: 100, 4: 100, 5: 100, 6: 100, 7: 100, 8: 100, 9: 100}, Length: 1000
Master Indices - Frequency: {0: 5723, 1: 6542, 2: 5758, 3: 5931, 4: 5642, 5: 5221, 6: 5718, 7: 6065, 8: 5651, 9: 5749}, Length: 58000
Intersection Check - Source & Target: set()
Intersection Check - Source & Master: set()
Intersection Check - Target & Master: set()
Epoch [1/10], Loss: 1.3898, Accuracy: 48.85%, Source: 1100, Target: 1100, Unlabeled: 57800
Epoch [2/10], Loss: 1.3855, Accuracy: 51.59%, Source: 1200, Target: 1200, Unlabeled: 57600
Epoch [3/10], Loss: 1.3880, Accuracy: 49.33%, Source: 1300, Target: 1300, Unlabeled: 57400
Epoch [4/10], Loss: 1.3872, Accuracy: 49.35%, Source: 1400, Target: 1400, Unlabeled: 57200
Epoch [5/10], Loss: 1.3866, Accuracy: 50.07%, Source: 1500, Target: 1500, Unlabeled: 57000
Epoch [6/10], Loss: 1.3860, Accuracy: 51.77%, Source: 1600, Target: 1600, Unlabeled: 56800
Epoch [7/10], Loss: 1.3861, Accuracy: 50.12%, Source: 1700, Target: 1700, Unlabeled: 56600
Epoch [8/10], Loss: 1.3861, Accuracy: 51.26%, Source: 1800, Target: 1800, Unlabeled: 56400
Epoch [9/10], Loss: 1.3861, Accuracy: 51.14%, Source: 1900, Target: 1900, Unlabeled: 56200
Epoch [10/10], Loss: 1.3867, Accuracy: 50.68%, Source: 2000, Target: 2000, Unlabeled: 56000
Model saved as models/ColoredMNIST_Train_20241126_152423.pth
Evaluation Test Accuracy: 50.28%, Source: 2000, Target: 2000, Unlabeled: 52000
===========================================================================================================
===========================================================================================================
===========================================================================================================
===========================================================================================================
Run Number is 5
Source Indices - Frequency: {0: 100, 1: 100, 2: 100, 3: 100, 4: 100, 5: 100, 6: 100, 7: 100, 8: 100, 9: 100}, Length: 1000
Target Indices - Frequency: {0: 100, 1: 100, 2: 100, 3: 100, 4: 100, 5: 100, 6: 100, 7: 100, 8: 100, 9: 100}, Length: 1000
Master Indices - Frequency: {0: 5723, 1: 6542, 2: 5758, 3: 5931, 4: 5642, 5: 5221, 6: 5718, 7: 6065, 8: 5651, 9: 5749}, Length: 58000
Intersection Check - Source & Target: set()
Intersection Check - Source & Master: set()
Intersection Check - Target & Master: set()
Epoch [1/10], Loss: 1.3911, Accuracy: 49.90%, Source: 1100, Target: 1100, Unlabeled: 57800
Epoch [2/10], Loss: 1.3869, Accuracy: 49.32%, Source: 1200, Target: 1200, Unlabeled: 57600
Epoch [3/10], Loss: 1.3872, Accuracy: 49.42%, Source: 1300, Target: 1300, Unlabeled: 57400
Epoch [4/10], Loss: 1.3872, Accuracy: 50.19%, Source: 1400, Target: 1400, Unlabeled: 57200
Epoch [5/10], Loss: 1.3866, Accuracy: 49.50%, Source: 1500, Target: 1500, Unlabeled: 57000
Epoch [6/10], Loss: 1.3861, Accuracy: 51.23%, Source: 1600, Target: 1600, Unlabeled: 56800
Epoch [7/10], Loss: 1.3860, Accuracy: 50.56%, Source: 1700, Target: 1700, Unlabeled: 56600
Epoch [8/10], Loss: 1.3867, Accuracy: 48.88%, Source: 1800, Target: 1800, Unlabeled: 56400
Epoch [9/10], Loss: 1.3860, Accuracy: 51.64%, Source: 1900, Target: 1900, Unlabeled: 56200
Epoch [10/10], Loss: 1.3863, Accuracy: 50.34%, Source: 2000, Target: 2000, Unlabeled: 56000
Model saved as models/ColoredMNIST_Train_20241126_152423.pth
Evaluation Test Accuracy: 49.50%, Source: 2000, Target: 2000, Unlabeled: 52000
===========================================================================================================
===========================================================================================================
===========================================================================================================
===========================================================================================================
Run Number is 6
Source Indices - Frequency: {0: 100, 1: 100, 2: 100, 3: 100, 4: 100, 5: 100, 6: 100, 7: 100, 8: 100, 9: 100}, Length: 1000
Target Indices - Frequency: {0: 100, 1: 100, 2: 100, 3: 100, 4: 100, 5: 100, 6: 100, 7: 100, 8: 100, 9: 100}, Length: 1000
Master Indices - Frequency: {0: 5723, 1: 6542, 2: 5758, 3: 5931, 4: 5642, 5: 5221, 6: 5718, 7: 6065, 8: 5651, 9: 5749}, Length: 58000
Intersection Check - Source & Target: set()
Intersection Check - Source & Master: set()
Intersection Check - Target & Master: set()
Epoch [1/10], Loss: 1.3907, Accuracy: 48.40%, Source: 1100, Target: 1100, Unlabeled: 57800
Epoch [2/10], Loss: 1.3872, Accuracy: 51.14%, Source: 1200, Target: 1200, Unlabeled: 57600
Epoch [3/10], Loss: 1.3845, Accuracy: 51.25%, Source: 1300, Target: 1300, Unlabeled: 57400
Epoch [4/10], Loss: 1.3880, Accuracy: 50.08%, Source: 1400, Target: 1400, Unlabeled: 57200
Epoch [5/10], Loss: 1.3867, Accuracy: 49.43%, Source: 1500, Target: 1500, Unlabeled: 57000
Epoch [6/10], Loss: 1.3866, Accuracy: 50.50%, Source: 1600, Target: 1600, Unlabeled: 56800
Epoch [7/10], Loss: 1.3866, Accuracy: 49.88%, Source: 1700, Target: 1700, Unlabeled: 56600
Epoch [8/10], Loss: 1.3855, Accuracy: 52.18%, Source: 1800, Target: 1800, Unlabeled: 56400
Epoch [9/10], Loss: 1.3864, Accuracy: 50.14%, Source: 1900, Target: 1900, Unlabeled: 56200
Epoch [10/10], Loss: 1.3854, Accuracy: 52.03%, Source: 2000, Target: 2000, Unlabeled: 56000
Model saved as models/ColoredMNIST_Train_20241126_152423.pth
Evaluation Test Accuracy: 50.68%, Source: 2000, Target: 2000, Unlabeled: 52000
===========================================================================================================
===========================================================================================================
===========================================================================================================
===========================================================================================================
Run Number is 7
Source Indices - Frequency: {0: 100, 1: 100, 2: 100, 3: 100, 4: 100, 5: 100, 6: 100, 7: 100, 8: 100, 9: 100}, Length: 1000
Target Indices - Frequency: {0: 100, 1: 100, 2: 100, 3: 100, 4: 100, 5: 100, 6: 100, 7: 100, 8: 100, 9: 100}, Length: 1000
Master Indices - Frequency: {0: 5723, 1: 6542, 2: 5758, 3: 5931, 4: 5642, 5: 5221, 6: 5718, 7: 6065, 8: 5651, 9: 5749}, Length: 58000
Intersection Check - Source & Target: set()
Intersection Check - Source & Master: set()
Intersection Check - Target & Master: set()
Epoch [1/10], Loss: 1.3915, Accuracy: 47.25%, Source: 1100, Target: 1100, Unlabeled: 57800
Epoch [2/10], Loss: 1.3870, Accuracy: 49.32%, Source: 1200, Target: 1200, Unlabeled: 57600
Epoch [3/10], Loss: 1.3849, Accuracy: 50.12%, Source: 1300, Target: 1300, Unlabeled: 57400
Epoch [4/10], Loss: 1.3875, Accuracy: 49.46%, Source: 1400, Target: 1400, Unlabeled: 57200
Epoch [5/10], Loss: 1.3857, Accuracy: 50.82%, Source: 1500, Target: 1500, Unlabeled: 57000
Epoch [6/10], Loss: 1.3865, Accuracy: 50.07%, Source: 1600, Target: 1600, Unlabeled: 56800
Epoch [7/10], Loss: 1.3862, Accuracy: 50.66%, Source: 1700, Target: 1700, Unlabeled: 56600
Epoch [8/10], Loss: 1.3865, Accuracy: 51.56%, Source: 1800, Target: 1800, Unlabeled: 56400
Epoch [9/10], Loss: 1.3862, Accuracy: 50.72%, Source: 1900, Target: 1900, Unlabeled: 56200
Epoch [10/10], Loss: 1.3861, Accuracy: 50.87%, Source: 2000, Target: 2000, Unlabeled: 56000
Model saved as models/ColoredMNIST_Train_20241126_152423.pth
Evaluation Test Accuracy: 50.80%, Source: 2000, Target: 2000, Unlabeled: 52000
===========================================================================================================
===========================================================================================================
===========================================================================================================
===========================================================================================================
Run Number is 8
Source Indices - Frequency: {0: 100, 1: 100, 2: 100, 3: 100, 4: 100, 5: 100, 6: 100, 7: 100, 8: 100, 9: 100}, Length: 1000
Target Indices - Frequency: {0: 100, 1: 100, 2: 100, 3: 100, 4: 100, 5: 100, 6: 100, 7: 100, 8: 100, 9: 100}, Length: 1000
Master Indices - Frequency: {0: 5723, 1: 6542, 2: 5758, 3: 5931, 4: 5642, 5: 5221, 6: 5718, 7: 6065, 8: 5651, 9: 5749}, Length: 58000
Intersection Check - Source & Target: set()
Intersection Check - Source & Master: set()
Intersection Check - Target & Master: set()
Epoch [1/10], Loss: 1.3946, Accuracy: 49.85%, Source: 1100, Target: 1100, Unlabeled: 57800
Epoch [2/10], Loss: 1.3866, Accuracy: 51.73%, Source: 1200, Target: 1200, Unlabeled: 57600
Epoch [3/10], Loss: 1.3867, Accuracy: 49.71%, Source: 1300, Target: 1300, Unlabeled: 57400
Epoch [4/10], Loss: 1.3862, Accuracy: 51.19%, Source: 1400, Target: 1400, Unlabeled: 57200
Epoch [5/10], Loss: 1.3841, Accuracy: 51.79%, Source: 1500, Target: 1500, Unlabeled: 57000
Epoch [6/10], Loss: 1.3843, Accuracy: 52.57%, Source: 1600, Target: 1600, Unlabeled: 56800
Epoch [7/10], Loss: 1.3846, Accuracy: 52.00%, Source: 1700, Target: 1700, Unlabeled: 56600
Epoch [8/10], Loss: 1.3845, Accuracy: 52.18%, Source: 1800, Target: 1800, Unlabeled: 56400
Epoch [9/10], Loss: 1.3833, Accuracy: 51.61%, Source: 1900, Target: 1900, Unlabeled: 56200
Epoch [10/10], Loss: 1.3834, Accuracy: 52.11%, Source: 2000, Target: 2000, Unlabeled: 56000
Model saved as models/ColoredMNIST_Train_20241126_152423.pth
Evaluation Test Accuracy: 50.22%, Source: 2000, Target: 2000, Unlabeled: 52000
===========================================================================================================
===========================================================================================================
===========================================================================================================
===========================================================================================================
Run Number is 9
Source Indices - Frequency: {0: 100, 1: 100, 2: 100, 3: 100, 4: 100, 5: 100, 6: 100, 7: 100, 8: 100, 9: 100}, Length: 1000
Target Indices - Frequency: {0: 100, 1: 100, 2: 100, 3: 100, 4: 100, 5: 100, 6: 100, 7: 100, 8: 100, 9: 100}, Length: 1000
Master Indices - Frequency: {0: 5723, 1: 6542, 2: 5758, 3: 5931, 4: 5642, 5: 5221, 6: 5718, 7: 6065, 8: 5651, 9: 5749}, Length: 58000
Intersection Check - Source & Target: set()
Intersection Check - Source & Master: set()
Intersection Check - Target & Master: set()
Epoch [1/10], Loss: 1.3894, Accuracy: 49.30%, Source: 1100, Target: 1100, Unlabeled: 57800
Epoch [2/10], Loss: 1.3872, Accuracy: 49.82%, Source: 1200, Target: 1200, Unlabeled: 57600
Epoch [3/10], Loss: 1.3864, Accuracy: 50.92%, Source: 1300, Target: 1300, Unlabeled: 57400
Epoch [4/10], Loss: 1.3861, Accuracy: 51.69%, Source: 1400, Target: 1400, Unlabeled: 57200
Epoch [5/10], Loss: 1.3867, Accuracy: 50.57%, Source: 1500, Target: 1500, Unlabeled: 57000
Epoch [6/10], Loss: 1.3871, Accuracy: 49.40%, Source: 1600, Target: 1600, Unlabeled: 56800
Epoch [7/10], Loss: 1.3861, Accuracy: 50.72%, Source: 1700, Target: 1700, Unlabeled: 56600
Epoch [8/10], Loss: 1.3850, Accuracy: 52.26%, Source: 1800, Target: 1800, Unlabeled: 56400
Epoch [9/10], Loss: 1.3855, Accuracy: 51.69%, Source: 1900, Target: 1900, Unlabeled: 56200
Epoch [10/10], Loss: 1.3860, Accuracy: 52.03%, Source: 2000, Target: 2000, Unlabeled: 56000
Model saved as models/ColoredMNIST_Train_20241126_152423.pth
Evaluation Test Accuracy: 51.30%, Source: 2000, Target: 2000, Unlabeled: 52000
===========================================================================================================
===========================================================================================================
===========================================================================================================
===========================================================================================================
Run Number is 10
Source Indices - Frequency: {0: 100, 1: 100, 2: 100, 3: 100, 4: 100, 5: 100, 6: 100, 7: 100, 8: 100, 9: 100}, Length: 1000
Target Indices - Frequency: {0: 100, 1: 100, 2: 100, 3: 100, 4: 100, 5: 100, 6: 100, 7: 100, 8: 100, 9: 100}, Length: 1000
Master Indices - Frequency: {0: 5723, 1: 6542, 2: 5758, 3: 5931, 4: 5642, 5: 5221, 6: 5718, 7: 6065, 8: 5651, 9: 5749}, Length: 58000
Intersection Check - Source & Target: set()
Intersection Check - Source & Master: set()
Intersection Check - Target & Master: set()
Epoch [1/10], Loss: 1.3904, Accuracy: 49.80%, Source: 1100, Target: 1100, Unlabeled: 57800
Epoch [2/10], Loss: 1.3861, Accuracy: 50.73%, Source: 1200, Target: 1200, Unlabeled: 57600
Epoch [3/10], Loss: 1.3879, Accuracy: 49.83%, Source: 1300, Target: 1300, Unlabeled: 57400
Epoch [4/10], Loss: 1.3881, Accuracy: 49.50%, Source: 1400, Target: 1400, Unlabeled: 57200
Epoch [5/10], Loss: 1.3860, Accuracy: 50.29%, Source: 1500, Target: 1500, Unlabeled: 57000
Epoch [6/10], Loss: 1.3855, Accuracy: 50.30%, Source: 1600, Target: 1600, Unlabeled: 56800
Epoch [7/10], Loss: 1.3873, Accuracy: 50.22%, Source: 1700, Target: 1700, Unlabeled: 56600
Epoch [8/10], Loss: 1.3860, Accuracy: 50.18%, Source: 1800, Target: 1800, Unlabeled: 56400
Epoch [9/10], Loss: 1.3859, Accuracy: 50.03%, Source: 1900, Target: 1900, Unlabeled: 56200
Epoch [10/10], Loss: 1.3861, Accuracy: 51.03%, Source: 2000, Target: 2000, Unlabeled: 56000
Model saved as models/ColoredMNIST_Train_20241126_152423.pth
Evaluation Test Accuracy: 49.80%, Source: 2000, Target: 2000, Unlabeled: 52000
===========================================================================================================
===========================================================================================================
===========================================================================================================
===========================================================================================================
Run Number is 11
Source Indices - Frequency: {0: 100, 1: 100, 2: 100, 3: 100, 4: 100, 5: 100, 6: 100, 7: 100, 8: 100, 9: 100}, Length: 1000
Target Indices - Frequency: {0: 100, 1: 100, 2: 100, 3: 100, 4: 100, 5: 100, 6: 100, 7: 100, 8: 100, 9: 100}, Length: 1000
Master Indices - Frequency: {0: 5723, 1: 6542, 2: 5758, 3: 5931, 4: 5642, 5: 5221, 6: 5718, 7: 6065, 8: 5651, 9: 5749}, Length: 58000
Intersection Check - Source & Target: set()
Intersection Check - Source & Master: set()
Intersection Check - Target & Master: set()
Epoch [1/10], Loss: 1.3912, Accuracy: 50.55%, Source: 1100, Target: 1100, Unlabeled: 57800
Epoch [2/10], Loss: 1.3874, Accuracy: 49.73%, Source: 1200, Target: 1200, Unlabeled: 57600
Epoch [3/10], Loss: 1.3872, Accuracy: 49.88%, Source: 1300, Target: 1300, Unlabeled: 57400
Epoch [4/10], Loss: 1.3868, Accuracy: 48.58%, Source: 1400, Target: 1400, Unlabeled: 57200
Epoch [5/10], Loss: 1.3859, Accuracy: 50.29%, Source: 1500, Target: 1500, Unlabeled: 57000
Epoch [6/10], Loss: 1.3871, Accuracy: 50.40%, Source: 1600, Target: 1600, Unlabeled: 56800
Epoch [7/10], Loss: 1.3863, Accuracy: 50.75%, Source: 1700, Target: 1700, Unlabeled: 56600
Epoch [8/10], Loss: 1.3863, Accuracy: 51.06%, Source: 1800, Target: 1800, Unlabeled: 56400
Epoch [9/10], Loss: 1.3864, Accuracy: 50.25%, Source: 1900, Target: 1900, Unlabeled: 56200
Epoch [10/10], Loss: 1.3859, Accuracy: 51.16%, Source: 2000, Target: 2000, Unlabeled: 56000
Model saved as models/ColoredMNIST_Train_20241126_152423.pth
Evaluation Test Accuracy: 49.55%, Source: 2000, Target: 2000, Unlabeled: 52000
===========================================================================================================
===========================================================================================================
===========================================================================================================
===========================================================================================================
Run Number is 12
Source Indices - Frequency: {0: 100, 1: 100, 2: 100, 3: 100, 4: 100, 5: 100, 6: 100, 7: 100, 8: 100, 9: 100}, Length: 1000
Target Indices - Frequency: {0: 100, 1: 100, 2: 100, 3: 100, 4: 100, 5: 100, 6: 100, 7: 100, 8: 100, 9: 100}, Length: 1000
Master Indices - Frequency: {0: 5723, 1: 6542, 2: 5758, 3: 5931, 4: 5642, 5: 5221, 6: 5718, 7: 6065, 8: 5651, 9: 5749}, Length: 58000
Intersection Check - Source & Target: set()
Intersection Check - Source & Master: set()
Intersection Check - Target & Master: set()
Epoch [1/10], Loss: 1.3933, Accuracy: 49.15%, Source: 1100, Target: 1100, Unlabeled: 57800
Epoch [2/10], Loss: 1.3870, Accuracy: 48.82%, Source: 1200, Target: 1200, Unlabeled: 57600
Epoch [3/10], Loss: 1.3875, Accuracy: 49.83%, Source: 1300, Target: 1300, Unlabeled: 57400
Epoch [4/10], Loss: 1.3886, Accuracy: 49.88%, Source: 1400, Target: 1400, Unlabeled: 57200
Epoch [5/10], Loss: 1.3866, Accuracy: 49.39%, Source: 1500, Target: 1500, Unlabeled: 57000
Epoch [6/10], Loss: 1.3865, Accuracy: 49.83%, Source: 1600, Target: 1600, Unlabeled: 56800
Epoch [7/10], Loss: 1.3854, Accuracy: 51.81%, Source: 1700, Target: 1700, Unlabeled: 56600
Epoch [8/10], Loss: 1.3868, Accuracy: 50.09%, Source: 1800, Target: 1800, Unlabeled: 56400
Epoch [9/10], Loss: 1.3864, Accuracy: 50.03%, Source: 1900, Target: 1900, Unlabeled: 56200
Epoch [10/10], Loss: 1.3863, Accuracy: 50.63%, Source: 2000, Target: 2000, Unlabeled: 56000
Model saved as models/ColoredMNIST_Train_20241126_152423.pth
Evaluation Test Accuracy: 50.08%, Source: 2000, Target: 2000, Unlabeled: 52000
===========================================================================================================
===========================================================================================================
===========================================================================================================
===========================================================================================================
Run Number is 13
Source Indices - Frequency: {0: 100, 1: 100, 2: 100, 3: 100, 4: 100, 5: 100, 6: 100, 7: 100, 8: 100, 9: 100}, Length: 1000
Target Indices - Frequency: {0: 100, 1: 100, 2: 100, 3: 100, 4: 100, 5: 100, 6: 100, 7: 100, 8: 100, 9: 100}, Length: 1000
Master Indices - Frequency: {0: 5723, 1: 6542, 2: 5758, 3: 5931, 4: 5642, 5: 5221, 6: 5718, 7: 6065, 8: 5651, 9: 5749}, Length: 58000
Intersection Check - Source & Target: set()
Intersection Check - Source & Master: set()
Intersection Check - Target & Master: set()
Epoch [1/10], Loss: 1.3880, Accuracy: 51.85%, Source: 1100, Target: 1100, Unlabeled: 57800
Epoch [2/10], Loss: 1.3876, Accuracy: 51.00%, Source: 1200, Target: 1200, Unlabeled: 57600
Epoch [3/10], Loss: 1.3866, Accuracy: 50.33%, Source: 1300, Target: 1300, Unlabeled: 57400
Epoch [4/10], Loss: 1.3864, Accuracy: 51.35%, Source: 1400, Target: 1400, Unlabeled: 57200
Epoch [5/10], Loss: 1.3855, Accuracy: 51.46%, Source: 1500, Target: 1500, Unlabeled: 57000
Epoch [6/10], Loss: 1.3857, Accuracy: 51.27%, Source: 1600, Target: 1600, Unlabeled: 56800
Epoch [7/10], Loss: 1.3851, Accuracy: 51.31%, Source: 1700, Target: 1700, Unlabeled: 56600
Epoch [8/10], Loss: 1.3860, Accuracy: 51.41%, Source: 1800, Target: 1800, Unlabeled: 56400
Epoch [9/10], Loss: 1.3851, Accuracy: 52.06%, Source: 1900, Target: 1900, Unlabeled: 56200
Epoch [10/10], Loss: 1.3847, Accuracy: 51.89%, Source: 2000, Target: 2000, Unlabeled: 56000
Model saved as models/ColoredMNIST_Train_20241126_152423.pth
Evaluation Test Accuracy: 49.40%, Source: 2000, Target: 2000, Unlabeled: 52000
===========================================================================================================
===========================================================================================================
===========================================================================================================
===========================================================================================================
Run Number is 14
Source Indices - Frequency: {0: 100, 1: 100, 2: 100, 3: 100, 4: 100, 5: 100, 6: 100, 7: 100, 8: 100, 9: 100}, Length: 1000
Target Indices - Frequency: {0: 100, 1: 100, 2: 100, 3: 100, 4: 100, 5: 100, 6: 100, 7: 100, 8: 100, 9: 100}, Length: 1000
Master Indices - Frequency: {0: 5723, 1: 6542, 2: 5758, 3: 5931, 4: 5642, 5: 5221, 6: 5718, 7: 6065, 8: 5651, 9: 5749}, Length: 58000
Intersection Check - Source & Target: set()
Intersection Check - Source & Master: set()
Intersection Check - Target & Master: set()
Epoch [1/10], Loss: 1.3900, Accuracy: 49.30%, Source: 1100, Target: 1100, Unlabeled: 57800
Epoch [2/10], Loss: 1.3876, Accuracy: 50.55%, Source: 1200, Target: 1200, Unlabeled: 57600
Epoch [3/10], Loss: 1.3869, Accuracy: 50.17%, Source: 1300, Target: 1300, Unlabeled: 57400
Epoch [4/10], Loss: 1.3858, Accuracy: 51.58%, Source: 1400, Target: 1400, Unlabeled: 57200
Epoch [5/10], Loss: 1.3874, Accuracy: 49.93%, Source: 1500, Target: 1500, Unlabeled: 57000
Epoch [6/10], Loss: 1.3864, Accuracy: 49.60%, Source: 1600, Target: 1600, Unlabeled: 56800
Epoch [7/10], Loss: 1.3867, Accuracy: 50.12%, Source: 1700, Target: 1700, Unlabeled: 56600
Epoch [8/10], Loss: 1.3858, Accuracy: 50.97%, Source: 1800, Target: 1800, Unlabeled: 56400
Epoch [9/10], Loss: 1.3860, Accuracy: 50.33%, Source: 1900, Target: 1900, Unlabeled: 56200
Epoch [10/10], Loss: 1.3851, Accuracy: 50.34%, Source: 2000, Target: 2000, Unlabeled: 56000
Model saved as models/ColoredMNIST_Train_20241126_152423.pth
Evaluation Test Accuracy: 50.70%, Source: 2000, Target: 2000, Unlabeled: 52000
===========================================================================================================
===========================================================================================================
===========================================================================================================
===========================================================================================================
Run Number is 15
Source Indices - Frequency: {0: 100, 1: 100, 2: 100, 3: 100, 4: 100, 5: 100, 6: 100, 7: 100, 8: 100, 9: 100}, Length: 1000
Target Indices - Frequency: {0: 100, 1: 100, 2: 100, 3: 100, 4: 100, 5: 100, 6: 100, 7: 100, 8: 100, 9: 100}, Length: 1000
Master Indices - Frequency: {0: 5723, 1: 6542, 2: 5758, 3: 5931, 4: 5642, 5: 5221, 6: 5718, 7: 6065, 8: 5651, 9: 5749}, Length: 58000
Intersection Check - Source & Target: set()
Intersection Check - Source & Master: set()
Intersection Check - Target & Master: set()
Epoch [1/10], Loss: 1.3907, Accuracy: 48.90%, Source: 1100, Target: 1100, Unlabeled: 57800
Epoch [2/10], Loss: 1.3870, Accuracy: 50.50%, Source: 1200, Target: 1200, Unlabeled: 57600
Epoch [3/10], Loss: 1.3870, Accuracy: 50.21%, Source: 1300, Target: 1300, Unlabeled: 57400
Epoch [4/10], Loss: 1.3858, Accuracy: 50.54%, Source: 1400, Target: 1400, Unlabeled: 57200
Epoch [5/10], Loss: 1.3870, Accuracy: 50.21%, Source: 1500, Target: 1500, Unlabeled: 57000
Epoch [6/10], Loss: 1.3871, Accuracy: 50.37%, Source: 1600, Target: 1600, Unlabeled: 56800
Epoch [7/10], Loss: 1.3864, Accuracy: 50.81%, Source: 1700, Target: 1700, Unlabeled: 56600
Epoch [8/10], Loss: 1.3858, Accuracy: 50.62%, Source: 1800, Target: 1800, Unlabeled: 56400
Epoch [9/10], Loss: 1.3865, Accuracy: 50.89%, Source: 1900, Target: 1900, Unlabeled: 56200
Epoch [10/10], Loss: 1.3860, Accuracy: 50.55%, Source: 2000, Target: 2000, Unlabeled: 56000
Model saved as models/ColoredMNIST_Train_20241126_152423.pth
Evaluation Test Accuracy: 49.75%, Source: 2000, Target: 2000, Unlabeled: 52000
===========================================================================================================
===========================================================================================================
===========================================================================================================
===========================================================================================================
Run Number is 16
Source Indices - Frequency: {0: 100, 1: 100, 2: 100, 3: 100, 4: 100, 5: 100, 6: 100, 7: 100, 8: 100, 9: 100}, Length: 1000
Target Indices - Frequency: {0: 100, 1: 100, 2: 100, 3: 100, 4: 100, 5: 100, 6: 100, 7: 100, 8: 100, 9: 100}, Length: 1000
Master Indices - Frequency: {0: 5723, 1: 6542, 2: 5758, 3: 5931, 4: 5642, 5: 5221, 6: 5718, 7: 6065, 8: 5651, 9: 5749}, Length: 58000
Intersection Check - Source & Target: set()
Intersection Check - Source & Master: set()
Intersection Check - Target & Master: set()
Epoch [1/10], Loss: 1.3915, Accuracy: 49.35%, Source: 1100, Target: 1100, Unlabeled: 57800
Epoch [2/10], Loss: 1.3870, Accuracy: 49.36%, Source: 1200, Target: 1200, Unlabeled: 57600
Epoch [3/10], Loss: 1.3860, Accuracy: 51.00%, Source: 1300, Target: 1300, Unlabeled: 57400
Epoch [4/10], Loss: 1.3865, Accuracy: 50.42%, Source: 1400, Target: 1400, Unlabeled: 57200
Epoch [5/10], Loss: 1.3868, Accuracy: 50.61%, Source: 1500, Target: 1500, Unlabeled: 57000
Epoch [6/10], Loss: 1.3862, Accuracy: 50.70%, Source: 1600, Target: 1600, Unlabeled: 56800
Epoch [7/10], Loss: 1.3865, Accuracy: 50.09%, Source: 1700, Target: 1700, Unlabeled: 56600
Epoch [8/10], Loss: 1.3850, Accuracy: 51.74%, Source: 1800, Target: 1800, Unlabeled: 56400
Epoch [9/10], Loss: 1.3858, Accuracy: 51.28%, Source: 1900, Target: 1900, Unlabeled: 56200
Epoch [10/10], Loss: 1.3850, Accuracy: 52.16%, Source: 2000, Target: 2000, Unlabeled: 56000
Model saved as models/ColoredMNIST_Train_20241126_152423.pth
Evaluation Test Accuracy: 50.12%, Source: 2000, Target: 2000, Unlabeled: 52000
===========================================================================================================
===========================================================================================================
===========================================================================================================
===========================================================================================================
Run Number is 17
Source Indices - Frequency: {0: 100, 1: 100, 2: 100, 3: 100, 4: 100, 5: 100, 6: 100, 7: 100, 8: 100, 9: 100}, Length: 1000
Target Indices - Frequency: {0: 100, 1: 100, 2: 100, 3: 100, 4: 100, 5: 100, 6: 100, 7: 100, 8: 100, 9: 100}, Length: 1000
Master Indices - Frequency: {0: 5723, 1: 6542, 2: 5758, 3: 5931, 4: 5642, 5: 5221, 6: 5718, 7: 6065, 8: 5651, 9: 5749}, Length: 58000
Intersection Check - Source & Target: set()
Intersection Check - Source & Master: set()
Intersection Check - Target & Master: set()
Epoch [1/10], Loss: 1.3922, Accuracy: 48.35%, Source: 1100, Target: 1100, Unlabeled: 57800
Epoch [2/10], Loss: 1.3873, Accuracy: 50.09%, Source: 1200, Target: 1200, Unlabeled: 57600
Epoch [3/10], Loss: 1.3858, Accuracy: 52.08%, Source: 1300, Target: 1300, Unlabeled: 57400
Epoch [4/10], Loss: 1.3875, Accuracy: 49.38%, Source: 1400, Target: 1400, Unlabeled: 57200
Epoch [5/10], Loss: 1.3863, Accuracy: 50.96%, Source: 1500, Target: 1500, Unlabeled: 57000
Epoch [6/10], Loss: 1.3868, Accuracy: 50.37%, Source: 1600, Target: 1600, Unlabeled: 56800
Epoch [7/10], Loss: 1.3869, Accuracy: 50.00%, Source: 1700, Target: 1700, Unlabeled: 56600
Epoch [8/10], Loss: 1.3856, Accuracy: 51.71%, Source: 1800, Target: 1800, Unlabeled: 56400
Epoch [9/10], Loss: 1.3859, Accuracy: 51.17%, Source: 1900, Target: 1900, Unlabeled: 56200
Epoch [10/10], Loss: 1.3861, Accuracy: 52.24%, Source: 2000, Target: 2000, Unlabeled: 56000
Model saved as models/ColoredMNIST_Train_20241126_152423.pth
Evaluation Test Accuracy: 50.05%, Source: 2000, Target: 2000, Unlabeled: 52000
===========================================================================================================
===========================================================================================================
===========================================================================================================
===========================================================================================================
Run Number is 18
Source Indices - Frequency: {0: 100, 1: 100, 2: 100, 3: 100, 4: 100, 5: 100, 6: 100, 7: 100, 8: 100, 9: 100}, Length: 1000
Target Indices - Frequency: {0: 100, 1: 100, 2: 100, 3: 100, 4: 100, 5: 100, 6: 100, 7: 100, 8: 100, 9: 100}, Length: 1000
Master Indices - Frequency: {0: 5723, 1: 6542, 2: 5758, 3: 5931, 4: 5642, 5: 5221, 6: 5718, 7: 6065, 8: 5651, 9: 5749}, Length: 58000
Intersection Check - Source & Target: set()
Intersection Check - Source & Master: set()
Intersection Check - Target & Master: set()
Epoch [1/10], Loss: 1.3916, Accuracy: 49.45%, Source: 1100, Target: 1100, Unlabeled: 57800
Epoch [2/10], Loss: 1.3874, Accuracy: 50.27%, Source: 1200, Target: 1200, Unlabeled: 57600
Epoch [3/10], Loss: 1.3863, Accuracy: 51.08%, Source: 1300, Target: 1300, Unlabeled: 57400
Epoch [4/10], Loss: 1.3883, Accuracy: 49.96%, Source: 1400, Target: 1400, Unlabeled: 57200
Epoch [5/10], Loss: 1.3861, Accuracy: 50.71%, Source: 1500, Target: 1500, Unlabeled: 57000
Epoch [6/10], Loss: 1.3857, Accuracy: 50.87%, Source: 1600, Target: 1600, Unlabeled: 56800
Epoch [7/10], Loss: 1.3851, Accuracy: 51.22%, Source: 1700, Target: 1700, Unlabeled: 56600
Epoch [8/10], Loss: 1.3863, Accuracy: 49.47%, Source: 1800, Target: 1800, Unlabeled: 56400
Epoch [9/10], Loss: 1.3844, Accuracy: 51.11%, Source: 1900, Target: 1900, Unlabeled: 56200
Epoch [10/10], Loss: 1.3880, Accuracy: 49.32%, Source: 2000, Target: 2000, Unlabeled: 56000
Model saved as models/ColoredMNIST_Train_20241126_152423.pth
Evaluation Test Accuracy: 49.33%, Source: 2000, Target: 2000, Unlabeled: 52000
===========================================================================================================
===========================================================================================================
===========================================================================================================
===========================================================================================================
Run Number is 19
Source Indices - Frequency: {0: 100, 1: 100, 2: 100, 3: 100, 4: 100, 5: 100, 6: 100, 7: 100, 8: 100, 9: 100}, Length: 1000
Target Indices - Frequency: {0: 100, 1: 100, 2: 100, 3: 100, 4: 100, 5: 100, 6: 100, 7: 100, 8: 100, 9: 100}, Length: 1000
Master Indices - Frequency: {0: 5723, 1: 6542, 2: 5758, 3: 5931, 4: 5642, 5: 5221, 6: 5718, 7: 6065, 8: 5651, 9: 5749}, Length: 58000
Intersection Check - Source & Target: set()
Intersection Check - Source & Master: set()
Intersection Check - Target & Master: set()
Epoch [1/10], Loss: 1.3911, Accuracy: 50.50%, Source: 1100, Target: 1100, Unlabeled: 57800
Epoch [2/10], Loss: 1.3856, Accuracy: 51.68%, Source: 1200, Target: 1200, Unlabeled: 57600
Epoch [3/10], Loss: 1.3864, Accuracy: 49.71%, Source: 1300, Target: 1300, Unlabeled: 57400
Epoch [4/10], Loss: 1.3877, Accuracy: 49.65%, Source: 1400, Target: 1400, Unlabeled: 57200
Epoch [5/10], Loss: 1.3865, Accuracy: 50.86%, Source: 1500, Target: 1500, Unlabeled: 57000
Epoch [6/10], Loss: 1.3865, Accuracy: 48.97%, Source: 1600, Target: 1600, Unlabeled: 56800
Epoch [7/10], Loss: 1.3861, Accuracy: 51.09%, Source: 1700, Target: 1700, Unlabeled: 56600
Epoch [8/10], Loss: 1.3863, Accuracy: 50.76%, Source: 1800, Target: 1800, Unlabeled: 56400
Epoch [9/10], Loss: 1.3858, Accuracy: 51.03%, Source: 1900, Target: 1900, Unlabeled: 56200
Epoch [10/10], Loss: 1.3853, Accuracy: 51.11%, Source: 2000, Target: 2000, Unlabeled: 56000
Model saved as models/ColoredMNIST_Train_20241126_152423.pth
Evaluation Test Accuracy: 50.55%, Source: 2000, Target: 2000, Unlabeled: 52000
===========================================================================================================
===========================================================================================================
===========================================================================================================
===========================================================================================================
