Run Number is 0
Source Indices - Frequency: {0: 100, 1: 100, 2: 100, 3: 100, 4: 100, 5: 100, 6: 100, 7: 100, 8: 100, 9: 100}, Length: 1000
Target Indices - Frequency: {0: 100, 1: 100, 2: 100, 3: 100, 4: 100, 5: 100, 6: 100, 7: 100, 8: 100, 9: 100}, Length: 1000
Master Indices - Frequency: {0: 5723, 1: 6542, 2: 5758, 3: 5931, 4: 5642, 5: 5221, 6: 5718, 7: 6065, 8: 5651, 9: 5749}, Length: 58000
Intersection Check - Source & Target: set()
Intersection Check - Source & Master: set()
Intersection Check - Target & Master: set()
Epoch [1/10], Loss: 1.3909, Accuracy: 49.90%, Source: 1100, Target: 1100, Unlabeled: 57800
Epoch [2/10], Loss: 1.3863, Accuracy: 49.00%, Source: 1200, Target: 1200, Unlabeled: 57600
Epoch [3/10], Loss: 1.3871, Accuracy: 51.12%, Source: 1300, Target: 1300, Unlabeled: 57400
Epoch [4/10], Loss: 1.3867, Accuracy: 51.46%, Source: 1400, Target: 1400, Unlabeled: 57200
Epoch [5/10], Loss: 1.3866, Accuracy: 51.36%, Source: 1500, Target: 1500, Unlabeled: 57000
Epoch [6/10], Loss: 1.3859, Accuracy: 50.77%, Source: 1600, Target: 1600, Unlabeled: 56800
Epoch [7/10], Loss: 1.3870, Accuracy: 50.88%, Source: 1700, Target: 1700, Unlabeled: 56600
Epoch [8/10], Loss: 1.3864, Accuracy: 49.68%, Source: 1800, Target: 1800, Unlabeled: 56400
Epoch [9/10], Loss: 1.3868, Accuracy: 49.39%, Source: 1900, Target: 1900, Unlabeled: 56200
Epoch [10/10], Loss: 1.3859, Accuracy: 51.05%, Source: 2000, Target: 2000, Unlabeled: 56000
Model saved as models/ColoredMNIST_Train_20241125_014417.pth
Evaluation Test Accuracy: 50.55%, Source: 2000, Target: 2000, Unlabeled: 52000
===========================================================================================================
===========================================================================================================
===========================================================================================================
===========================================================================================================
Run Number is 1
Source Indices - Frequency: {0: 100, 1: 100, 2: 100, 3: 100, 4: 100, 5: 100, 6: 100, 7: 100, 8: 100, 9: 100}, Length: 1000
Target Indices - Frequency: {0: 100, 1: 100, 2: 100, 3: 100, 4: 100, 5: 100, 6: 100, 7: 100, 8: 100, 9: 100}, Length: 1000
Master Indices - Frequency: {0: 5723, 1: 6542, 2: 5758, 3: 5931, 4: 5642, 5: 5221, 6: 5718, 7: 6065, 8: 5651, 9: 5749}, Length: 58000
Intersection Check - Source & Target: set()
Intersection Check - Source & Master: set()
Intersection Check - Target & Master: set()
Epoch [1/10], Loss: 1.3930, Accuracy: 48.25%, Source: 1100, Target: 1100, Unlabeled: 57800
Epoch [2/10], Loss: 1.3867, Accuracy: 50.27%, Source: 1200, Target: 1200, Unlabeled: 57600
Epoch [3/10], Loss: 1.3869, Accuracy: 49.54%, Source: 1300, Target: 1300, Unlabeled: 57400
Epoch [4/10], Loss: 1.3865, Accuracy: 49.58%, Source: 1400, Target: 1400, Unlabeled: 57200
Epoch [5/10], Loss: 1.3861, Accuracy: 51.54%, Source: 1500, Target: 1500, Unlabeled: 57000
Epoch [6/10], Loss: 1.3867, Accuracy: 49.80%, Source: 1600, Target: 1600, Unlabeled: 56800
Epoch [7/10], Loss: 1.3863, Accuracy: 49.25%, Source: 1700, Target: 1700, Unlabeled: 56600
Epoch [8/10], Loss: 1.3863, Accuracy: 51.18%, Source: 1800, Target: 1800, Unlabeled: 56400
Epoch [9/10], Loss: 1.3861, Accuracy: 50.81%, Source: 1900, Target: 1900, Unlabeled: 56200
Epoch [10/10], Loss: 1.3861, Accuracy: 50.79%, Source: 2000, Target: 2000, Unlabeled: 56000
Model saved as models/ColoredMNIST_Train_20241125_014417.pth
Evaluation Test Accuracy: 49.83%, Source: 2000, Target: 2000, Unlabeled: 52000
===========================================================================================================
===========================================================================================================
===========================================================================================================
===========================================================================================================
Run Number is 2
Source Indices - Frequency: {0: 100, 1: 100, 2: 100, 3: 100, 4: 100, 5: 100, 6: 100, 7: 100, 8: 100, 9: 100}, Length: 1000
Target Indices - Frequency: {0: 100, 1: 100, 2: 100, 3: 100, 4: 100, 5: 100, 6: 100, 7: 100, 8: 100, 9: 100}, Length: 1000
Master Indices - Frequency: {0: 5723, 1: 6542, 2: 5758, 3: 5931, 4: 5642, 5: 5221, 6: 5718, 7: 6065, 8: 5651, 9: 5749}, Length: 58000
Intersection Check - Source & Target: set()
Intersection Check - Source & Master: set()
Intersection Check - Target & Master: set()
Epoch [1/10], Loss: 1.3921, Accuracy: 50.45%, Source: 1100, Target: 1100, Unlabeled: 57800
Epoch [2/10], Loss: 1.3869, Accuracy: 50.73%, Source: 1200, Target: 1200, Unlabeled: 57600
Epoch [3/10], Loss: 1.3881, Accuracy: 50.42%, Source: 1300, Target: 1300, Unlabeled: 57400
Epoch [4/10], Loss: 1.3870, Accuracy: 50.15%, Source: 1400, Target: 1400, Unlabeled: 57200
Epoch [5/10], Loss: 1.3856, Accuracy: 50.50%, Source: 1500, Target: 1500, Unlabeled: 57000
Epoch [6/10], Loss: 1.3865, Accuracy: 51.17%, Source: 1600, Target: 1600, Unlabeled: 56800
Epoch [7/10], Loss: 1.3851, Accuracy: 50.91%, Source: 1700, Target: 1700, Unlabeled: 56600
Epoch [8/10], Loss: 1.3845, Accuracy: 52.50%, Source: 1800, Target: 1800, Unlabeled: 56400
Epoch [9/10], Loss: 1.3858, Accuracy: 50.50%, Source: 1900, Target: 1900, Unlabeled: 56200
Epoch [10/10], Loss: 1.3853, Accuracy: 51.39%, Source: 2000, Target: 2000, Unlabeled: 56000
Model saved as models/ColoredMNIST_Train_20241125_014417.pth
Evaluation Test Accuracy: 49.23%, Source: 2000, Target: 2000, Unlabeled: 52000
===========================================================================================================
===========================================================================================================
===========================================================================================================
===========================================================================================================
Run Number is 3
Source Indices - Frequency: {0: 100, 1: 100, 2: 100, 3: 100, 4: 100, 5: 100, 6: 100, 7: 100, 8: 100, 9: 100}, Length: 1000
Target Indices - Frequency: {0: 100, 1: 100, 2: 100, 3: 100, 4: 100, 5: 100, 6: 100, 7: 100, 8: 100, 9: 100}, Length: 1000
Master Indices - Frequency: {0: 5723, 1: 6542, 2: 5758, 3: 5931, 4: 5642, 5: 5221, 6: 5718, 7: 6065, 8: 5651, 9: 5749}, Length: 58000
Intersection Check - Source & Target: set()
Intersection Check - Source & Master: set()
Intersection Check - Target & Master: set()
Epoch [1/10], Loss: 1.3995, Accuracy: 49.00%, Source: 1100, Target: 1100, Unlabeled: 57800
Epoch [2/10], Loss: 1.3862, Accuracy: 50.77%, Source: 1200, Target: 1200, Unlabeled: 57600
Epoch [3/10], Loss: 1.3871, Accuracy: 49.88%, Source: 1300, Target: 1300, Unlabeled: 57400
Epoch [4/10], Loss: 1.3864, Accuracy: 49.46%, Source: 1400, Target: 1400, Unlabeled: 57200
Epoch [5/10], Loss: 1.3865, Accuracy: 49.82%, Source: 1500, Target: 1500, Unlabeled: 57000
Epoch [6/10], Loss: 1.3861, Accuracy: 49.77%, Source: 1600, Target: 1600, Unlabeled: 56800
Epoch [7/10], Loss: 1.3860, Accuracy: 50.53%, Source: 1700, Target: 1700, Unlabeled: 56600
Epoch [8/10], Loss: 1.3859, Accuracy: 51.74%, Source: 1800, Target: 1800, Unlabeled: 56400
Epoch [9/10], Loss: 1.3859, Accuracy: 51.61%, Source: 1900, Target: 1900, Unlabeled: 56200
Epoch [10/10], Loss: 1.3842, Accuracy: 52.29%, Source: 2000, Target: 2000, Unlabeled: 56000
Model saved as models/ColoredMNIST_Train_20241125_014417.pth
Evaluation Test Accuracy: 50.38%, Source: 2000, Target: 2000, Unlabeled: 52000
===========================================================================================================
===========================================================================================================
===========================================================================================================
===========================================================================================================
Run Number is 4
Source Indices - Frequency: {0: 100, 1: 100, 2: 100, 3: 100, 4: 100, 5: 100, 6: 100, 7: 100, 8: 100, 9: 100}, Length: 1000
Target Indices - Frequency: {0: 100, 1: 100, 2: 100, 3: 100, 4: 100, 5: 100, 6: 100, 7: 100, 8: 100, 9: 100}, Length: 1000
Master Indices - Frequency: {0: 5723, 1: 6542, 2: 5758, 3: 5931, 4: 5642, 5: 5221, 6: 5718, 7: 6065, 8: 5651, 9: 5749}, Length: 58000
Intersection Check - Source & Target: set()
Intersection Check - Source & Master: set()
Intersection Check - Target & Master: set()
Epoch [1/10], Loss: 1.3914, Accuracy: 50.80%, Source: 1100, Target: 1100, Unlabeled: 57800
Epoch [2/10], Loss: 1.3877, Accuracy: 49.91%, Source: 1200, Target: 1200, Unlabeled: 57600
Epoch [3/10], Loss: 1.3882, Accuracy: 47.79%, Source: 1300, Target: 1300, Unlabeled: 57400
Epoch [4/10], Loss: 1.3869, Accuracy: 49.81%, Source: 1400, Target: 1400, Unlabeled: 57200
Epoch [5/10], Loss: 1.3864, Accuracy: 49.04%, Source: 1500, Target: 1500, Unlabeled: 57000
Epoch [6/10], Loss: 1.3863, Accuracy: 49.90%, Source: 1600, Target: 1600, Unlabeled: 56800
Epoch [7/10], Loss: 1.3863, Accuracy: 51.16%, Source: 1700, Target: 1700, Unlabeled: 56600
Epoch [8/10], Loss: 1.3862, Accuracy: 50.85%, Source: 1800, Target: 1800, Unlabeled: 56400
Epoch [9/10], Loss: 1.3863, Accuracy: 50.17%, Source: 1900, Target: 1900, Unlabeled: 56200
Epoch [10/10], Loss: 1.3864, Accuracy: 49.47%, Source: 2000, Target: 2000, Unlabeled: 56000
Model saved as models/ColoredMNIST_Train_20241125_014417.pth
Evaluation Test Accuracy: 51.73%, Source: 2000, Target: 2000, Unlabeled: 52000
===========================================================================================================
===========================================================================================================
===========================================================================================================
===========================================================================================================
Run Number is 5
Source Indices - Frequency: {0: 100, 1: 100, 2: 100, 3: 100, 4: 100, 5: 100, 6: 100, 7: 100, 8: 100, 9: 100}, Length: 1000
Target Indices - Frequency: {0: 100, 1: 100, 2: 100, 3: 100, 4: 100, 5: 100, 6: 100, 7: 100, 8: 100, 9: 100}, Length: 1000
Master Indices - Frequency: {0: 5723, 1: 6542, 2: 5758, 3: 5931, 4: 5642, 5: 5221, 6: 5718, 7: 6065, 8: 5651, 9: 5749}, Length: 58000
Intersection Check - Source & Target: set()
Intersection Check - Source & Master: set()
Intersection Check - Target & Master: set()
Epoch [1/10], Loss: 1.3923, Accuracy: 50.15%, Source: 1100, Target: 1100, Unlabeled: 57800
Epoch [2/10], Loss: 1.3871, Accuracy: 49.59%, Source: 1200, Target: 1200, Unlabeled: 57600
Epoch [3/10], Loss: 1.3870, Accuracy: 49.67%, Source: 1300, Target: 1300, Unlabeled: 57400
Epoch [4/10], Loss: 1.3853, Accuracy: 50.46%, Source: 1400, Target: 1400, Unlabeled: 57200
Epoch [5/10], Loss: 1.3864, Accuracy: 51.46%, Source: 1500, Target: 1500, Unlabeled: 57000
Epoch [6/10], Loss: 1.3858, Accuracy: 51.73%, Source: 1600, Target: 1600, Unlabeled: 56800
Epoch [7/10], Loss: 1.3856, Accuracy: 51.34%, Source: 1700, Target: 1700, Unlabeled: 56600
Epoch [8/10], Loss: 1.3856, Accuracy: 51.62%, Source: 1800, Target: 1800, Unlabeled: 56400
Epoch [9/10], Loss: 1.3853, Accuracy: 51.67%, Source: 1900, Target: 1900, Unlabeled: 56200
Epoch [10/10], Loss: 1.3858, Accuracy: 51.26%, Source: 2000, Target: 2000, Unlabeled: 56000
Model saved as models/ColoredMNIST_Train_20241125_014417.pth
Evaluation Test Accuracy: 50.60%, Source: 2000, Target: 2000, Unlabeled: 52000
===========================================================================================================
===========================================================================================================
===========================================================================================================
===========================================================================================================
Run Number is 6
Source Indices - Frequency: {0: 100, 1: 100, 2: 100, 3: 100, 4: 100, 5: 100, 6: 100, 7: 100, 8: 100, 9: 100}, Length: 1000
Target Indices - Frequency: {0: 100, 1: 100, 2: 100, 3: 100, 4: 100, 5: 100, 6: 100, 7: 100, 8: 100, 9: 100}, Length: 1000
Master Indices - Frequency: {0: 5723, 1: 6542, 2: 5758, 3: 5931, 4: 5642, 5: 5221, 6: 5718, 7: 6065, 8: 5651, 9: 5749}, Length: 58000
Intersection Check - Source & Target: set()
Intersection Check - Source & Master: set()
Intersection Check - Target & Master: set()
Epoch [1/10], Loss: 1.3898, Accuracy: 50.50%, Source: 1100, Target: 1100, Unlabeled: 57800
Epoch [2/10], Loss: 1.3867, Accuracy: 52.23%, Source: 1200, Target: 1200, Unlabeled: 57600
Epoch [3/10], Loss: 1.3873, Accuracy: 49.46%, Source: 1300, Target: 1300, Unlabeled: 57400
Epoch [4/10], Loss: 1.3880, Accuracy: 49.00%, Source: 1400, Target: 1400, Unlabeled: 57200
Epoch [5/10], Loss: 1.3863, Accuracy: 50.75%, Source: 1500, Target: 1500, Unlabeled: 57000
Epoch [6/10], Loss: 1.3866, Accuracy: 49.27%, Source: 1600, Target: 1600, Unlabeled: 56800
Epoch [7/10], Loss: 1.3853, Accuracy: 51.06%, Source: 1700, Target: 1700, Unlabeled: 56600
Epoch [8/10], Loss: 1.3846, Accuracy: 51.35%, Source: 1800, Target: 1800, Unlabeled: 56400
Epoch [9/10], Loss: 1.3872, Accuracy: 49.56%, Source: 1900, Target: 1900, Unlabeled: 56200
Epoch [10/10], Loss: 1.3860, Accuracy: 52.11%, Source: 2000, Target: 2000, Unlabeled: 56000
Model saved as models/ColoredMNIST_Train_20241125_014417.pth
Evaluation Test Accuracy: 49.83%, Source: 2000, Target: 2000, Unlabeled: 52000
===========================================================================================================
===========================================================================================================
===========================================================================================================
===========================================================================================================
Run Number is 7
Source Indices - Frequency: {0: 100, 1: 100, 2: 100, 3: 100, 4: 100, 5: 100, 6: 100, 7: 100, 8: 100, 9: 100}, Length: 1000
Target Indices - Frequency: {0: 100, 1: 100, 2: 100, 3: 100, 4: 100, 5: 100, 6: 100, 7: 100, 8: 100, 9: 100}, Length: 1000
Master Indices - Frequency: {0: 5723, 1: 6542, 2: 5758, 3: 5931, 4: 5642, 5: 5221, 6: 5718, 7: 6065, 8: 5651, 9: 5749}, Length: 58000
Intersection Check - Source & Target: set()
Intersection Check - Source & Master: set()
Intersection Check - Target & Master: set()
Epoch [1/10], Loss: 1.3940, Accuracy: 49.95%, Source: 1100, Target: 1100, Unlabeled: 57800
Epoch [2/10], Loss: 1.3870, Accuracy: 48.86%, Source: 1200, Target: 1200, Unlabeled: 57600
Epoch [3/10], Loss: 1.3854, Accuracy: 51.54%, Source: 1300, Target: 1300, Unlabeled: 57400
Epoch [4/10], Loss: 1.3871, Accuracy: 49.92%, Source: 1400, Target: 1400, Unlabeled: 57200
Epoch [5/10], Loss: 1.3873, Accuracy: 49.18%, Source: 1500, Target: 1500, Unlabeled: 57000
Epoch [6/10], Loss: 1.3864, Accuracy: 49.67%, Source: 1600, Target: 1600, Unlabeled: 56800
Epoch [7/10], Loss: 1.3864, Accuracy: 50.75%, Source: 1700, Target: 1700, Unlabeled: 56600
Epoch [8/10], Loss: 1.3864, Accuracy: 51.09%, Source: 1800, Target: 1800, Unlabeled: 56400
Epoch [9/10], Loss: 1.3864, Accuracy: 50.36%, Source: 1900, Target: 1900, Unlabeled: 56200
Epoch [10/10], Loss: 1.3859, Accuracy: 50.71%, Source: 2000, Target: 2000, Unlabeled: 56000
Model saved as models/ColoredMNIST_Train_20241125_014417.pth
Evaluation Test Accuracy: 51.60%, Source: 2000, Target: 2000, Unlabeled: 52000
===========================================================================================================
===========================================================================================================
===========================================================================================================
===========================================================================================================
Run Number is 8
Source Indices - Frequency: {0: 100, 1: 100, 2: 100, 3: 100, 4: 100, 5: 100, 6: 100, 7: 100, 8: 100, 9: 100}, Length: 1000
Target Indices - Frequency: {0: 100, 1: 100, 2: 100, 3: 100, 4: 100, 5: 100, 6: 100, 7: 100, 8: 100, 9: 100}, Length: 1000
Master Indices - Frequency: {0: 5723, 1: 6542, 2: 5758, 3: 5931, 4: 5642, 5: 5221, 6: 5718, 7: 6065, 8: 5651, 9: 5749}, Length: 58000
Intersection Check - Source & Target: set()
Intersection Check - Source & Master: set()
Intersection Check - Target & Master: set()
Epoch [1/10], Loss: 1.3924, Accuracy: 48.90%, Source: 1100, Target: 1100, Unlabeled: 57800
Epoch [2/10], Loss: 1.3872, Accuracy: 49.41%, Source: 1200, Target: 1200, Unlabeled: 57600
Epoch [3/10], Loss: 1.3872, Accuracy: 51.00%, Source: 1300, Target: 1300, Unlabeled: 57400
Epoch [4/10], Loss: 1.3871, Accuracy: 49.77%, Source: 1400, Target: 1400, Unlabeled: 57200
Epoch [5/10], Loss: 1.3864, Accuracy: 49.79%, Source: 1500, Target: 1500, Unlabeled: 57000
Epoch [6/10], Loss: 1.3864, Accuracy: 49.23%, Source: 1600, Target: 1600, Unlabeled: 56800
Epoch [7/10], Loss: 1.3863, Accuracy: 50.34%, Source: 1700, Target: 1700, Unlabeled: 56600
Epoch [8/10], Loss: 1.3863, Accuracy: 49.91%, Source: 1800, Target: 1800, Unlabeled: 56400
Epoch [9/10], Loss: 1.3861, Accuracy: 50.86%, Source: 1900, Target: 1900, Unlabeled: 56200
Epoch [10/10], Loss: 1.3851, Accuracy: 52.03%, Source: 2000, Target: 2000, Unlabeled: 56000
Model saved as models/ColoredMNIST_Train_20241125_014417.pth
Evaluation Test Accuracy: 49.28%, Source: 2000, Target: 2000, Unlabeled: 52000
===========================================================================================================
===========================================================================================================
===========================================================================================================
===========================================================================================================
Run Number is 9
Source Indices - Frequency: {0: 100, 1: 100, 2: 100, 3: 100, 4: 100, 5: 100, 6: 100, 7: 100, 8: 100, 9: 100}, Length: 1000
Target Indices - Frequency: {0: 100, 1: 100, 2: 100, 3: 100, 4: 100, 5: 100, 6: 100, 7: 100, 8: 100, 9: 100}, Length: 1000
Master Indices - Frequency: {0: 5723, 1: 6542, 2: 5758, 3: 5931, 4: 5642, 5: 5221, 6: 5718, 7: 6065, 8: 5651, 9: 5749}, Length: 58000
Intersection Check - Source & Target: set()
Intersection Check - Source & Master: set()
Intersection Check - Target & Master: set()
Epoch [1/10], Loss: 1.3928, Accuracy: 50.75%, Source: 1100, Target: 1100, Unlabeled: 57800
Epoch [2/10], Loss: 1.3882, Accuracy: 49.27%, Source: 1200, Target: 1200, Unlabeled: 57600
Epoch [3/10], Loss: 1.3869, Accuracy: 50.67%, Source: 1300, Target: 1300, Unlabeled: 57400
Epoch [4/10], Loss: 1.3865, Accuracy: 49.62%, Source: 1400, Target: 1400, Unlabeled: 57200
Epoch [5/10], Loss: 1.3865, Accuracy: 50.21%, Source: 1500, Target: 1500, Unlabeled: 57000
Epoch [6/10], Loss: 1.3861, Accuracy: 51.50%, Source: 1600, Target: 1600, Unlabeled: 56800
Epoch [7/10], Loss: 1.3863, Accuracy: 50.56%, Source: 1700, Target: 1700, Unlabeled: 56600
Epoch [8/10], Loss: 1.3856, Accuracy: 51.21%, Source: 1800, Target: 1800, Unlabeled: 56400
Epoch [9/10], Loss: 1.3864, Accuracy: 51.28%, Source: 1900, Target: 1900, Unlabeled: 56200
Epoch [10/10], Loss: 1.3862, Accuracy: 51.13%, Source: 2000, Target: 2000, Unlabeled: 56000
Model saved as models/ColoredMNIST_Train_20241125_014417.pth
Evaluation Test Accuracy: 51.05%, Source: 2000, Target: 2000, Unlabeled: 52000
===========================================================================================================
===========================================================================================================
===========================================================================================================
===========================================================================================================
Run Number is 10
Source Indices - Frequency: {0: 100, 1: 100, 2: 100, 3: 100, 4: 100, 5: 100, 6: 100, 7: 100, 8: 100, 9: 100}, Length: 1000
Target Indices - Frequency: {0: 100, 1: 100, 2: 100, 3: 100, 4: 100, 5: 100, 6: 100, 7: 100, 8: 100, 9: 100}, Length: 1000
Master Indices - Frequency: {0: 5723, 1: 6542, 2: 5758, 3: 5931, 4: 5642, 5: 5221, 6: 5718, 7: 6065, 8: 5651, 9: 5749}, Length: 58000
Intersection Check - Source & Target: set()
Intersection Check - Source & Master: set()
Intersection Check - Target & Master: set()
Epoch [1/10], Loss: 1.3952, Accuracy: 49.55%, Source: 1100, Target: 1100, Unlabeled: 57800
Epoch [2/10], Loss: 1.3876, Accuracy: 48.68%, Source: 1200, Target: 1200, Unlabeled: 57600
Epoch [3/10], Loss: 1.3867, Accuracy: 49.83%, Source: 1300, Target: 1300, Unlabeled: 57400
Epoch [4/10], Loss: 1.3868, Accuracy: 50.73%, Source: 1400, Target: 1400, Unlabeled: 57200
Epoch [5/10], Loss: 1.3861, Accuracy: 49.79%, Source: 1500, Target: 1500, Unlabeled: 57000
Epoch [6/10], Loss: 1.3869, Accuracy: 49.90%, Source: 1600, Target: 1600, Unlabeled: 56800
Epoch [7/10], Loss: 1.3858, Accuracy: 49.78%, Source: 1700, Target: 1700, Unlabeled: 56600
Epoch [8/10], Loss: 1.3848, Accuracy: 51.12%, Source: 1800, Target: 1800, Unlabeled: 56400
Epoch [9/10], Loss: 1.3861, Accuracy: 51.25%, Source: 1900, Target: 1900, Unlabeled: 56200
Epoch [10/10], Loss: 1.3867, Accuracy: 50.71%, Source: 2000, Target: 2000, Unlabeled: 56000
Model saved as models/ColoredMNIST_Train_20241125_014417.pth
Evaluation Test Accuracy: 49.35%, Source: 2000, Target: 2000, Unlabeled: 52000
===========================================================================================================
===========================================================================================================
===========================================================================================================
===========================================================================================================
Run Number is 11
Source Indices - Frequency: {0: 100, 1: 100, 2: 100, 3: 100, 4: 100, 5: 100, 6: 100, 7: 100, 8: 100, 9: 100}, Length: 1000
Target Indices - Frequency: {0: 100, 1: 100, 2: 100, 3: 100, 4: 100, 5: 100, 6: 100, 7: 100, 8: 100, 9: 100}, Length: 1000
Master Indices - Frequency: {0: 5723, 1: 6542, 2: 5758, 3: 5931, 4: 5642, 5: 5221, 6: 5718, 7: 6065, 8: 5651, 9: 5749}, Length: 58000
Intersection Check - Source & Target: set()
Intersection Check - Source & Master: set()
Intersection Check - Target & Master: set()
Epoch [1/10], Loss: 1.3928, Accuracy: 48.75%, Source: 1100, Target: 1100, Unlabeled: 57800
Epoch [2/10], Loss: 1.3867, Accuracy: 50.68%, Source: 1200, Target: 1200, Unlabeled: 57600
Epoch [3/10], Loss: 1.3871, Accuracy: 48.96%, Source: 1300, Target: 1300, Unlabeled: 57400
Epoch [4/10], Loss: 1.3872, Accuracy: 49.42%, Source: 1400, Target: 1400, Unlabeled: 57200
Epoch [5/10], Loss: 1.3865, Accuracy: 50.29%, Source: 1500, Target: 1500, Unlabeled: 57000
Epoch [6/10], Loss: 1.3861, Accuracy: 51.27%, Source: 1600, Target: 1600, Unlabeled: 56800
Epoch [7/10], Loss: 1.3866, Accuracy: 50.12%, Source: 1700, Target: 1700, Unlabeled: 56600
Epoch [8/10], Loss: 1.3860, Accuracy: 50.91%, Source: 1800, Target: 1800, Unlabeled: 56400
Epoch [9/10], Loss: 1.3862, Accuracy: 51.14%, Source: 1900, Target: 1900, Unlabeled: 56200
Epoch [10/10], Loss: 1.3856, Accuracy: 50.84%, Source: 2000, Target: 2000, Unlabeled: 56000
Model saved as models/ColoredMNIST_Train_20241125_014417.pth
Evaluation Test Accuracy: 49.43%, Source: 2000, Target: 2000, Unlabeled: 52000
===========================================================================================================
===========================================================================================================
===========================================================================================================
===========================================================================================================
Run Number is 12
Source Indices - Frequency: {0: 100, 1: 100, 2: 100, 3: 100, 4: 100, 5: 100, 6: 100, 7: 100, 8: 100, 9: 100}, Length: 1000
Target Indices - Frequency: {0: 100, 1: 100, 2: 100, 3: 100, 4: 100, 5: 100, 6: 100, 7: 100, 8: 100, 9: 100}, Length: 1000
Master Indices - Frequency: {0: 5723, 1: 6542, 2: 5758, 3: 5931, 4: 5642, 5: 5221, 6: 5718, 7: 6065, 8: 5651, 9: 5749}, Length: 58000
Intersection Check - Source & Target: set()
Intersection Check - Source & Master: set()
Intersection Check - Target & Master: set()
Epoch [1/10], Loss: 1.3915, Accuracy: 49.95%, Source: 1100, Target: 1100, Unlabeled: 57800
Epoch [2/10], Loss: 1.3876, Accuracy: 49.36%, Source: 1200, Target: 1200, Unlabeled: 57600
Epoch [3/10], Loss: 1.3881, Accuracy: 49.54%, Source: 1300, Target: 1300, Unlabeled: 57400
Epoch [4/10], Loss: 1.3860, Accuracy: 51.88%, Source: 1400, Target: 1400, Unlabeled: 57200
Epoch [5/10], Loss: 1.3874, Accuracy: 49.68%, Source: 1500, Target: 1500, Unlabeled: 57000
Epoch [6/10], Loss: 1.3861, Accuracy: 50.23%, Source: 1600, Target: 1600, Unlabeled: 56800
Epoch [7/10], Loss: 1.3865, Accuracy: 49.78%, Source: 1700, Target: 1700, Unlabeled: 56600
Epoch [8/10], Loss: 1.3853, Accuracy: 50.53%, Source: 1800, Target: 1800, Unlabeled: 56400
Epoch [9/10], Loss: 1.3863, Accuracy: 50.72%, Source: 1900, Target: 1900, Unlabeled: 56200
Epoch [10/10], Loss: 1.3867, Accuracy: 49.58%, Source: 2000, Target: 2000, Unlabeled: 56000
Model saved as models/ColoredMNIST_Train_20241125_014417.pth
Evaluation Test Accuracy: 49.38%, Source: 2000, Target: 2000, Unlabeled: 52000
===========================================================================================================
===========================================================================================================
===========================================================================================================
===========================================================================================================
Run Number is 13
Source Indices - Frequency: {0: 100, 1: 100, 2: 100, 3: 100, 4: 100, 5: 100, 6: 100, 7: 100, 8: 100, 9: 100}, Length: 1000
Target Indices - Frequency: {0: 100, 1: 100, 2: 100, 3: 100, 4: 100, 5: 100, 6: 100, 7: 100, 8: 100, 9: 100}, Length: 1000
Master Indices - Frequency: {0: 5723, 1: 6542, 2: 5758, 3: 5931, 4: 5642, 5: 5221, 6: 5718, 7: 6065, 8: 5651, 9: 5749}, Length: 58000
Intersection Check - Source & Target: set()
Intersection Check - Source & Master: set()
Intersection Check - Target & Master: set()
Epoch [1/10], Loss: 1.3900, Accuracy: 48.90%, Source: 1100, Target: 1100, Unlabeled: 57800
Epoch [2/10], Loss: 1.3867, Accuracy: 49.73%, Source: 1200, Target: 1200, Unlabeled: 57600
Epoch [3/10], Loss: 1.3863, Accuracy: 50.96%, Source: 1300, Target: 1300, Unlabeled: 57400
Epoch [4/10], Loss: 1.3867, Accuracy: 50.46%, Source: 1400, Target: 1400, Unlabeled: 57200
Epoch [5/10], Loss: 1.3864, Accuracy: 49.14%, Source: 1500, Target: 1500, Unlabeled: 57000
Epoch [6/10], Loss: 1.3862, Accuracy: 51.07%, Source: 1600, Target: 1600, Unlabeled: 56800
Epoch [7/10], Loss: 1.3864, Accuracy: 50.03%, Source: 1700, Target: 1700, Unlabeled: 56600
Epoch [8/10], Loss: 1.3862, Accuracy: 50.18%, Source: 1800, Target: 1800, Unlabeled: 56400
Epoch [9/10], Loss: 1.3863, Accuracy: 50.42%, Source: 1900, Target: 1900, Unlabeled: 56200
Epoch [10/10], Loss: 1.3849, Accuracy: 52.50%, Source: 2000, Target: 2000, Unlabeled: 56000
Model saved as models/ColoredMNIST_Train_20241125_014417.pth
Evaluation Test Accuracy: 48.80%, Source: 2000, Target: 2000, Unlabeled: 52000
===========================================================================================================
===========================================================================================================
===========================================================================================================
===========================================================================================================
Run Number is 14
Source Indices - Frequency: {0: 100, 1: 100, 2: 100, 3: 100, 4: 100, 5: 100, 6: 100, 7: 100, 8: 100, 9: 100}, Length: 1000
Target Indices - Frequency: {0: 100, 1: 100, 2: 100, 3: 100, 4: 100, 5: 100, 6: 100, 7: 100, 8: 100, 9: 100}, Length: 1000
Master Indices - Frequency: {0: 5723, 1: 6542, 2: 5758, 3: 5931, 4: 5642, 5: 5221, 6: 5718, 7: 6065, 8: 5651, 9: 5749}, Length: 58000
Intersection Check - Source & Target: set()
Intersection Check - Source & Master: set()
Intersection Check - Target & Master: set()
Epoch [1/10], Loss: 1.3919, Accuracy: 49.65%, Source: 1100, Target: 1100, Unlabeled: 57800
Epoch [2/10], Loss: 1.3863, Accuracy: 50.50%, Source: 1200, Target: 1200, Unlabeled: 57600
Epoch [3/10], Loss: 1.3868, Accuracy: 49.54%, Source: 1300, Target: 1300, Unlabeled: 57400
Epoch [4/10], Loss: 1.3864, Accuracy: 51.46%, Source: 1400, Target: 1400, Unlabeled: 57200
Epoch [5/10], Loss: 1.3865, Accuracy: 48.96%, Source: 1500, Target: 1500, Unlabeled: 57000
Epoch [6/10], Loss: 1.3875, Accuracy: 49.80%, Source: 1600, Target: 1600, Unlabeled: 56800
Epoch [7/10], Loss: 1.3863, Accuracy: 49.34%, Source: 1700, Target: 1700, Unlabeled: 56600
Epoch [8/10], Loss: 1.3865, Accuracy: 49.32%, Source: 1800, Target: 1800, Unlabeled: 56400
Epoch [9/10], Loss: 1.3861, Accuracy: 52.31%, Source: 1900, Target: 1900, Unlabeled: 56200
Epoch [10/10], Loss: 1.3839, Accuracy: 52.00%, Source: 2000, Target: 2000, Unlabeled: 56000
Model saved as models/ColoredMNIST_Train_20241125_014417.pth
Evaluation Test Accuracy: 50.15%, Source: 2000, Target: 2000, Unlabeled: 52000
===========================================================================================================
===========================================================================================================
===========================================================================================================
===========================================================================================================
Run Number is 15
Source Indices - Frequency: {0: 100, 1: 100, 2: 100, 3: 100, 4: 100, 5: 100, 6: 100, 7: 100, 8: 100, 9: 100}, Length: 1000
Target Indices - Frequency: {0: 100, 1: 100, 2: 100, 3: 100, 4: 100, 5: 100, 6: 100, 7: 100, 8: 100, 9: 100}, Length: 1000
Master Indices - Frequency: {0: 5723, 1: 6542, 2: 5758, 3: 5931, 4: 5642, 5: 5221, 6: 5718, 7: 6065, 8: 5651, 9: 5749}, Length: 58000
Intersection Check - Source & Target: set()
Intersection Check - Source & Master: set()
Intersection Check - Target & Master: set()
Epoch [1/10], Loss: 1.3924, Accuracy: 48.15%, Source: 1100, Target: 1100, Unlabeled: 57800
Epoch [2/10], Loss: 1.3863, Accuracy: 49.27%, Source: 1200, Target: 1200, Unlabeled: 57600
Epoch [3/10], Loss: 1.3865, Accuracy: 50.42%, Source: 1300, Target: 1300, Unlabeled: 57400
Epoch [4/10], Loss: 1.3863, Accuracy: 51.08%, Source: 1400, Target: 1400, Unlabeled: 57200
Epoch [5/10], Loss: 1.3864, Accuracy: 49.36%, Source: 1500, Target: 1500, Unlabeled: 57000
Epoch [6/10], Loss: 1.3865, Accuracy: 49.80%, Source: 1600, Target: 1600, Unlabeled: 56800
Epoch [7/10], Loss: 1.3862, Accuracy: 50.41%, Source: 1700, Target: 1700, Unlabeled: 56600
Epoch [8/10], Loss: 1.3859, Accuracy: 50.59%, Source: 1800, Target: 1800, Unlabeled: 56400
Epoch [9/10], Loss: 1.3838, Accuracy: 52.58%, Source: 1900, Target: 1900, Unlabeled: 56200
Epoch [10/10], Loss: 1.3863, Accuracy: 52.24%, Source: 2000, Target: 2000, Unlabeled: 56000
Model saved as models/ColoredMNIST_Train_20241125_014417.pth
Evaluation Test Accuracy: 51.32%, Source: 2000, Target: 2000, Unlabeled: 52000
===========================================================================================================
===========================================================================================================
===========================================================================================================
===========================================================================================================
Run Number is 16
Source Indices - Frequency: {0: 100, 1: 100, 2: 100, 3: 100, 4: 100, 5: 100, 6: 100, 7: 100, 8: 100, 9: 100}, Length: 1000
Target Indices - Frequency: {0: 100, 1: 100, 2: 100, 3: 100, 4: 100, 5: 100, 6: 100, 7: 100, 8: 100, 9: 100}, Length: 1000
Master Indices - Frequency: {0: 5723, 1: 6542, 2: 5758, 3: 5931, 4: 5642, 5: 5221, 6: 5718, 7: 6065, 8: 5651, 9: 5749}, Length: 58000
Intersection Check - Source & Target: set()
Intersection Check - Source & Master: set()
Intersection Check - Target & Master: set()
Epoch [1/10], Loss: 1.3909, Accuracy: 50.45%, Source: 1100, Target: 1100, Unlabeled: 57800
Epoch [2/10], Loss: 1.3856, Accuracy: 50.82%, Source: 1200, Target: 1200, Unlabeled: 57600
Epoch [3/10], Loss: 1.3871, Accuracy: 50.04%, Source: 1300, Target: 1300, Unlabeled: 57400
Epoch [4/10], Loss: 1.3871, Accuracy: 49.04%, Source: 1400, Target: 1400, Unlabeled: 57200
Epoch [5/10], Loss: 1.3871, Accuracy: 49.79%, Source: 1500, Target: 1500, Unlabeled: 57000
Epoch [6/10], Loss: 1.3863, Accuracy: 50.00%, Source: 1600, Target: 1600, Unlabeled: 56800
Epoch [7/10], Loss: 1.3862, Accuracy: 51.12%, Source: 1700, Target: 1700, Unlabeled: 56600
Epoch [8/10], Loss: 1.3863, Accuracy: 49.79%, Source: 1800, Target: 1800, Unlabeled: 56400
Epoch [9/10], Loss: 1.3828, Accuracy: 54.03%, Source: 1900, Target: 1900, Unlabeled: 56200
Epoch [10/10], Loss: 1.3795, Accuracy: 54.55%, Source: 2000, Target: 2000, Unlabeled: 56000
Model saved as models/ColoredMNIST_Train_20241125_014417.pth
Evaluation Test Accuracy: 49.30%, Source: 2000, Target: 2000, Unlabeled: 52000
===========================================================================================================
===========================================================================================================
===========================================================================================================
===========================================================================================================
Run Number is 17
Source Indices - Frequency: {0: 100, 1: 100, 2: 100, 3: 100, 4: 100, 5: 100, 6: 100, 7: 100, 8: 100, 9: 100}, Length: 1000
Target Indices - Frequency: {0: 100, 1: 100, 2: 100, 3: 100, 4: 100, 5: 100, 6: 100, 7: 100, 8: 100, 9: 100}, Length: 1000
Master Indices - Frequency: {0: 5723, 1: 6542, 2: 5758, 3: 5931, 4: 5642, 5: 5221, 6: 5718, 7: 6065, 8: 5651, 9: 5749}, Length: 58000
Intersection Check - Source & Target: set()
Intersection Check - Source & Master: set()
Intersection Check - Target & Master: set()
Epoch [1/10], Loss: 1.3912, Accuracy: 48.25%, Source: 1100, Target: 1100, Unlabeled: 57800
Epoch [2/10], Loss: 1.3868, Accuracy: 49.14%, Source: 1200, Target: 1200, Unlabeled: 57600
Epoch [3/10], Loss: 1.3864, Accuracy: 50.04%, Source: 1300, Target: 1300, Unlabeled: 57400
Epoch [4/10], Loss: 1.3863, Accuracy: 50.35%, Source: 1400, Target: 1400, Unlabeled: 57200
Epoch [5/10], Loss: 1.3856, Accuracy: 51.18%, Source: 1500, Target: 1500, Unlabeled: 57000
Epoch [6/10], Loss: 1.3859, Accuracy: 50.27%, Source: 1600, Target: 1600, Unlabeled: 56800
Epoch [7/10], Loss: 1.3857, Accuracy: 50.75%, Source: 1700, Target: 1700, Unlabeled: 56600
Epoch [8/10], Loss: 1.3853, Accuracy: 50.71%, Source: 1800, Target: 1800, Unlabeled: 56400
Epoch [9/10], Loss: 1.3856, Accuracy: 51.28%, Source: 1900, Target: 1900, Unlabeled: 56200
Epoch [10/10], Loss: 1.3866, Accuracy: 50.34%, Source: 2000, Target: 2000, Unlabeled: 56000
Model saved as models/ColoredMNIST_Train_20241125_014417.pth
Evaluation Test Accuracy: 50.18%, Source: 2000, Target: 2000, Unlabeled: 52000
===========================================================================================================
===========================================================================================================
===========================================================================================================
===========================================================================================================
Run Number is 18
Source Indices - Frequency: {0: 100, 1: 100, 2: 100, 3: 100, 4: 100, 5: 100, 6: 100, 7: 100, 8: 100, 9: 100}, Length: 1000
Target Indices - Frequency: {0: 100, 1: 100, 2: 100, 3: 100, 4: 100, 5: 100, 6: 100, 7: 100, 8: 100, 9: 100}, Length: 1000
Master Indices - Frequency: {0: 5723, 1: 6542, 2: 5758, 3: 5931, 4: 5642, 5: 5221, 6: 5718, 7: 6065, 8: 5651, 9: 5749}, Length: 58000
Intersection Check - Source & Target: set()
Intersection Check - Source & Master: set()
Intersection Check - Target & Master: set()
Epoch [1/10], Loss: 1.3910, Accuracy: 50.00%, Source: 1100, Target: 1100, Unlabeled: 57800
Epoch [2/10], Loss: 1.3867, Accuracy: 49.91%, Source: 1200, Target: 1200, Unlabeled: 57600
Epoch [3/10], Loss: 1.3867, Accuracy: 50.42%, Source: 1300, Target: 1300, Unlabeled: 57400
Epoch [4/10], Loss: 1.3869, Accuracy: 49.96%, Source: 1400, Target: 1400, Unlabeled: 57200
Epoch [5/10], Loss: 1.3863, Accuracy: 50.39%, Source: 1500, Target: 1500, Unlabeled: 57000
Epoch [6/10], Loss: 1.3865, Accuracy: 50.37%, Source: 1600, Target: 1600, Unlabeled: 56800
Epoch [7/10], Loss: 1.3860, Accuracy: 50.97%, Source: 1700, Target: 1700, Unlabeled: 56600
Epoch [8/10], Loss: 1.3860, Accuracy: 50.85%, Source: 1800, Target: 1800, Unlabeled: 56400
Epoch [9/10], Loss: 1.3860, Accuracy: 51.00%, Source: 1900, Target: 1900, Unlabeled: 56200
Epoch [10/10], Loss: 1.3868, Accuracy: 49.89%, Source: 2000, Target: 2000, Unlabeled: 56000
Model saved as models/ColoredMNIST_Train_20241125_014417.pth
Evaluation Test Accuracy: 50.28%, Source: 2000, Target: 2000, Unlabeled: 52000
===========================================================================================================
===========================================================================================================
===========================================================================================================
===========================================================================================================
Run Number is 19
Source Indices - Frequency: {0: 100, 1: 100, 2: 100, 3: 100, 4: 100, 5: 100, 6: 100, 7: 100, 8: 100, 9: 100}, Length: 1000
Target Indices - Frequency: {0: 100, 1: 100, 2: 100, 3: 100, 4: 100, 5: 100, 6: 100, 7: 100, 8: 100, 9: 100}, Length: 1000
Master Indices - Frequency: {0: 5723, 1: 6542, 2: 5758, 3: 5931, 4: 5642, 5: 5221, 6: 5718, 7: 6065, 8: 5651, 9: 5749}, Length: 58000
Intersection Check - Source & Target: set()
Intersection Check - Source & Master: set()
Intersection Check - Target & Master: set()
Epoch [1/10], Loss: 1.3919, Accuracy: 48.65%, Source: 1100, Target: 1100, Unlabeled: 57800
Epoch [2/10], Loss: 1.3864, Accuracy: 50.68%, Source: 1200, Target: 1200, Unlabeled: 57600
Epoch [3/10], Loss: 1.3868, Accuracy: 50.25%, Source: 1300, Target: 1300, Unlabeled: 57400
Epoch [4/10], Loss: 1.3866, Accuracy: 49.88%, Source: 1400, Target: 1400, Unlabeled: 57200
Epoch [5/10], Loss: 1.3863, Accuracy: 50.04%, Source: 1500, Target: 1500, Unlabeled: 57000
Epoch [6/10], Loss: 1.3863, Accuracy: 50.30%, Source: 1600, Target: 1600, Unlabeled: 56800
Epoch [7/10], Loss: 1.3862, Accuracy: 50.62%, Source: 1700, Target: 1700, Unlabeled: 56600
Epoch [8/10], Loss: 1.3862, Accuracy: 50.03%, Source: 1800, Target: 1800, Unlabeled: 56400
Epoch [9/10], Loss: 1.3862, Accuracy: 51.14%, Source: 1900, Target: 1900, Unlabeled: 56200
Epoch [10/10], Loss: 1.3853, Accuracy: 51.32%, Source: 2000, Target: 2000, Unlabeled: 56000
Model saved as models/ColoredMNIST_Train_20241125_014417.pth
Evaluation Test Accuracy: 49.38%, Source: 2000, Target: 2000, Unlabeled: 52000
===========================================================================================================
===========================================================================================================
===========================================================================================================
===========================================================================================================
