Run Number is 0
Source Indices - Frequency: {0: 100, 1: 100, 2: 100, 3: 100, 4: 100, 5: 100, 6: 100, 7: 100, 8: 100, 9: 100}, Length: 1000
Target Indices - Frequency: {0: 100, 1: 100, 2: 100, 3: 100, 4: 100, 5: 100, 6: 100, 7: 100, 8: 100, 9: 100}, Length: 1000
Master Indices - Frequency: {0: 780, 1: 935, 2: 832, 3: 810, 4: 782, 5: 692, 6: 758, 7: 828, 8: 774, 9: 809}, Length: 8000
Intersection Check - Source & Target: set()
Intersection Check - Source & Master: set()
Intersection Check - Target & Master: set()
Epoch [1/10], Loss: 1.3926, Accuracy: 51.75%, Source: 1100, Target: 1100, Unlabeled: 7800
Epoch [2/10], Loss: 1.3867, Accuracy: 50.45%, Source: 1200, Target: 1200, Unlabeled: 7600
Epoch [3/10], Loss: 1.3875, Accuracy: 49.46%, Source: 1300, Target: 1300, Unlabeled: 7400
Epoch [4/10], Loss: 1.3862, Accuracy: 49.42%, Source: 1400, Target: 1400, Unlabeled: 7200
Epoch [5/10], Loss: 1.3868, Accuracy: 49.29%, Source: 1500, Target: 1500, Unlabeled: 7000
Epoch [6/10], Loss: 1.3862, Accuracy: 50.33%, Source: 1600, Target: 1600, Unlabeled: 6800
Epoch [7/10], Loss: 1.3864, Accuracy: 49.38%, Source: 1700, Target: 1700, Unlabeled: 6600
Epoch [8/10], Loss: 1.3864, Accuracy: 50.65%, Source: 1800, Target: 1800, Unlabeled: 6400
Epoch [9/10], Loss: 1.3863, Accuracy: 50.08%, Source: 1900, Target: 1900, Unlabeled: 6200
Epoch [10/10], Loss: 1.3869, Accuracy: 49.66%, Source: 2000, Target: 2000, Unlabeled: 6000
Model saved as models/ColoredMNIST_Test_20241126_000307.pth
Evaluation Test Accuracy: 50.00%, Source: 2000, Target: 2000, Unlabeled: 2000
===========================================================================================================
===========================================================================================================
===========================================================================================================
===========================================================================================================
Run Number is 1
Source Indices - Frequency: {0: 100, 1: 100, 2: 100, 3: 100, 4: 100, 5: 100, 6: 100, 7: 100, 8: 100, 9: 100}, Length: 1000
Target Indices - Frequency: {0: 100, 1: 100, 2: 100, 3: 100, 4: 100, 5: 100, 6: 100, 7: 100, 8: 100, 9: 100}, Length: 1000
Master Indices - Frequency: {0: 780, 1: 935, 2: 832, 3: 810, 4: 782, 5: 692, 6: 758, 7: 828, 8: 774, 9: 809}, Length: 8000
Intersection Check - Source & Target: set()
Intersection Check - Source & Master: set()
Intersection Check - Target & Master: set()
Epoch [1/10], Loss: 1.3876, Accuracy: 52.50%, Source: 1100, Target: 1100, Unlabeled: 7800
Epoch [2/10], Loss: 1.3890, Accuracy: 49.73%, Source: 1200, Target: 1200, Unlabeled: 7600
Epoch [3/10], Loss: 1.3870, Accuracy: 50.04%, Source: 1300, Target: 1300, Unlabeled: 7400
Epoch [4/10], Loss: 1.3861, Accuracy: 51.81%, Source: 1400, Target: 1400, Unlabeled: 7200
Epoch [5/10], Loss: 1.3871, Accuracy: 49.71%, Source: 1500, Target: 1500, Unlabeled: 7000
Epoch [6/10], Loss: 1.3867, Accuracy: 50.57%, Source: 1600, Target: 1600, Unlabeled: 6800
Epoch [7/10], Loss: 1.3864, Accuracy: 51.06%, Source: 1700, Target: 1700, Unlabeled: 6600
Epoch [8/10], Loss: 1.3863, Accuracy: 49.91%, Source: 1800, Target: 1800, Unlabeled: 6400
Epoch [9/10], Loss: 1.3860, Accuracy: 50.33%, Source: 1900, Target: 1900, Unlabeled: 6200
Epoch [10/10], Loss: 1.3861, Accuracy: 51.71%, Source: 2000, Target: 2000, Unlabeled: 6000
Model saved as models/ColoredMNIST_Test_20241126_000307.pth
Evaluation Test Accuracy: 49.93%, Source: 2000, Target: 2000, Unlabeled: 2000
===========================================================================================================
===========================================================================================================
===========================================================================================================
===========================================================================================================
Run Number is 2
Source Indices - Frequency: {0: 100, 1: 100, 2: 100, 3: 100, 4: 100, 5: 100, 6: 100, 7: 100, 8: 100, 9: 100}, Length: 1000
Target Indices - Frequency: {0: 100, 1: 100, 2: 100, 3: 100, 4: 100, 5: 100, 6: 100, 7: 100, 8: 100, 9: 100}, Length: 1000
Master Indices - Frequency: {0: 780, 1: 935, 2: 832, 3: 810, 4: 782, 5: 692, 6: 758, 7: 828, 8: 774, 9: 809}, Length: 8000
Intersection Check - Source & Target: set()
Intersection Check - Source & Master: set()
Intersection Check - Target & Master: set()
Epoch [1/10], Loss: 1.3922, Accuracy: 49.75%, Source: 1100, Target: 1100, Unlabeled: 7800
Epoch [2/10], Loss: 1.3865, Accuracy: 50.59%, Source: 1200, Target: 1200, Unlabeled: 7600
Epoch [3/10], Loss: 1.3865, Accuracy: 53.08%, Source: 1300, Target: 1300, Unlabeled: 7400
Epoch [4/10], Loss: 1.3864, Accuracy: 50.54%, Source: 1400, Target: 1400, Unlabeled: 7200
Epoch [5/10], Loss: 1.3864, Accuracy: 48.54%, Source: 1500, Target: 1500, Unlabeled: 7000
Epoch [6/10], Loss: 1.3861, Accuracy: 51.27%, Source: 1600, Target: 1600, Unlabeled: 6800
Epoch [7/10], Loss: 1.3856, Accuracy: 51.16%, Source: 1700, Target: 1700, Unlabeled: 6600
Epoch [8/10], Loss: 1.3845, Accuracy: 52.09%, Source: 1800, Target: 1800, Unlabeled: 6400
Epoch [9/10], Loss: 1.3846, Accuracy: 52.11%, Source: 1900, Target: 1900, Unlabeled: 6200
Epoch [10/10], Loss: 1.3843, Accuracy: 51.74%, Source: 2000, Target: 2000, Unlabeled: 6000
Model saved as models/ColoredMNIST_Test_20241126_000307.pth
Evaluation Test Accuracy: 48.83%, Source: 2000, Target: 2000, Unlabeled: 2000
===========================================================================================================
===========================================================================================================
===========================================================================================================
===========================================================================================================
Run Number is 3
Source Indices - Frequency: {0: 100, 1: 100, 2: 100, 3: 100, 4: 100, 5: 100, 6: 100, 7: 100, 8: 100, 9: 100}, Length: 1000
Target Indices - Frequency: {0: 100, 1: 100, 2: 100, 3: 100, 4: 100, 5: 100, 6: 100, 7: 100, 8: 100, 9: 100}, Length: 1000
Master Indices - Frequency: {0: 780, 1: 935, 2: 832, 3: 810, 4: 782, 5: 692, 6: 758, 7: 828, 8: 774, 9: 809}, Length: 8000
Intersection Check - Source & Target: set()
Intersection Check - Source & Master: set()
Intersection Check - Target & Master: set()
Epoch [1/10], Loss: 1.3917, Accuracy: 49.95%, Source: 1100, Target: 1100, Unlabeled: 7800
Epoch [2/10], Loss: 1.3865, Accuracy: 50.32%, Source: 1200, Target: 1200, Unlabeled: 7600
Epoch [3/10], Loss: 1.3861, Accuracy: 51.04%, Source: 1300, Target: 1300, Unlabeled: 7400
Epoch [4/10], Loss: 1.3870, Accuracy: 50.23%, Source: 1400, Target: 1400, Unlabeled: 7200
Epoch [5/10], Loss: 1.3868, Accuracy: 49.61%, Source: 1500, Target: 1500, Unlabeled: 7000
Epoch [6/10], Loss: 1.3863, Accuracy: 49.97%, Source: 1600, Target: 1600, Unlabeled: 6800
Epoch [7/10], Loss: 1.3861, Accuracy: 50.50%, Source: 1700, Target: 1700, Unlabeled: 6600
Epoch [8/10], Loss: 1.3863, Accuracy: 49.91%, Source: 1800, Target: 1800, Unlabeled: 6400
Epoch [9/10], Loss: 1.3866, Accuracy: 51.08%, Source: 1900, Target: 1900, Unlabeled: 6200
Epoch [10/10], Loss: 1.3861, Accuracy: 50.18%, Source: 2000, Target: 2000, Unlabeled: 6000
Model saved as models/ColoredMNIST_Test_20241126_000307.pth
Evaluation Test Accuracy: 49.45%, Source: 2000, Target: 2000, Unlabeled: 2000
===========================================================================================================
===========================================================================================================
===========================================================================================================
===========================================================================================================
Run Number is 4
Source Indices - Frequency: {0: 100, 1: 100, 2: 100, 3: 100, 4: 100, 5: 100, 6: 100, 7: 100, 8: 100, 9: 100}, Length: 1000
Target Indices - Frequency: {0: 100, 1: 100, 2: 100, 3: 100, 4: 100, 5: 100, 6: 100, 7: 100, 8: 100, 9: 100}, Length: 1000
Master Indices - Frequency: {0: 780, 1: 935, 2: 832, 3: 810, 4: 782, 5: 692, 6: 758, 7: 828, 8: 774, 9: 809}, Length: 8000
Intersection Check - Source & Target: set()
Intersection Check - Source & Master: set()
Intersection Check - Target & Master: set()
Epoch [1/10], Loss: 1.3933, Accuracy: 50.10%, Source: 1100, Target: 1100, Unlabeled: 7800
Epoch [2/10], Loss: 1.3863, Accuracy: 49.95%, Source: 1200, Target: 1200, Unlabeled: 7600
Epoch [3/10], Loss: 1.3857, Accuracy: 51.00%, Source: 1300, Target: 1300, Unlabeled: 7400
Epoch [4/10], Loss: 1.3875, Accuracy: 49.73%, Source: 1400, Target: 1400, Unlabeled: 7200
Epoch [5/10], Loss: 1.3866, Accuracy: 50.50%, Source: 1500, Target: 1500, Unlabeled: 7000
Epoch [6/10], Loss: 1.3863, Accuracy: 50.17%, Source: 1600, Target: 1600, Unlabeled: 6800
Epoch [7/10], Loss: 1.3865, Accuracy: 49.31%, Source: 1700, Target: 1700, Unlabeled: 6600
Epoch [8/10], Loss: 1.3865, Accuracy: 50.59%, Source: 1800, Target: 1800, Unlabeled: 6400
Epoch [9/10], Loss: 1.3856, Accuracy: 52.03%, Source: 1900, Target: 1900, Unlabeled: 6200
Epoch [10/10], Loss: 1.3865, Accuracy: 50.34%, Source: 2000, Target: 2000, Unlabeled: 6000
Model saved as models/ColoredMNIST_Test_20241126_000307.pth
Evaluation Test Accuracy: 51.10%, Source: 2000, Target: 2000, Unlabeled: 2000
===========================================================================================================
===========================================================================================================
===========================================================================================================
===========================================================================================================
Run Number is 5
Source Indices - Frequency: {0: 100, 1: 100, 2: 100, 3: 100, 4: 100, 5: 100, 6: 100, 7: 100, 8: 100, 9: 100}, Length: 1000
Target Indices - Frequency: {0: 100, 1: 100, 2: 100, 3: 100, 4: 100, 5: 100, 6: 100, 7: 100, 8: 100, 9: 100}, Length: 1000
Master Indices - Frequency: {0: 780, 1: 935, 2: 832, 3: 810, 4: 782, 5: 692, 6: 758, 7: 828, 8: 774, 9: 809}, Length: 8000
Intersection Check - Source & Target: set()
Intersection Check - Source & Master: set()
Intersection Check - Target & Master: set()
Epoch [1/10], Loss: 1.3939, Accuracy: 48.65%, Source: 1100, Target: 1100, Unlabeled: 7800
Epoch [2/10], Loss: 1.3877, Accuracy: 49.05%, Source: 1200, Target: 1200, Unlabeled: 7600
Epoch [3/10], Loss: 1.3869, Accuracy: 51.17%, Source: 1300, Target: 1300, Unlabeled: 7400
Epoch [4/10], Loss: 1.3876, Accuracy: 50.23%, Source: 1400, Target: 1400, Unlabeled: 7200
Epoch [5/10], Loss: 1.3871, Accuracy: 48.93%, Source: 1500, Target: 1500, Unlabeled: 7000
Epoch [6/10], Loss: 1.3866, Accuracy: 51.27%, Source: 1600, Target: 1600, Unlabeled: 6800
Epoch [7/10], Loss: 1.3866, Accuracy: 49.53%, Source: 1700, Target: 1700, Unlabeled: 6600
Epoch [8/10], Loss: 1.3861, Accuracy: 50.65%, Source: 1800, Target: 1800, Unlabeled: 6400
Epoch [9/10], Loss: 1.3859, Accuracy: 51.08%, Source: 1900, Target: 1900, Unlabeled: 6200
Epoch [10/10], Loss: 1.3854, Accuracy: 51.82%, Source: 2000, Target: 2000, Unlabeled: 6000
Model saved as models/ColoredMNIST_Test_20241126_000307.pth
Evaluation Test Accuracy: 50.32%, Source: 2000, Target: 2000, Unlabeled: 2000
===========================================================================================================
===========================================================================================================
===========================================================================================================
===========================================================================================================
Run Number is 6
Source Indices - Frequency: {0: 100, 1: 100, 2: 100, 3: 100, 4: 100, 5: 100, 6: 100, 7: 100, 8: 100, 9: 100}, Length: 1000
Target Indices - Frequency: {0: 100, 1: 100, 2: 100, 3: 100, 4: 100, 5: 100, 6: 100, 7: 100, 8: 100, 9: 100}, Length: 1000
Master Indices - Frequency: {0: 780, 1: 935, 2: 832, 3: 810, 4: 782, 5: 692, 6: 758, 7: 828, 8: 774, 9: 809}, Length: 8000
Intersection Check - Source & Target: set()
Intersection Check - Source & Master: set()
Intersection Check - Target & Master: set()
Epoch [1/10], Loss: 1.3909, Accuracy: 50.60%, Source: 1100, Target: 1100, Unlabeled: 7800
Epoch [2/10], Loss: 1.3878, Accuracy: 49.59%, Source: 1200, Target: 1200, Unlabeled: 7600
Epoch [3/10], Loss: 1.3870, Accuracy: 50.75%, Source: 1300, Target: 1300, Unlabeled: 7400
Epoch [4/10], Loss: 1.3861, Accuracy: 49.77%, Source: 1400, Target: 1400, Unlabeled: 7200
Epoch [5/10], Loss: 1.3867, Accuracy: 50.32%, Source: 1500, Target: 1500, Unlabeled: 7000
Epoch [6/10], Loss: 1.3880, Accuracy: 47.50%, Source: 1600, Target: 1600, Unlabeled: 6800
Epoch [7/10], Loss: 1.3870, Accuracy: 49.47%, Source: 1700, Target: 1700, Unlabeled: 6600
Epoch [8/10], Loss: 1.3866, Accuracy: 49.91%, Source: 1800, Target: 1800, Unlabeled: 6400
Epoch [9/10], Loss: 1.3865, Accuracy: 50.28%, Source: 1900, Target: 1900, Unlabeled: 6200
Epoch [10/10], Loss: 1.3865, Accuracy: 49.84%, Source: 2000, Target: 2000, Unlabeled: 6000
Model saved as models/ColoredMNIST_Test_20241126_000307.pth
Evaluation Test Accuracy: 49.78%, Source: 2000, Target: 2000, Unlabeled: 2000
===========================================================================================================
===========================================================================================================
===========================================================================================================
===========================================================================================================
Run Number is 7
Source Indices - Frequency: {0: 100, 1: 100, 2: 100, 3: 100, 4: 100, 5: 100, 6: 100, 7: 100, 8: 100, 9: 100}, Length: 1000
Target Indices - Frequency: {0: 100, 1: 100, 2: 100, 3: 100, 4: 100, 5: 100, 6: 100, 7: 100, 8: 100, 9: 100}, Length: 1000
Master Indices - Frequency: {0: 780, 1: 935, 2: 832, 3: 810, 4: 782, 5: 692, 6: 758, 7: 828, 8: 774, 9: 809}, Length: 8000
Intersection Check - Source & Target: set()
Intersection Check - Source & Master: set()
Intersection Check - Target & Master: set()
Epoch [1/10], Loss: 1.3912, Accuracy: 49.90%, Source: 1100, Target: 1100, Unlabeled: 7800
Epoch [2/10], Loss: 1.3871, Accuracy: 50.05%, Source: 1200, Target: 1200, Unlabeled: 7600
Epoch [3/10], Loss: 1.3870, Accuracy: 49.58%, Source: 1300, Target: 1300, Unlabeled: 7400
Epoch [4/10], Loss: 1.3867, Accuracy: 49.81%, Source: 1400, Target: 1400, Unlabeled: 7200
Epoch [5/10], Loss: 1.3866, Accuracy: 50.36%, Source: 1500, Target: 1500, Unlabeled: 7000
Epoch [6/10], Loss: 1.3868, Accuracy: 49.60%, Source: 1600, Target: 1600, Unlabeled: 6800
Epoch [7/10], Loss: 1.3863, Accuracy: 51.19%, Source: 1700, Target: 1700, Unlabeled: 6600
Epoch [8/10], Loss: 1.3868, Accuracy: 50.03%, Source: 1800, Target: 1800, Unlabeled: 6400
Epoch [9/10], Loss: 1.3864, Accuracy: 51.31%, Source: 1900, Target: 1900, Unlabeled: 6200
Epoch [10/10], Loss: 1.3863, Accuracy: 49.55%, Source: 2000, Target: 2000, Unlabeled: 6000
Model saved as models/ColoredMNIST_Test_20241126_000307.pth
Evaluation Test Accuracy: 50.52%, Source: 2000, Target: 2000, Unlabeled: 2000
===========================================================================================================
===========================================================================================================
===========================================================================================================
===========================================================================================================
Run Number is 8
Source Indices - Frequency: {0: 100, 1: 100, 2: 100, 3: 100, 4: 100, 5: 100, 6: 100, 7: 100, 8: 100, 9: 100}, Length: 1000
Target Indices - Frequency: {0: 100, 1: 100, 2: 100, 3: 100, 4: 100, 5: 100, 6: 100, 7: 100, 8: 100, 9: 100}, Length: 1000
Master Indices - Frequency: {0: 780, 1: 935, 2: 832, 3: 810, 4: 782, 5: 692, 6: 758, 7: 828, 8: 774, 9: 809}, Length: 8000
Intersection Check - Source & Target: set()
Intersection Check - Source & Master: set()
Intersection Check - Target & Master: set()
Epoch [1/10], Loss: 1.3944, Accuracy: 49.95%, Source: 1100, Target: 1100, Unlabeled: 7800
Epoch [2/10], Loss: 1.3862, Accuracy: 50.27%, Source: 1200, Target: 1200, Unlabeled: 7600
Epoch [3/10], Loss: 1.3867, Accuracy: 49.25%, Source: 1300, Target: 1300, Unlabeled: 7400
Epoch [4/10], Loss: 1.3854, Accuracy: 51.81%, Source: 1400, Target: 1400, Unlabeled: 7200
Epoch [5/10], Loss: 1.3869, Accuracy: 50.29%, Source: 1500, Target: 1500, Unlabeled: 7000
Epoch [6/10], Loss: 1.3856, Accuracy: 51.27%, Source: 1600, Target: 1600, Unlabeled: 6800
Epoch [7/10], Loss: 1.3868, Accuracy: 50.78%, Source: 1700, Target: 1700, Unlabeled: 6600
Epoch [8/10], Loss: 1.3864, Accuracy: 50.79%, Source: 1800, Target: 1800, Unlabeled: 6400
Epoch [9/10], Loss: 1.3865, Accuracy: 50.33%, Source: 1900, Target: 1900, Unlabeled: 6200
Epoch [10/10], Loss: 1.3864, Accuracy: 50.29%, Source: 2000, Target: 2000, Unlabeled: 6000
Model saved as models/ColoredMNIST_Test_20241126_000307.pth
Evaluation Test Accuracy: 50.22%, Source: 2000, Target: 2000, Unlabeled: 2000
===========================================================================================================
===========================================================================================================
===========================================================================================================
===========================================================================================================
Run Number is 9
Source Indices - Frequency: {0: 100, 1: 100, 2: 100, 3: 100, 4: 100, 5: 100, 6: 100, 7: 100, 8: 100, 9: 100}, Length: 1000
Target Indices - Frequency: {0: 100, 1: 100, 2: 100, 3: 100, 4: 100, 5: 100, 6: 100, 7: 100, 8: 100, 9: 100}, Length: 1000
Master Indices - Frequency: {0: 780, 1: 935, 2: 832, 3: 810, 4: 782, 5: 692, 6: 758, 7: 828, 8: 774, 9: 809}, Length: 8000
Intersection Check - Source & Target: set()
Intersection Check - Source & Master: set()
Intersection Check - Target & Master: set()
Epoch [1/10], Loss: 1.3901, Accuracy: 50.25%, Source: 1100, Target: 1100, Unlabeled: 7800
Epoch [2/10], Loss: 1.3873, Accuracy: 49.09%, Source: 1200, Target: 1200, Unlabeled: 7600
Epoch [3/10], Loss: 1.3868, Accuracy: 48.71%, Source: 1300, Target: 1300, Unlabeled: 7400
Epoch [4/10], Loss: 1.3864, Accuracy: 49.96%, Source: 1400, Target: 1400, Unlabeled: 7200
Epoch [5/10], Loss: 1.3863, Accuracy: 49.25%, Source: 1500, Target: 1500, Unlabeled: 7000
Epoch [6/10], Loss: 1.3863, Accuracy: 49.53%, Source: 1600, Target: 1600, Unlabeled: 6800
Epoch [7/10], Loss: 1.3865, Accuracy: 50.38%, Source: 1700, Target: 1700, Unlabeled: 6600
Epoch [8/10], Loss: 1.3858, Accuracy: 51.32%, Source: 1800, Target: 1800, Unlabeled: 6400
Epoch [9/10], Loss: 1.3856, Accuracy: 51.28%, Source: 1900, Target: 1900, Unlabeled: 6200
Epoch [10/10], Loss: 1.3862, Accuracy: 51.45%, Source: 2000, Target: 2000, Unlabeled: 6000
Model saved as models/ColoredMNIST_Test_20241126_000307.pth
Evaluation Test Accuracy: 50.60%, Source: 2000, Target: 2000, Unlabeled: 2000
===========================================================================================================
===========================================================================================================
===========================================================================================================
===========================================================================================================
Run Number is 10
Source Indices - Frequency: {0: 100, 1: 100, 2: 100, 3: 100, 4: 100, 5: 100, 6: 100, 7: 100, 8: 100, 9: 100}, Length: 1000
Target Indices - Frequency: {0: 100, 1: 100, 2: 100, 3: 100, 4: 100, 5: 100, 6: 100, 7: 100, 8: 100, 9: 100}, Length: 1000
Master Indices - Frequency: {0: 780, 1: 935, 2: 832, 3: 810, 4: 782, 5: 692, 6: 758, 7: 828, 8: 774, 9: 809}, Length: 8000
Intersection Check - Source & Target: set()
Intersection Check - Source & Master: set()
Intersection Check - Target & Master: set()
Epoch [1/10], Loss: 1.3957, Accuracy: 49.70%, Source: 1100, Target: 1100, Unlabeled: 7800
Epoch [2/10], Loss: 1.3875, Accuracy: 50.36%, Source: 1200, Target: 1200, Unlabeled: 7600
Epoch [3/10], Loss: 1.3870, Accuracy: 50.75%, Source: 1300, Target: 1300, Unlabeled: 7400
Epoch [4/10], Loss: 1.3862, Accuracy: 50.46%, Source: 1400, Target: 1400, Unlabeled: 7200
Epoch [5/10], Loss: 1.3867, Accuracy: 51.29%, Source: 1500, Target: 1500, Unlabeled: 7000
Epoch [6/10], Loss: 1.3864, Accuracy: 49.47%, Source: 1600, Target: 1600, Unlabeled: 6800
Epoch [7/10], Loss: 1.3868, Accuracy: 50.31%, Source: 1700, Target: 1700, Unlabeled: 6600
Epoch [8/10], Loss: 1.3869, Accuracy: 49.06%, Source: 1800, Target: 1800, Unlabeled: 6400
Epoch [9/10], Loss: 1.3864, Accuracy: 50.81%, Source: 1900, Target: 1900, Unlabeled: 6200
Epoch [10/10], Loss: 1.3866, Accuracy: 50.29%, Source: 2000, Target: 2000, Unlabeled: 6000
Model saved as models/ColoredMNIST_Test_20241126_000307.pth
Evaluation Test Accuracy: 49.35%, Source: 2000, Target: 2000, Unlabeled: 2000
===========================================================================================================
===========================================================================================================
===========================================================================================================
===========================================================================================================
Run Number is 11
Source Indices - Frequency: {0: 100, 1: 100, 2: 100, 3: 100, 4: 100, 5: 100, 6: 100, 7: 100, 8: 100, 9: 100}, Length: 1000
Target Indices - Frequency: {0: 100, 1: 100, 2: 100, 3: 100, 4: 100, 5: 100, 6: 100, 7: 100, 8: 100, 9: 100}, Length: 1000
Master Indices - Frequency: {0: 780, 1: 935, 2: 832, 3: 810, 4: 782, 5: 692, 6: 758, 7: 828, 8: 774, 9: 809}, Length: 8000
Intersection Check - Source & Target: set()
Intersection Check - Source & Master: set()
Intersection Check - Target & Master: set()
Epoch [1/10], Loss: 1.3925, Accuracy: 49.45%, Source: 1100, Target: 1100, Unlabeled: 7800
Epoch [2/10], Loss: 1.3865, Accuracy: 49.64%, Source: 1200, Target: 1200, Unlabeled: 7600
Epoch [3/10], Loss: 1.3873, Accuracy: 48.29%, Source: 1300, Target: 1300, Unlabeled: 7400
Epoch [4/10], Loss: 1.3859, Accuracy: 50.88%, Source: 1400, Target: 1400, Unlabeled: 7200
Epoch [5/10], Loss: 1.3873, Accuracy: 48.39%, Source: 1500, Target: 1500, Unlabeled: 7000
Epoch [6/10], Loss: 1.3860, Accuracy: 51.17%, Source: 1600, Target: 1600, Unlabeled: 6800
Epoch [7/10], Loss: 1.3853, Accuracy: 51.44%, Source: 1700, Target: 1700, Unlabeled: 6600
Epoch [8/10], Loss: 1.3859, Accuracy: 50.91%, Source: 1800, Target: 1800, Unlabeled: 6400
Epoch [9/10], Loss: 1.3856, Accuracy: 51.53%, Source: 1900, Target: 1900, Unlabeled: 6200
Epoch [10/10], Loss: 1.3851, Accuracy: 51.39%, Source: 2000, Target: 2000, Unlabeled: 6000
Model saved as models/ColoredMNIST_Test_20241126_000307.pth
Evaluation Test Accuracy: 48.77%, Source: 2000, Target: 2000, Unlabeled: 2000
===========================================================================================================
===========================================================================================================
===========================================================================================================
===========================================================================================================
Run Number is 12
Source Indices - Frequency: {0: 100, 1: 100, 2: 100, 3: 100, 4: 100, 5: 100, 6: 100, 7: 100, 8: 100, 9: 100}, Length: 1000
Target Indices - Frequency: {0: 100, 1: 100, 2: 100, 3: 100, 4: 100, 5: 100, 6: 100, 7: 100, 8: 100, 9: 100}, Length: 1000
Master Indices - Frequency: {0: 780, 1: 935, 2: 832, 3: 810, 4: 782, 5: 692, 6: 758, 7: 828, 8: 774, 9: 809}, Length: 8000
Intersection Check - Source & Target: set()
Intersection Check - Source & Master: set()
Intersection Check - Target & Master: set()
Epoch [1/10], Loss: 1.3913, Accuracy: 50.00%, Source: 1100, Target: 1100, Unlabeled: 7800
Epoch [2/10], Loss: 1.3871, Accuracy: 49.59%, Source: 1200, Target: 1200, Unlabeled: 7600
Epoch [3/10], Loss: 1.3867, Accuracy: 49.58%, Source: 1300, Target: 1300, Unlabeled: 7400
Epoch [4/10], Loss: 1.3862, Accuracy: 50.35%, Source: 1400, Target: 1400, Unlabeled: 7200
Epoch [5/10], Loss: 1.3864, Accuracy: 50.68%, Source: 1500, Target: 1500, Unlabeled: 7000
Epoch [6/10], Loss: 1.3866, Accuracy: 49.57%, Source: 1600, Target: 1600, Unlabeled: 6800
Epoch [7/10], Loss: 1.3861, Accuracy: 50.38%, Source: 1700, Target: 1700, Unlabeled: 6600
Epoch [8/10], Loss: 1.3862, Accuracy: 50.06%, Source: 1800, Target: 1800, Unlabeled: 6400
Epoch [9/10], Loss: 1.3863, Accuracy: 50.89%, Source: 1900, Target: 1900, Unlabeled: 6200
Epoch [10/10], Loss: 1.3860, Accuracy: 50.63%, Source: 2000, Target: 2000, Unlabeled: 6000
Model saved as models/ColoredMNIST_Test_20241126_000307.pth
Evaluation Test Accuracy: 50.45%, Source: 2000, Target: 2000, Unlabeled: 2000
===========================================================================================================
===========================================================================================================
===========================================================================================================
===========================================================================================================
Run Number is 13
Source Indices - Frequency: {0: 100, 1: 100, 2: 100, 3: 100, 4: 100, 5: 100, 6: 100, 7: 100, 8: 100, 9: 100}, Length: 1000
Target Indices - Frequency: {0: 100, 1: 100, 2: 100, 3: 100, 4: 100, 5: 100, 6: 100, 7: 100, 8: 100, 9: 100}, Length: 1000
Master Indices - Frequency: {0: 780, 1: 935, 2: 832, 3: 810, 4: 782, 5: 692, 6: 758, 7: 828, 8: 774, 9: 809}, Length: 8000
Intersection Check - Source & Target: set()
Intersection Check - Source & Master: set()
Intersection Check - Target & Master: set()
Epoch [1/10], Loss: 1.3921, Accuracy: 49.95%, Source: 1100, Target: 1100, Unlabeled: 7800
Epoch [2/10], Loss: 1.3870, Accuracy: 49.55%, Source: 1200, Target: 1200, Unlabeled: 7600
Epoch [3/10], Loss: 1.3861, Accuracy: 51.54%, Source: 1300, Target: 1300, Unlabeled: 7400
Epoch [4/10], Loss: 1.3864, Accuracy: 50.69%, Source: 1400, Target: 1400, Unlabeled: 7200
Epoch [5/10], Loss: 1.3868, Accuracy: 50.29%, Source: 1500, Target: 1500, Unlabeled: 7000
Epoch [6/10], Loss: 1.3857, Accuracy: 50.27%, Source: 1600, Target: 1600, Unlabeled: 6800
Epoch [7/10], Loss: 1.3867, Accuracy: 49.56%, Source: 1700, Target: 1700, Unlabeled: 6600
Epoch [8/10], Loss: 1.3866, Accuracy: 50.53%, Source: 1800, Target: 1800, Unlabeled: 6400
Epoch [9/10], Loss: 1.3866, Accuracy: 49.31%, Source: 1900, Target: 1900, Unlabeled: 6200
Epoch [10/10], Loss: 1.3865, Accuracy: 49.61%, Source: 2000, Target: 2000, Unlabeled: 6000
Model saved as models/ColoredMNIST_Test_20241126_000307.pth
Evaluation Test Accuracy: 50.02%, Source: 2000, Target: 2000, Unlabeled: 2000
===========================================================================================================
===========================================================================================================
===========================================================================================================
===========================================================================================================
Run Number is 14
Source Indices - Frequency: {0: 100, 1: 100, 2: 100, 3: 100, 4: 100, 5: 100, 6: 100, 7: 100, 8: 100, 9: 100}, Length: 1000
Target Indices - Frequency: {0: 100, 1: 100, 2: 100, 3: 100, 4: 100, 5: 100, 6: 100, 7: 100, 8: 100, 9: 100}, Length: 1000
Master Indices - Frequency: {0: 780, 1: 935, 2: 832, 3: 810, 4: 782, 5: 692, 6: 758, 7: 828, 8: 774, 9: 809}, Length: 8000
Intersection Check - Source & Target: set()
Intersection Check - Source & Master: set()
Intersection Check - Target & Master: set()
Epoch [1/10], Loss: 1.3921, Accuracy: 48.60%, Source: 1100, Target: 1100, Unlabeled: 7800
Epoch [2/10], Loss: 1.3854, Accuracy: 50.64%, Source: 1200, Target: 1200, Unlabeled: 7600
Epoch [3/10], Loss: 1.3867, Accuracy: 50.21%, Source: 1300, Target: 1300, Unlabeled: 7400
Epoch [4/10], Loss: 1.3865, Accuracy: 49.46%, Source: 1400, Target: 1400, Unlabeled: 7200
Epoch [5/10], Loss: 1.3868, Accuracy: 49.50%, Source: 1500, Target: 1500, Unlabeled: 7000
Epoch [6/10], Loss: 1.3862, Accuracy: 51.30%, Source: 1600, Target: 1600, Unlabeled: 6800
Epoch [7/10], Loss: 1.3861, Accuracy: 50.47%, Source: 1700, Target: 1700, Unlabeled: 6600
Epoch [8/10], Loss: 1.3862, Accuracy: 50.97%, Source: 1800, Target: 1800, Unlabeled: 6400
Epoch [9/10], Loss: 1.3865, Accuracy: 50.44%, Source: 1900, Target: 1900, Unlabeled: 6200
Epoch [10/10], Loss: 1.3861, Accuracy: 51.21%, Source: 2000, Target: 2000, Unlabeled: 6000
Model saved as models/ColoredMNIST_Test_20241126_000307.pth
Evaluation Test Accuracy: 50.95%, Source: 2000, Target: 2000, Unlabeled: 2000
===========================================================================================================
===========================================================================================================
===========================================================================================================
===========================================================================================================
Run Number is 15
Source Indices - Frequency: {0: 100, 1: 100, 2: 100, 3: 100, 4: 100, 5: 100, 6: 100, 7: 100, 8: 100, 9: 100}, Length: 1000
Target Indices - Frequency: {0: 100, 1: 100, 2: 100, 3: 100, 4: 100, 5: 100, 6: 100, 7: 100, 8: 100, 9: 100}, Length: 1000
Master Indices - Frequency: {0: 780, 1: 935, 2: 832, 3: 810, 4: 782, 5: 692, 6: 758, 7: 828, 8: 774, 9: 809}, Length: 8000
Intersection Check - Source & Target: set()
Intersection Check - Source & Master: set()
Intersection Check - Target & Master: set()
Epoch [1/10], Loss: 1.3902, Accuracy: 50.00%, Source: 1100, Target: 1100, Unlabeled: 7800
Epoch [2/10], Loss: 1.3887, Accuracy: 48.00%, Source: 1200, Target: 1200, Unlabeled: 7600
Epoch [3/10], Loss: 1.3861, Accuracy: 50.21%, Source: 1300, Target: 1300, Unlabeled: 7400
Epoch [4/10], Loss: 1.3869, Accuracy: 48.85%, Source: 1400, Target: 1400, Unlabeled: 7200
Epoch [5/10], Loss: 1.3872, Accuracy: 49.57%, Source: 1500, Target: 1500, Unlabeled: 7000
Epoch [6/10], Loss: 1.3861, Accuracy: 52.33%, Source: 1600, Target: 1600, Unlabeled: 6800
Epoch [7/10], Loss: 1.3866, Accuracy: 49.38%, Source: 1700, Target: 1700, Unlabeled: 6600
Epoch [8/10], Loss: 1.3858, Accuracy: 51.71%, Source: 1800, Target: 1800, Unlabeled: 6400
Epoch [9/10], Loss: 1.3859, Accuracy: 51.17%, Source: 1900, Target: 1900, Unlabeled: 6200
Epoch [10/10], Loss: 1.3860, Accuracy: 50.87%, Source: 2000, Target: 2000, Unlabeled: 6000
Model saved as models/ColoredMNIST_Test_20241126_000307.pth
Evaluation Test Accuracy: 49.48%, Source: 2000, Target: 2000, Unlabeled: 2000
===========================================================================================================
===========================================================================================================
===========================================================================================================
===========================================================================================================
Run Number is 16
Source Indices - Frequency: {0: 100, 1: 100, 2: 100, 3: 100, 4: 100, 5: 100, 6: 100, 7: 100, 8: 100, 9: 100}, Length: 1000
Target Indices - Frequency: {0: 100, 1: 100, 2: 100, 3: 100, 4: 100, 5: 100, 6: 100, 7: 100, 8: 100, 9: 100}, Length: 1000
Master Indices - Frequency: {0: 780, 1: 935, 2: 832, 3: 810, 4: 782, 5: 692, 6: 758, 7: 828, 8: 774, 9: 809}, Length: 8000
Intersection Check - Source & Target: set()
Intersection Check - Source & Master: set()
Intersection Check - Target & Master: set()
Epoch [1/10], Loss: 1.3932, Accuracy: 49.05%, Source: 1100, Target: 1100, Unlabeled: 7800
Epoch [2/10], Loss: 1.3869, Accuracy: 49.91%, Source: 1200, Target: 1200, Unlabeled: 7600
Epoch [3/10], Loss: 1.3872, Accuracy: 49.08%, Source: 1300, Target: 1300, Unlabeled: 7400
Epoch [4/10], Loss: 1.3867, Accuracy: 50.04%, Source: 1400, Target: 1400, Unlabeled: 7200
Epoch [5/10], Loss: 1.3870, Accuracy: 49.21%, Source: 1500, Target: 1500, Unlabeled: 7000
Epoch [6/10], Loss: 1.3863, Accuracy: 50.03%, Source: 1600, Target: 1600, Unlabeled: 6800
Epoch [7/10], Loss: 1.3862, Accuracy: 51.03%, Source: 1700, Target: 1700, Unlabeled: 6600
Epoch [8/10], Loss: 1.3864, Accuracy: 49.09%, Source: 1800, Target: 1800, Unlabeled: 6400
Epoch [9/10], Loss: 1.3864, Accuracy: 49.67%, Source: 1900, Target: 1900, Unlabeled: 6200
Epoch [10/10], Loss: 1.3862, Accuracy: 49.53%, Source: 2000, Target: 2000, Unlabeled: 6000
Model saved as models/ColoredMNIST_Test_20241126_000307.pth
Evaluation Test Accuracy: 50.60%, Source: 2000, Target: 2000, Unlabeled: 2000
===========================================================================================================
===========================================================================================================
===========================================================================================================
===========================================================================================================
Run Number is 17
Source Indices - Frequency: {0: 100, 1: 100, 2: 100, 3: 100, 4: 100, 5: 100, 6: 100, 7: 100, 8: 100, 9: 100}, Length: 1000
Target Indices - Frequency: {0: 100, 1: 100, 2: 100, 3: 100, 4: 100, 5: 100, 6: 100, 7: 100, 8: 100, 9: 100}, Length: 1000
Master Indices - Frequency: {0: 780, 1: 935, 2: 832, 3: 810, 4: 782, 5: 692, 6: 758, 7: 828, 8: 774, 9: 809}, Length: 8000
Intersection Check - Source & Target: set()
Intersection Check - Source & Master: set()
Intersection Check - Target & Master: set()
Epoch [1/10], Loss: 1.3919, Accuracy: 50.65%, Source: 1100, Target: 1100, Unlabeled: 7800
Epoch [2/10], Loss: 1.3870, Accuracy: 49.32%, Source: 1200, Target: 1200, Unlabeled: 7600
Epoch [3/10], Loss: 1.3862, Accuracy: 49.88%, Source: 1300, Target: 1300, Unlabeled: 7400
Epoch [4/10], Loss: 1.3864, Accuracy: 50.35%, Source: 1400, Target: 1400, Unlabeled: 7200
Epoch [5/10], Loss: 1.3865, Accuracy: 49.61%, Source: 1500, Target: 1500, Unlabeled: 7000
Epoch [6/10], Loss: 1.3863, Accuracy: 49.60%, Source: 1600, Target: 1600, Unlabeled: 6800
Epoch [7/10], Loss: 1.3860, Accuracy: 51.06%, Source: 1700, Target: 1700, Unlabeled: 6600
Epoch [8/10], Loss: 1.3861, Accuracy: 50.59%, Source: 1800, Target: 1800, Unlabeled: 6400
Epoch [9/10], Loss: 1.3857, Accuracy: 51.47%, Source: 1900, Target: 1900, Unlabeled: 6200
Epoch [10/10], Loss: 1.3860, Accuracy: 50.82%, Source: 2000, Target: 2000, Unlabeled: 6000
Model saved as models/ColoredMNIST_Test_20241126_000307.pth
Evaluation Test Accuracy: 49.53%, Source: 2000, Target: 2000, Unlabeled: 2000
===========================================================================================================
===========================================================================================================
===========================================================================================================
===========================================================================================================
Run Number is 18
Source Indices - Frequency: {0: 100, 1: 100, 2: 100, 3: 100, 4: 100, 5: 100, 6: 100, 7: 100, 8: 100, 9: 100}, Length: 1000
Target Indices - Frequency: {0: 100, 1: 100, 2: 100, 3: 100, 4: 100, 5: 100, 6: 100, 7: 100, 8: 100, 9: 100}, Length: 1000
Master Indices - Frequency: {0: 780, 1: 935, 2: 832, 3: 810, 4: 782, 5: 692, 6: 758, 7: 828, 8: 774, 9: 809}, Length: 8000
Intersection Check - Source & Target: set()
Intersection Check - Source & Master: set()
Intersection Check - Target & Master: set()
Epoch [1/10], Loss: 1.3920, Accuracy: 48.95%, Source: 1100, Target: 1100, Unlabeled: 7800
Epoch [2/10], Loss: 1.3865, Accuracy: 51.14%, Source: 1200, Target: 1200, Unlabeled: 7600
Epoch [3/10], Loss: 1.3867, Accuracy: 50.29%, Source: 1300, Target: 1300, Unlabeled: 7400
Epoch [4/10], Loss: 1.3863, Accuracy: 50.46%, Source: 1400, Target: 1400, Unlabeled: 7200
Epoch [5/10], Loss: 1.3862, Accuracy: 50.29%, Source: 1500, Target: 1500, Unlabeled: 7000
Epoch [6/10], Loss: 1.3854, Accuracy: 52.50%, Source: 1600, Target: 1600, Unlabeled: 6800
Epoch [7/10], Loss: 1.3854, Accuracy: 52.03%, Source: 1700, Target: 1700, Unlabeled: 6600
Epoch [8/10], Loss: 1.3847, Accuracy: 52.15%, Source: 1800, Target: 1800, Unlabeled: 6400
Epoch [9/10], Loss: 1.3857, Accuracy: 51.39%, Source: 1900, Target: 1900, Unlabeled: 6200
Epoch [10/10], Loss: 1.3846, Accuracy: 52.82%, Source: 2000, Target: 2000, Unlabeled: 6000
Model saved as models/ColoredMNIST_Test_20241126_000307.pth
Evaluation Test Accuracy: 49.18%, Source: 2000, Target: 2000, Unlabeled: 2000
===========================================================================================================
===========================================================================================================
===========================================================================================================
===========================================================================================================
Run Number is 19
Source Indices - Frequency: {0: 100, 1: 100, 2: 100, 3: 100, 4: 100, 5: 100, 6: 100, 7: 100, 8: 100, 9: 100}, Length: 1000
Target Indices - Frequency: {0: 100, 1: 100, 2: 100, 3: 100, 4: 100, 5: 100, 6: 100, 7: 100, 8: 100, 9: 100}, Length: 1000
Master Indices - Frequency: {0: 780, 1: 935, 2: 832, 3: 810, 4: 782, 5: 692, 6: 758, 7: 828, 8: 774, 9: 809}, Length: 8000
Intersection Check - Source & Target: set()
Intersection Check - Source & Master: set()
Intersection Check - Target & Master: set()
Epoch [1/10], Loss: 1.3987, Accuracy: 51.30%, Source: 1100, Target: 1100, Unlabeled: 7800
Epoch [2/10], Loss: 1.3866, Accuracy: 48.23%, Source: 1200, Target: 1200, Unlabeled: 7600
Epoch [3/10], Loss: 1.3865, Accuracy: 49.08%, Source: 1300, Target: 1300, Unlabeled: 7400
Epoch [4/10], Loss: 1.3864, Accuracy: 50.35%, Source: 1400, Target: 1400, Unlabeled: 7200
Epoch [5/10], Loss: 1.3863, Accuracy: 48.75%, Source: 1500, Target: 1500, Unlabeled: 7000
Epoch [6/10], Loss: 1.3864, Accuracy: 50.17%, Source: 1600, Target: 1600, Unlabeled: 6800
Epoch [7/10], Loss: 1.3863, Accuracy: 49.72%, Source: 1700, Target: 1700, Unlabeled: 6600
Epoch [8/10], Loss: 1.3861, Accuracy: 51.88%, Source: 1800, Target: 1800, Unlabeled: 6400
Epoch [9/10], Loss: 1.3863, Accuracy: 50.89%, Source: 1900, Target: 1900, Unlabeled: 6200
Epoch [10/10], Loss: 1.3861, Accuracy: 51.24%, Source: 2000, Target: 2000, Unlabeled: 6000
Model saved as models/ColoredMNIST_Test_20241126_000307.pth
Evaluation Test Accuracy: 49.98%, Source: 2000, Target: 2000, Unlabeled: 2000
===========================================================================================================
===========================================================================================================
===========================================================================================================
===========================================================================================================
