Run Number is 0
Source Indices - Frequency: {0: 100, 1: 100, 2: 100, 3: 100, 4: 100, 5: 100, 6: 100, 7: 100, 8: 100, 9: 100}, Length: 1000
Target Indices - Frequency: {0: 100, 1: 100, 2: 100, 3: 100, 4: 100, 5: 100, 6: 100, 7: 100, 8: 100, 9: 100}, Length: 1000
Master Indices - Frequency: {0: 780, 1: 935, 2: 832, 3: 810, 4: 782, 5: 692, 6: 758, 7: 828, 8: 774, 9: 809}, Length: 8000
Intersection Check - Source & Target: set()
Intersection Check - Source & Master: set()
Intersection Check - Target & Master: set()
Epoch [1/10], Loss: 1.3994, Accuracy: 52.35%, Source: 1100, Target: 1100, Unlabeled: 7800
Epoch [2/10], Loss: 1.3870, Accuracy: 49.95%, Source: 1200, Target: 1200, Unlabeled: 7600
Epoch [3/10], Loss: 1.3863, Accuracy: 50.21%, Source: 1300, Target: 1300, Unlabeled: 7400
Epoch [4/10], Loss: 1.3863, Accuracy: 51.12%, Source: 1400, Target: 1400, Unlabeled: 7200
Epoch [5/10], Loss: 1.3867, Accuracy: 50.39%, Source: 1500, Target: 1500, Unlabeled: 7000
Epoch [6/10], Loss: 1.3871, Accuracy: 49.63%, Source: 1600, Target: 1600, Unlabeled: 6800
Epoch [7/10], Loss: 1.3866, Accuracy: 49.38%, Source: 1700, Target: 1700, Unlabeled: 6600
Epoch [8/10], Loss: 1.3862, Accuracy: 49.35%, Source: 1800, Target: 1800, Unlabeled: 6400
Epoch [9/10], Loss: 1.3870, Accuracy: 50.22%, Source: 1900, Target: 1900, Unlabeled: 6200
Epoch [10/10], Loss: 1.3854, Accuracy: 51.45%, Source: 2000, Target: 2000, Unlabeled: 6000
Model saved as models/NormalMNIST_Test_20241123_235549.pth
Evaluation Test Accuracy: 49.23%, Source: 2000, Target: 2000, Unlabeled: 2000
===========================================================================================================
===========================================================================================================
===========================================================================================================
===========================================================================================================
Run Number is 1
Source Indices - Frequency: {0: 100, 1: 100, 2: 100, 3: 100, 4: 100, 5: 100, 6: 100, 7: 100, 8: 100, 9: 100}, Length: 1000
Target Indices - Frequency: {0: 100, 1: 100, 2: 100, 3: 100, 4: 100, 5: 100, 6: 100, 7: 100, 8: 100, 9: 100}, Length: 1000
Master Indices - Frequency: {0: 780, 1: 935, 2: 832, 3: 810, 4: 782, 5: 692, 6: 758, 7: 828, 8: 774, 9: 809}, Length: 8000
Intersection Check - Source & Target: set()
Intersection Check - Source & Master: set()
Intersection Check - Target & Master: set()
Epoch [1/10], Loss: 1.3919, Accuracy: 51.05%, Source: 1100, Target: 1100, Unlabeled: 7800
Epoch [2/10], Loss: 1.3851, Accuracy: 51.55%, Source: 1200, Target: 1200, Unlabeled: 7600
Epoch [3/10], Loss: 1.3860, Accuracy: 51.04%, Source: 1300, Target: 1300, Unlabeled: 7400
Epoch [4/10], Loss: 1.3876, Accuracy: 50.15%, Source: 1400, Target: 1400, Unlabeled: 7200
Epoch [5/10], Loss: 1.3862, Accuracy: 50.21%, Source: 1500, Target: 1500, Unlabeled: 7000
Epoch [6/10], Loss: 1.3870, Accuracy: 48.97%, Source: 1600, Target: 1600, Unlabeled: 6800
Epoch [7/10], Loss: 1.3865, Accuracy: 50.22%, Source: 1700, Target: 1700, Unlabeled: 6600
Epoch [8/10], Loss: 1.3868, Accuracy: 50.82%, Source: 1800, Target: 1800, Unlabeled: 6400
Epoch [9/10], Loss: 1.3863, Accuracy: 50.42%, Source: 1900, Target: 1900, Unlabeled: 6200
Epoch [10/10], Loss: 1.3859, Accuracy: 50.53%, Source: 2000, Target: 2000, Unlabeled: 6000
Model saved as models/NormalMNIST_Test_20241123_235549.pth
Evaluation Test Accuracy: 50.60%, Source: 2000, Target: 2000, Unlabeled: 2000
===========================================================================================================
===========================================================================================================
===========================================================================================================
===========================================================================================================
Run Number is 2
Source Indices - Frequency: {0: 100, 1: 100, 2: 100, 3: 100, 4: 100, 5: 100, 6: 100, 7: 100, 8: 100, 9: 100}, Length: 1000
Target Indices - Frequency: {0: 100, 1: 100, 2: 100, 3: 100, 4: 100, 5: 100, 6: 100, 7: 100, 8: 100, 9: 100}, Length: 1000
Master Indices - Frequency: {0: 780, 1: 935, 2: 832, 3: 810, 4: 782, 5: 692, 6: 758, 7: 828, 8: 774, 9: 809}, Length: 8000
Intersection Check - Source & Target: set()
Intersection Check - Source & Master: set()
Intersection Check - Target & Master: set()
Epoch [1/10], Loss: 1.3942, Accuracy: 50.75%, Source: 1100, Target: 1100, Unlabeled: 7800
Epoch [2/10], Loss: 1.3864, Accuracy: 50.59%, Source: 1200, Target: 1200, Unlabeled: 7600
Epoch [3/10], Loss: 1.3877, Accuracy: 50.00%, Source: 1300, Target: 1300, Unlabeled: 7400
Epoch [4/10], Loss: 1.3866, Accuracy: 49.69%, Source: 1400, Target: 1400, Unlabeled: 7200
Epoch [5/10], Loss: 1.3867, Accuracy: 50.32%, Source: 1500, Target: 1500, Unlabeled: 7000
Epoch [6/10], Loss: 1.3864, Accuracy: 50.63%, Source: 1600, Target: 1600, Unlabeled: 6800
Epoch [7/10], Loss: 1.3869, Accuracy: 50.41%, Source: 1700, Target: 1700, Unlabeled: 6600
Epoch [8/10], Loss: 1.3864, Accuracy: 50.09%, Source: 1800, Target: 1800, Unlabeled: 6400
Epoch [9/10], Loss: 1.3865, Accuracy: 50.58%, Source: 1900, Target: 1900, Unlabeled: 6200
Epoch [10/10], Loss: 1.3859, Accuracy: 50.50%, Source: 2000, Target: 2000, Unlabeled: 6000
Model saved as models/NormalMNIST_Test_20241123_235549.pth
Evaluation Test Accuracy: 49.10%, Source: 2000, Target: 2000, Unlabeled: 2000
===========================================================================================================
===========================================================================================================
===========================================================================================================
===========================================================================================================
Run Number is 3
Source Indices - Frequency: {0: 100, 1: 100, 2: 100, 3: 100, 4: 100, 5: 100, 6: 100, 7: 100, 8: 100, 9: 100}, Length: 1000
Target Indices - Frequency: {0: 100, 1: 100, 2: 100, 3: 100, 4: 100, 5: 100, 6: 100, 7: 100, 8: 100, 9: 100}, Length: 1000
Master Indices - Frequency: {0: 780, 1: 935, 2: 832, 3: 810, 4: 782, 5: 692, 6: 758, 7: 828, 8: 774, 9: 809}, Length: 8000
Intersection Check - Source & Target: set()
Intersection Check - Source & Master: set()
Intersection Check - Target & Master: set()
Epoch [1/10], Loss: 1.3929, Accuracy: 50.35%, Source: 1100, Target: 1100, Unlabeled: 7800
Epoch [2/10], Loss: 1.3878, Accuracy: 48.95%, Source: 1200, Target: 1200, Unlabeled: 7600
Epoch [3/10], Loss: 1.3872, Accuracy: 49.50%, Source: 1300, Target: 1300, Unlabeled: 7400
Epoch [4/10], Loss: 1.3862, Accuracy: 49.50%, Source: 1400, Target: 1400, Unlabeled: 7200
Epoch [5/10], Loss: 1.3869, Accuracy: 49.46%, Source: 1500, Target: 1500, Unlabeled: 7000
Epoch [6/10], Loss: 1.3863, Accuracy: 50.37%, Source: 1600, Target: 1600, Unlabeled: 6800
Epoch [7/10], Loss: 1.3865, Accuracy: 50.19%, Source: 1700, Target: 1700, Unlabeled: 6600
Epoch [8/10], Loss: 1.3860, Accuracy: 50.65%, Source: 1800, Target: 1800, Unlabeled: 6400
Epoch [9/10], Loss: 1.3868, Accuracy: 49.14%, Source: 1900, Target: 1900, Unlabeled: 6200
Epoch [10/10], Loss: 1.3864, Accuracy: 48.42%, Source: 2000, Target: 2000, Unlabeled: 6000
Model saved as models/NormalMNIST_Test_20241123_235549.pth
Evaluation Test Accuracy: 48.55%, Source: 2000, Target: 2000, Unlabeled: 2000
===========================================================================================================
===========================================================================================================
===========================================================================================================
===========================================================================================================
Run Number is 4
Source Indices - Frequency: {0: 100, 1: 100, 2: 100, 3: 100, 4: 100, 5: 100, 6: 100, 7: 100, 8: 100, 9: 100}, Length: 1000
Target Indices - Frequency: {0: 100, 1: 100, 2: 100, 3: 100, 4: 100, 5: 100, 6: 100, 7: 100, 8: 100, 9: 100}, Length: 1000
Master Indices - Frequency: {0: 780, 1: 935, 2: 832, 3: 810, 4: 782, 5: 692, 6: 758, 7: 828, 8: 774, 9: 809}, Length: 8000
Intersection Check - Source & Target: set()
Intersection Check - Source & Master: set()
Intersection Check - Target & Master: set()
Epoch [1/10], Loss: 1.3974, Accuracy: 48.50%, Source: 1100, Target: 1100, Unlabeled: 7800
Epoch [2/10], Loss: 1.3877, Accuracy: 50.09%, Source: 1200, Target: 1200, Unlabeled: 7600
Epoch [3/10], Loss: 1.3860, Accuracy: 50.92%, Source: 1300, Target: 1300, Unlabeled: 7400
Epoch [4/10], Loss: 1.3868, Accuracy: 49.31%, Source: 1400, Target: 1400, Unlabeled: 7200
Epoch [5/10], Loss: 1.3867, Accuracy: 50.14%, Source: 1500, Target: 1500, Unlabeled: 7000
Epoch [6/10], Loss: 1.3864, Accuracy: 50.23%, Source: 1600, Target: 1600, Unlabeled: 6800
Epoch [7/10], Loss: 1.3865, Accuracy: 49.31%, Source: 1700, Target: 1700, Unlabeled: 6600
Epoch [8/10], Loss: 1.3864, Accuracy: 50.44%, Source: 1800, Target: 1800, Unlabeled: 6400
Epoch [9/10], Loss: 1.3864, Accuracy: 49.06%, Source: 1900, Target: 1900, Unlabeled: 6200
Epoch [10/10], Loss: 1.3862, Accuracy: 50.61%, Source: 2000, Target: 2000, Unlabeled: 6000
Model saved as models/NormalMNIST_Test_20241123_235549.pth
Evaluation Test Accuracy: 49.80%, Source: 2000, Target: 2000, Unlabeled: 2000
===========================================================================================================
===========================================================================================================
===========================================================================================================
===========================================================================================================
Run Number is 5
Source Indices - Frequency: {0: 100, 1: 100, 2: 100, 3: 100, 4: 100, 5: 100, 6: 100, 7: 100, 8: 100, 9: 100}, Length: 1000
Target Indices - Frequency: {0: 100, 1: 100, 2: 100, 3: 100, 4: 100, 5: 100, 6: 100, 7: 100, 8: 100, 9: 100}, Length: 1000
Master Indices - Frequency: {0: 780, 1: 935, 2: 832, 3: 810, 4: 782, 5: 692, 6: 758, 7: 828, 8: 774, 9: 809}, Length: 8000
Intersection Check - Source & Target: set()
Intersection Check - Source & Master: set()
Intersection Check - Target & Master: set()
Epoch [1/10], Loss: 1.3954, Accuracy: 50.65%, Source: 1100, Target: 1100, Unlabeled: 7800
Epoch [2/10], Loss: 1.3863, Accuracy: 50.00%, Source: 1200, Target: 1200, Unlabeled: 7600
Epoch [3/10], Loss: 1.3874, Accuracy: 49.42%, Source: 1300, Target: 1300, Unlabeled: 7400
Epoch [4/10], Loss: 1.3869, Accuracy: 49.38%, Source: 1400, Target: 1400, Unlabeled: 7200
Epoch [5/10], Loss: 1.3866, Accuracy: 51.07%, Source: 1500, Target: 1500, Unlabeled: 7000
Epoch [6/10], Loss: 1.3867, Accuracy: 50.70%, Source: 1600, Target: 1600, Unlabeled: 6800
Epoch [7/10], Loss: 1.3861, Accuracy: 50.38%, Source: 1700, Target: 1700, Unlabeled: 6600
Epoch [8/10], Loss: 1.3861, Accuracy: 50.79%, Source: 1800, Target: 1800, Unlabeled: 6400
Epoch [9/10], Loss: 1.3858, Accuracy: 51.39%, Source: 1900, Target: 1900, Unlabeled: 6200
Epoch [10/10], Loss: 1.3863, Accuracy: 49.97%, Source: 2000, Target: 2000, Unlabeled: 6000
Model saved as models/NormalMNIST_Test_20241123_235549.pth
Evaluation Test Accuracy: 50.12%, Source: 2000, Target: 2000, Unlabeled: 2000
===========================================================================================================
===========================================================================================================
===========================================================================================================
===========================================================================================================
Run Number is 6
Source Indices - Frequency: {0: 100, 1: 100, 2: 100, 3: 100, 4: 100, 5: 100, 6: 100, 7: 100, 8: 100, 9: 100}, Length: 1000
Target Indices - Frequency: {0: 100, 1: 100, 2: 100, 3: 100, 4: 100, 5: 100, 6: 100, 7: 100, 8: 100, 9: 100}, Length: 1000
Master Indices - Frequency: {0: 780, 1: 935, 2: 832, 3: 810, 4: 782, 5: 692, 6: 758, 7: 828, 8: 774, 9: 809}, Length: 8000
Intersection Check - Source & Target: set()
Intersection Check - Source & Master: set()
Intersection Check - Target & Master: set()
Epoch [1/10], Loss: 1.4011, Accuracy: 50.65%, Source: 1100, Target: 1100, Unlabeled: 7800
Epoch [2/10], Loss: 1.3865, Accuracy: 48.50%, Source: 1200, Target: 1200, Unlabeled: 7600
Epoch [3/10], Loss: 1.3873, Accuracy: 49.29%, Source: 1300, Target: 1300, Unlabeled: 7400
Epoch [4/10], Loss: 1.3870, Accuracy: 48.23%, Source: 1400, Target: 1400, Unlabeled: 7200
Epoch [5/10], Loss: 1.3864, Accuracy: 51.32%, Source: 1500, Target: 1500, Unlabeled: 7000
Epoch [6/10], Loss: 1.3864, Accuracy: 50.60%, Source: 1600, Target: 1600, Unlabeled: 6800
Epoch [7/10], Loss: 1.3855, Accuracy: 51.84%, Source: 1700, Target: 1700, Unlabeled: 6600
Epoch [8/10], Loss: 1.3857, Accuracy: 50.71%, Source: 1800, Target: 1800, Unlabeled: 6400
Epoch [9/10], Loss: 1.3858, Accuracy: 51.06%, Source: 1900, Target: 1900, Unlabeled: 6200
Epoch [10/10], Loss: 1.3876, Accuracy: 48.97%, Source: 2000, Target: 2000, Unlabeled: 6000
Model saved as models/NormalMNIST_Test_20241123_235549.pth
Evaluation Test Accuracy: 50.52%, Source: 2000, Target: 2000, Unlabeled: 2000
===========================================================================================================
===========================================================================================================
===========================================================================================================
===========================================================================================================
Run Number is 7
Source Indices - Frequency: {0: 100, 1: 100, 2: 100, 3: 100, 4: 100, 5: 100, 6: 100, 7: 100, 8: 100, 9: 100}, Length: 1000
Target Indices - Frequency: {0: 100, 1: 100, 2: 100, 3: 100, 4: 100, 5: 100, 6: 100, 7: 100, 8: 100, 9: 100}, Length: 1000
Master Indices - Frequency: {0: 780, 1: 935, 2: 832, 3: 810, 4: 782, 5: 692, 6: 758, 7: 828, 8: 774, 9: 809}, Length: 8000
Intersection Check - Source & Target: set()
Intersection Check - Source & Master: set()
Intersection Check - Target & Master: set()
Epoch [1/10], Loss: 1.3946, Accuracy: 49.30%, Source: 1100, Target: 1100, Unlabeled: 7800
Epoch [2/10], Loss: 1.3882, Accuracy: 49.27%, Source: 1200, Target: 1200, Unlabeled: 7600
Epoch [3/10], Loss: 1.3866, Accuracy: 49.54%, Source: 1300, Target: 1300, Unlabeled: 7400
Epoch [4/10], Loss: 1.3864, Accuracy: 51.35%, Source: 1400, Target: 1400, Unlabeled: 7200
Epoch [5/10], Loss: 1.3873, Accuracy: 49.18%, Source: 1500, Target: 1500, Unlabeled: 7000
Epoch [6/10], Loss: 1.3861, Accuracy: 50.80%, Source: 1600, Target: 1600, Unlabeled: 6800
Epoch [7/10], Loss: 1.3863, Accuracy: 49.81%, Source: 1700, Target: 1700, Unlabeled: 6600
Epoch [8/10], Loss: 1.3866, Accuracy: 50.35%, Source: 1800, Target: 1800, Unlabeled: 6400
Epoch [9/10], Loss: 1.3864, Accuracy: 49.81%, Source: 1900, Target: 1900, Unlabeled: 6200
Epoch [10/10], Loss: 1.3863, Accuracy: 49.95%, Source: 2000, Target: 2000, Unlabeled: 6000
Model saved as models/NormalMNIST_Test_20241123_235549.pth
Evaluation Test Accuracy: 48.08%, Source: 2000, Target: 2000, Unlabeled: 2000
===========================================================================================================
===========================================================================================================
===========================================================================================================
===========================================================================================================
Run Number is 8
Source Indices - Frequency: {0: 100, 1: 100, 2: 100, 3: 100, 4: 100, 5: 100, 6: 100, 7: 100, 8: 100, 9: 100}, Length: 1000
Target Indices - Frequency: {0: 100, 1: 100, 2: 100, 3: 100, 4: 100, 5: 100, 6: 100, 7: 100, 8: 100, 9: 100}, Length: 1000
Master Indices - Frequency: {0: 780, 1: 935, 2: 832, 3: 810, 4: 782, 5: 692, 6: 758, 7: 828, 8: 774, 9: 809}, Length: 8000
Intersection Check - Source & Target: set()
Intersection Check - Source & Master: set()
Intersection Check - Target & Master: set()
Epoch [1/10], Loss: 1.4020, Accuracy: 51.50%, Source: 1100, Target: 1100, Unlabeled: 7800
Epoch [2/10], Loss: 1.3860, Accuracy: 49.50%, Source: 1200, Target: 1200, Unlabeled: 7600
Epoch [3/10], Loss: 1.3866, Accuracy: 50.12%, Source: 1300, Target: 1300, Unlabeled: 7400
Epoch [4/10], Loss: 1.3869, Accuracy: 48.96%, Source: 1400, Target: 1400, Unlabeled: 7200
Epoch [5/10], Loss: 1.3867, Accuracy: 49.68%, Source: 1500, Target: 1500, Unlabeled: 7000
Epoch [6/10], Loss: 1.3870, Accuracy: 50.60%, Source: 1600, Target: 1600, Unlabeled: 6800
Epoch [7/10], Loss: 1.3866, Accuracy: 50.38%, Source: 1700, Target: 1700, Unlabeled: 6600
Epoch [8/10], Loss: 1.3867, Accuracy: 50.47%, Source: 1800, Target: 1800, Unlabeled: 6400
Epoch [9/10], Loss: 1.3866, Accuracy: 50.28%, Source: 1900, Target: 1900, Unlabeled: 6200
Epoch [10/10], Loss: 1.3870, Accuracy: 49.58%, Source: 2000, Target: 2000, Unlabeled: 6000
Model saved as models/NormalMNIST_Test_20241123_235549.pth
Evaluation Test Accuracy: 48.30%, Source: 2000, Target: 2000, Unlabeled: 2000
===========================================================================================================
===========================================================================================================
===========================================================================================================
===========================================================================================================
Run Number is 9
Source Indices - Frequency: {0: 100, 1: 100, 2: 100, 3: 100, 4: 100, 5: 100, 6: 100, 7: 100, 8: 100, 9: 100}, Length: 1000
Target Indices - Frequency: {0: 100, 1: 100, 2: 100, 3: 100, 4: 100, 5: 100, 6: 100, 7: 100, 8: 100, 9: 100}, Length: 1000
Master Indices - Frequency: {0: 780, 1: 935, 2: 832, 3: 810, 4: 782, 5: 692, 6: 758, 7: 828, 8: 774, 9: 809}, Length: 8000
Intersection Check - Source & Target: set()
Intersection Check - Source & Master: set()
Intersection Check - Target & Master: set()
Epoch [1/10], Loss: 1.3978, Accuracy: 48.25%, Source: 1100, Target: 1100, Unlabeled: 7800
Epoch [2/10], Loss: 1.3864, Accuracy: 49.86%, Source: 1200, Target: 1200, Unlabeled: 7600
Epoch [3/10], Loss: 1.3867, Accuracy: 48.96%, Source: 1300, Target: 1300, Unlabeled: 7400
Epoch [4/10], Loss: 1.3865, Accuracy: 49.73%, Source: 1400, Target: 1400, Unlabeled: 7200
Epoch [5/10], Loss: 1.3863, Accuracy: 49.46%, Source: 1500, Target: 1500, Unlabeled: 7000
Epoch [6/10], Loss: 1.3865, Accuracy: 48.97%, Source: 1600, Target: 1600, Unlabeled: 6800
Epoch [7/10], Loss: 1.3862, Accuracy: 51.34%, Source: 1700, Target: 1700, Unlabeled: 6600
Epoch [8/10], Loss: 1.3863, Accuracy: 49.74%, Source: 1800, Target: 1800, Unlabeled: 6400
Epoch [9/10], Loss: 1.3865, Accuracy: 50.58%, Source: 1900, Target: 1900, Unlabeled: 6200
Epoch [10/10], Loss: 1.3864, Accuracy: 49.53%, Source: 2000, Target: 2000, Unlabeled: 6000
Model saved as models/NormalMNIST_Test_20241123_235549.pth
Evaluation Test Accuracy: 51.10%, Source: 2000, Target: 2000, Unlabeled: 2000
===========================================================================================================
===========================================================================================================
===========================================================================================================
===========================================================================================================
Run Number is 10
Source Indices - Frequency: {0: 100, 1: 100, 2: 100, 3: 100, 4: 100, 5: 100, 6: 100, 7: 100, 8: 100, 9: 100}, Length: 1000
Target Indices - Frequency: {0: 100, 1: 100, 2: 100, 3: 100, 4: 100, 5: 100, 6: 100, 7: 100, 8: 100, 9: 100}, Length: 1000
Master Indices - Frequency: {0: 780, 1: 935, 2: 832, 3: 810, 4: 782, 5: 692, 6: 758, 7: 828, 8: 774, 9: 809}, Length: 8000
Intersection Check - Source & Target: set()
Intersection Check - Source & Master: set()
Intersection Check - Target & Master: set()
Epoch [1/10], Loss: 1.3939, Accuracy: 50.55%, Source: 1100, Target: 1100, Unlabeled: 7800
Epoch [2/10], Loss: 1.3874, Accuracy: 48.55%, Source: 1200, Target: 1200, Unlabeled: 7600
Epoch [3/10], Loss: 1.3862, Accuracy: 50.75%, Source: 1300, Target: 1300, Unlabeled: 7400
Epoch [4/10], Loss: 1.3873, Accuracy: 51.12%, Source: 1400, Target: 1400, Unlabeled: 7200
Epoch [5/10], Loss: 1.3868, Accuracy: 50.32%, Source: 1500, Target: 1500, Unlabeled: 7000
Epoch [6/10], Loss: 1.3863, Accuracy: 49.63%, Source: 1600, Target: 1600, Unlabeled: 6800
Epoch [7/10], Loss: 1.3862, Accuracy: 49.53%, Source: 1700, Target: 1700, Unlabeled: 6600
Epoch [8/10], Loss: 1.3865, Accuracy: 50.21%, Source: 1800, Target: 1800, Unlabeled: 6400
Epoch [9/10], Loss: 1.3868, Accuracy: 49.78%, Source: 1900, Target: 1900, Unlabeled: 6200
Epoch [10/10], Loss: 1.3858, Accuracy: 50.68%, Source: 2000, Target: 2000, Unlabeled: 6000
Model saved as models/NormalMNIST_Test_20241123_235549.pth
Evaluation Test Accuracy: 49.05%, Source: 2000, Target: 2000, Unlabeled: 2000
===========================================================================================================
===========================================================================================================
===========================================================================================================
===========================================================================================================
Run Number is 11
Source Indices - Frequency: {0: 100, 1: 100, 2: 100, 3: 100, 4: 100, 5: 100, 6: 100, 7: 100, 8: 100, 9: 100}, Length: 1000
Target Indices - Frequency: {0: 100, 1: 100, 2: 100, 3: 100, 4: 100, 5: 100, 6: 100, 7: 100, 8: 100, 9: 100}, Length: 1000
Master Indices - Frequency: {0: 780, 1: 935, 2: 832, 3: 810, 4: 782, 5: 692, 6: 758, 7: 828, 8: 774, 9: 809}, Length: 8000
Intersection Check - Source & Target: set()
Intersection Check - Source & Master: set()
Intersection Check - Target & Master: set()
Epoch [1/10], Loss: 1.3984, Accuracy: 50.60%, Source: 1100, Target: 1100, Unlabeled: 7800
Epoch [2/10], Loss: 1.3868, Accuracy: 50.59%, Source: 1200, Target: 1200, Unlabeled: 7600
Epoch [3/10], Loss: 1.3883, Accuracy: 51.21%, Source: 1300, Target: 1300, Unlabeled: 7400
Epoch [4/10], Loss: 1.3877, Accuracy: 49.42%, Source: 1400, Target: 1400, Unlabeled: 7200
Epoch [5/10], Loss: 1.3862, Accuracy: 50.04%, Source: 1500, Target: 1500, Unlabeled: 7000
Epoch [6/10], Loss: 1.3879, Accuracy: 48.23%, Source: 1600, Target: 1600, Unlabeled: 6800
Epoch [7/10], Loss: 1.3863, Accuracy: 50.28%, Source: 1700, Target: 1700, Unlabeled: 6600
Epoch [8/10], Loss: 1.3858, Accuracy: 51.38%, Source: 1800, Target: 1800, Unlabeled: 6400
Epoch [9/10], Loss: 1.3879, Accuracy: 49.89%, Source: 1900, Target: 1900, Unlabeled: 6200
Epoch [10/10], Loss: 1.3862, Accuracy: 49.39%, Source: 2000, Target: 2000, Unlabeled: 6000
Model saved as models/NormalMNIST_Test_20241123_235549.pth
Evaluation Test Accuracy: 50.02%, Source: 2000, Target: 2000, Unlabeled: 2000
===========================================================================================================
===========================================================================================================
===========================================================================================================
===========================================================================================================
Run Number is 12
Source Indices - Frequency: {0: 100, 1: 100, 2: 100, 3: 100, 4: 100, 5: 100, 6: 100, 7: 100, 8: 100, 9: 100}, Length: 1000
Target Indices - Frequency: {0: 100, 1: 100, 2: 100, 3: 100, 4: 100, 5: 100, 6: 100, 7: 100, 8: 100, 9: 100}, Length: 1000
Master Indices - Frequency: {0: 780, 1: 935, 2: 832, 3: 810, 4: 782, 5: 692, 6: 758, 7: 828, 8: 774, 9: 809}, Length: 8000
Intersection Check - Source & Target: set()
Intersection Check - Source & Master: set()
Intersection Check - Target & Master: set()
Epoch [1/10], Loss: 1.3961, Accuracy: 51.50%, Source: 1100, Target: 1100, Unlabeled: 7800
Epoch [2/10], Loss: 1.3871, Accuracy: 51.41%, Source: 1200, Target: 1200, Unlabeled: 7600
Epoch [3/10], Loss: 1.3868, Accuracy: 49.58%, Source: 1300, Target: 1300, Unlabeled: 7400
Epoch [4/10], Loss: 1.3869, Accuracy: 50.85%, Source: 1400, Target: 1400, Unlabeled: 7200
Epoch [5/10], Loss: 1.3866, Accuracy: 49.64%, Source: 1500, Target: 1500, Unlabeled: 7000
Epoch [6/10], Loss: 1.3863, Accuracy: 51.43%, Source: 1600, Target: 1600, Unlabeled: 6800
Epoch [7/10], Loss: 1.3853, Accuracy: 50.47%, Source: 1700, Target: 1700, Unlabeled: 6600
Epoch [8/10], Loss: 1.3854, Accuracy: 52.09%, Source: 1800, Target: 1800, Unlabeled: 6400
Epoch [9/10], Loss: 1.3852, Accuracy: 51.67%, Source: 1900, Target: 1900, Unlabeled: 6200
Epoch [10/10], Loss: 1.3838, Accuracy: 52.05%, Source: 2000, Target: 2000, Unlabeled: 6000
Model saved as models/NormalMNIST_Test_20241123_235549.pth
Evaluation Test Accuracy: 50.58%, Source: 2000, Target: 2000, Unlabeled: 2000
===========================================================================================================
===========================================================================================================
===========================================================================================================
===========================================================================================================
Run Number is 13
Source Indices - Frequency: {0: 100, 1: 100, 2: 100, 3: 100, 4: 100, 5: 100, 6: 100, 7: 100, 8: 100, 9: 100}, Length: 1000
Target Indices - Frequency: {0: 100, 1: 100, 2: 100, 3: 100, 4: 100, 5: 100, 6: 100, 7: 100, 8: 100, 9: 100}, Length: 1000
Master Indices - Frequency: {0: 780, 1: 935, 2: 832, 3: 810, 4: 782, 5: 692, 6: 758, 7: 828, 8: 774, 9: 809}, Length: 8000
Intersection Check - Source & Target: set()
Intersection Check - Source & Master: set()
Intersection Check - Target & Master: set()
Epoch [1/10], Loss: 1.3982, Accuracy: 49.10%, Source: 1100, Target: 1100, Unlabeled: 7800
Epoch [2/10], Loss: 1.3866, Accuracy: 49.86%, Source: 1200, Target: 1200, Unlabeled: 7600
Epoch [3/10], Loss: 1.3863, Accuracy: 50.21%, Source: 1300, Target: 1300, Unlabeled: 7400
Epoch [4/10], Loss: 1.3870, Accuracy: 49.96%, Source: 1400, Target: 1400, Unlabeled: 7200
Epoch [5/10], Loss: 1.3869, Accuracy: 49.96%, Source: 1500, Target: 1500, Unlabeled: 7000
Epoch [6/10], Loss: 1.3858, Accuracy: 51.53%, Source: 1600, Target: 1600, Unlabeled: 6800
Epoch [7/10], Loss: 1.3865, Accuracy: 49.16%, Source: 1700, Target: 1700, Unlabeled: 6600
Epoch [8/10], Loss: 1.3854, Accuracy: 51.12%, Source: 1800, Target: 1800, Unlabeled: 6400
Epoch [9/10], Loss: 1.3864, Accuracy: 50.67%, Source: 1900, Target: 1900, Unlabeled: 6200
Epoch [10/10], Loss: 1.3848, Accuracy: 51.37%, Source: 2000, Target: 2000, Unlabeled: 6000
Model saved as models/NormalMNIST_Test_20241123_235549.pth
Evaluation Test Accuracy: 49.70%, Source: 2000, Target: 2000, Unlabeled: 2000
===========================================================================================================
===========================================================================================================
===========================================================================================================
===========================================================================================================
Run Number is 14
Source Indices - Frequency: {0: 100, 1: 100, 2: 100, 3: 100, 4: 100, 5: 100, 6: 100, 7: 100, 8: 100, 9: 100}, Length: 1000
Target Indices - Frequency: {0: 100, 1: 100, 2: 100, 3: 100, 4: 100, 5: 100, 6: 100, 7: 100, 8: 100, 9: 100}, Length: 1000
Master Indices - Frequency: {0: 780, 1: 935, 2: 832, 3: 810, 4: 782, 5: 692, 6: 758, 7: 828, 8: 774, 9: 809}, Length: 8000
Intersection Check - Source & Target: set()
Intersection Check - Source & Master: set()
Intersection Check - Target & Master: set()
Epoch [1/10], Loss: 1.3936, Accuracy: 48.90%, Source: 1100, Target: 1100, Unlabeled: 7800
Epoch [2/10], Loss: 1.3871, Accuracy: 50.82%, Source: 1200, Target: 1200, Unlabeled: 7600
Epoch [3/10], Loss: 1.3865, Accuracy: 50.38%, Source: 1300, Target: 1300, Unlabeled: 7400
Epoch [4/10], Loss: 1.3869, Accuracy: 50.77%, Source: 1400, Target: 1400, Unlabeled: 7200
Epoch [5/10], Loss: 1.3875, Accuracy: 50.18%, Source: 1500, Target: 1500, Unlabeled: 7000
Epoch [6/10], Loss: 1.3868, Accuracy: 49.27%, Source: 1600, Target: 1600, Unlabeled: 6800
Epoch [7/10], Loss: 1.3859, Accuracy: 50.25%, Source: 1700, Target: 1700, Unlabeled: 6600
Epoch [8/10], Loss: 1.3860, Accuracy: 50.35%, Source: 1800, Target: 1800, Unlabeled: 6400
Epoch [9/10], Loss: 1.3862, Accuracy: 50.81%, Source: 1900, Target: 1900, Unlabeled: 6200
Epoch [10/10], Loss: 1.3861, Accuracy: 50.79%, Source: 2000, Target: 2000, Unlabeled: 6000
Model saved as models/NormalMNIST_Test_20241123_235549.pth
Evaluation Test Accuracy: 49.75%, Source: 2000, Target: 2000, Unlabeled: 2000
===========================================================================================================
===========================================================================================================
===========================================================================================================
===========================================================================================================
Run Number is 15
Source Indices - Frequency: {0: 100, 1: 100, 2: 100, 3: 100, 4: 100, 5: 100, 6: 100, 7: 100, 8: 100, 9: 100}, Length: 1000
Target Indices - Frequency: {0: 100, 1: 100, 2: 100, 3: 100, 4: 100, 5: 100, 6: 100, 7: 100, 8: 100, 9: 100}, Length: 1000
Master Indices - Frequency: {0: 780, 1: 935, 2: 832, 3: 810, 4: 782, 5: 692, 6: 758, 7: 828, 8: 774, 9: 809}, Length: 8000
Intersection Check - Source & Target: set()
Intersection Check - Source & Master: set()
Intersection Check - Target & Master: set()
Epoch [1/10], Loss: 1.3941, Accuracy: 49.60%, Source: 1100, Target: 1100, Unlabeled: 7800
Epoch [2/10], Loss: 1.3858, Accuracy: 51.55%, Source: 1200, Target: 1200, Unlabeled: 7600
Epoch [3/10], Loss: 1.3873, Accuracy: 49.62%, Source: 1300, Target: 1300, Unlabeled: 7400
Epoch [4/10], Loss: 1.3864, Accuracy: 50.23%, Source: 1400, Target: 1400, Unlabeled: 7200
Epoch [5/10], Loss: 1.3872, Accuracy: 48.61%, Source: 1500, Target: 1500, Unlabeled: 7000
Epoch [6/10], Loss: 1.3856, Accuracy: 50.63%, Source: 1600, Target: 1600, Unlabeled: 6800
Epoch [7/10], Loss: 1.3865, Accuracy: 50.12%, Source: 1700, Target: 1700, Unlabeled: 6600
Epoch [8/10], Loss: 1.3871, Accuracy: 48.82%, Source: 1800, Target: 1800, Unlabeled: 6400
Epoch [9/10], Loss: 1.3864, Accuracy: 50.14%, Source: 1900, Target: 1900, Unlabeled: 6200
Epoch [10/10], Loss: 1.3861, Accuracy: 50.21%, Source: 2000, Target: 2000, Unlabeled: 6000
Model saved as models/NormalMNIST_Test_20241123_235549.pth
Evaluation Test Accuracy: 50.15%, Source: 2000, Target: 2000, Unlabeled: 2000
===========================================================================================================
===========================================================================================================
===========================================================================================================
===========================================================================================================
Run Number is 16
Source Indices - Frequency: {0: 100, 1: 100, 2: 100, 3: 100, 4: 100, 5: 100, 6: 100, 7: 100, 8: 100, 9: 100}, Length: 1000
Target Indices - Frequency: {0: 100, 1: 100, 2: 100, 3: 100, 4: 100, 5: 100, 6: 100, 7: 100, 8: 100, 9: 100}, Length: 1000
Master Indices - Frequency: {0: 780, 1: 935, 2: 832, 3: 810, 4: 782, 5: 692, 6: 758, 7: 828, 8: 774, 9: 809}, Length: 8000
Intersection Check - Source & Target: set()
Intersection Check - Source & Master: set()
Intersection Check - Target & Master: set()
Epoch [1/10], Loss: 1.4034, Accuracy: 49.85%, Source: 1100, Target: 1100, Unlabeled: 7800
Epoch [2/10], Loss: 1.3857, Accuracy: 51.09%, Source: 1200, Target: 1200, Unlabeled: 7600
Epoch [3/10], Loss: 1.3855, Accuracy: 50.92%, Source: 1300, Target: 1300, Unlabeled: 7400
Epoch [4/10], Loss: 1.3882, Accuracy: 49.85%, Source: 1400, Target: 1400, Unlabeled: 7200
Epoch [5/10], Loss: 1.3861, Accuracy: 50.36%, Source: 1500, Target: 1500, Unlabeled: 7000
Epoch [6/10], Loss: 1.3858, Accuracy: 51.37%, Source: 1600, Target: 1600, Unlabeled: 6800
Epoch [7/10], Loss: 1.3867, Accuracy: 49.44%, Source: 1700, Target: 1700, Unlabeled: 6600
Epoch [8/10], Loss: 1.3859, Accuracy: 51.94%, Source: 1800, Target: 1800, Unlabeled: 6400
Epoch [9/10], Loss: 1.3861, Accuracy: 51.50%, Source: 1900, Target: 1900, Unlabeled: 6200
Epoch [10/10], Loss: 1.3865, Accuracy: 50.26%, Source: 2000, Target: 2000, Unlabeled: 6000
Model saved as models/NormalMNIST_Test_20241123_235549.pth
Evaluation Test Accuracy: 50.12%, Source: 2000, Target: 2000, Unlabeled: 2000
===========================================================================================================
===========================================================================================================
===========================================================================================================
===========================================================================================================
Run Number is 17
Source Indices - Frequency: {0: 100, 1: 100, 2: 100, 3: 100, 4: 100, 5: 100, 6: 100, 7: 100, 8: 100, 9: 100}, Length: 1000
Target Indices - Frequency: {0: 100, 1: 100, 2: 100, 3: 100, 4: 100, 5: 100, 6: 100, 7: 100, 8: 100, 9: 100}, Length: 1000
Master Indices - Frequency: {0: 780, 1: 935, 2: 832, 3: 810, 4: 782, 5: 692, 6: 758, 7: 828, 8: 774, 9: 809}, Length: 8000
Intersection Check - Source & Target: set()
Intersection Check - Source & Master: set()
Intersection Check - Target & Master: set()
Epoch [1/10], Loss: 1.3990, Accuracy: 49.15%, Source: 1100, Target: 1100, Unlabeled: 7800
Epoch [2/10], Loss: 1.3858, Accuracy: 50.50%, Source: 1200, Target: 1200, Unlabeled: 7600
Epoch [3/10], Loss: 1.3853, Accuracy: 52.50%, Source: 1300, Target: 1300, Unlabeled: 7400
Epoch [4/10], Loss: 1.3869, Accuracy: 51.08%, Source: 1400, Target: 1400, Unlabeled: 7200
Epoch [5/10], Loss: 1.3855, Accuracy: 51.18%, Source: 1500, Target: 1500, Unlabeled: 7000
Epoch [6/10], Loss: 1.3876, Accuracy: 50.60%, Source: 1600, Target: 1600, Unlabeled: 6800
Epoch [7/10], Loss: 1.3859, Accuracy: 51.81%, Source: 1700, Target: 1700, Unlabeled: 6600
Epoch [8/10], Loss: 1.3855, Accuracy: 51.82%, Source: 1800, Target: 1800, Unlabeled: 6400
Epoch [9/10], Loss: 1.3860, Accuracy: 50.92%, Source: 1900, Target: 1900, Unlabeled: 6200
Epoch [10/10], Loss: 1.3865, Accuracy: 50.76%, Source: 2000, Target: 2000, Unlabeled: 6000
Model saved as models/NormalMNIST_Test_20241123_235549.pth
Evaluation Test Accuracy: 50.78%, Source: 2000, Target: 2000, Unlabeled: 2000
===========================================================================================================
===========================================================================================================
===========================================================================================================
===========================================================================================================
Run Number is 18
Source Indices - Frequency: {0: 100, 1: 100, 2: 100, 3: 100, 4: 100, 5: 100, 6: 100, 7: 100, 8: 100, 9: 100}, Length: 1000
Target Indices - Frequency: {0: 100, 1: 100, 2: 100, 3: 100, 4: 100, 5: 100, 6: 100, 7: 100, 8: 100, 9: 100}, Length: 1000
Master Indices - Frequency: {0: 780, 1: 935, 2: 832, 3: 810, 4: 782, 5: 692, 6: 758, 7: 828, 8: 774, 9: 809}, Length: 8000
Intersection Check - Source & Target: set()
Intersection Check - Source & Master: set()
Intersection Check - Target & Master: set()
Epoch [1/10], Loss: 1.3929, Accuracy: 51.40%, Source: 1100, Target: 1100, Unlabeled: 7800
Epoch [2/10], Loss: 1.3873, Accuracy: 49.50%, Source: 1200, Target: 1200, Unlabeled: 7600
Epoch [3/10], Loss: 1.3862, Accuracy: 49.83%, Source: 1300, Target: 1300, Unlabeled: 7400
Epoch [4/10], Loss: 1.3864, Accuracy: 50.23%, Source: 1400, Target: 1400, Unlabeled: 7200
Epoch [5/10], Loss: 1.3874, Accuracy: 49.82%, Source: 1500, Target: 1500, Unlabeled: 7000
Epoch [6/10], Loss: 1.3870, Accuracy: 49.63%, Source: 1600, Target: 1600, Unlabeled: 6800
Epoch [7/10], Loss: 1.3859, Accuracy: 50.78%, Source: 1700, Target: 1700, Unlabeled: 6600
Epoch [8/10], Loss: 1.3871, Accuracy: 50.50%, Source: 1800, Target: 1800, Unlabeled: 6400
Epoch [9/10], Loss: 1.3861, Accuracy: 50.61%, Source: 1900, Target: 1900, Unlabeled: 6200
Epoch [10/10], Loss: 1.3863, Accuracy: 50.87%, Source: 2000, Target: 2000, Unlabeled: 6000
Model saved as models/NormalMNIST_Test_20241123_235549.pth
Evaluation Test Accuracy: 47.45%, Source: 2000, Target: 2000, Unlabeled: 2000
===========================================================================================================
===========================================================================================================
===========================================================================================================
===========================================================================================================
Run Number is 19
Source Indices - Frequency: {0: 100, 1: 100, 2: 100, 3: 100, 4: 100, 5: 100, 6: 100, 7: 100, 8: 100, 9: 100}, Length: 1000
Target Indices - Frequency: {0: 100, 1: 100, 2: 100, 3: 100, 4: 100, 5: 100, 6: 100, 7: 100, 8: 100, 9: 100}, Length: 1000
Master Indices - Frequency: {0: 780, 1: 935, 2: 832, 3: 810, 4: 782, 5: 692, 6: 758, 7: 828, 8: 774, 9: 809}, Length: 8000
Intersection Check - Source & Target: set()
Intersection Check - Source & Master: set()
Intersection Check - Target & Master: set()
Epoch [1/10], Loss: 1.4001, Accuracy: 50.50%, Source: 1100, Target: 1100, Unlabeled: 7800
Epoch [2/10], Loss: 1.3862, Accuracy: 51.27%, Source: 1200, Target: 1200, Unlabeled: 7600
Epoch [3/10], Loss: 1.3872, Accuracy: 48.88%, Source: 1300, Target: 1300, Unlabeled: 7400
Epoch [4/10], Loss: 1.3863, Accuracy: 50.96%, Source: 1400, Target: 1400, Unlabeled: 7200
Epoch [5/10], Loss: 1.3862, Accuracy: 50.43%, Source: 1500, Target: 1500, Unlabeled: 7000
Epoch [6/10], Loss: 1.3853, Accuracy: 50.77%, Source: 1600, Target: 1600, Unlabeled: 6800
Epoch [7/10], Loss: 1.3861, Accuracy: 50.72%, Source: 1700, Target: 1700, Unlabeled: 6600
Epoch [8/10], Loss: 1.3864, Accuracy: 50.68%, Source: 1800, Target: 1800, Unlabeled: 6400
Epoch [9/10], Loss: 1.3868, Accuracy: 49.06%, Source: 1900, Target: 1900, Unlabeled: 6200
Epoch [10/10], Loss: 1.3867, Accuracy: 49.21%, Source: 2000, Target: 2000, Unlabeled: 6000
Model saved as models/NormalMNIST_Test_20241123_235549.pth
Evaluation Test Accuracy: 51.25%, Source: 2000, Target: 2000, Unlabeled: 2000
===========================================================================================================
===========================================================================================================
===========================================================================================================
===========================================================================================================
